#
# There is insufficient memory for the Java Runtime Environment to continue.
# Native memory allocation (malloc) failed to allocate 542096 bytes for Chunk::new
# Possible reasons:
#   The system is out of physical RAM or swap space
#   The process is running with CompressedOops enabled, and the Java Heap may be blocking the growth of the native heap
# Possible solutions:
#   Reduce memory load on the system
#   Increase physical memory or swap space
#   Check if swap backing store is full
#   Decrease Java heap size (-Xmx/-Xms)
#   Decrease number of Java threads
#   Decrease Java thread stack sizes (-Xss)
#   Set larger code cache with -XX:ReservedCodeCacheSize=
#   JVM is running with Unscaled Compressed Oops mode in which the Java heap is
#     placed in the first 4GB address space. The Java Heap base address is the
#     maximum limit for the native heap growth. Please use -XX:HeapBaseMinAddress
#     to set the Java Heap base and to place the Java Heap above 4GB virtual address.
# This output file may be truncated or incomplete.
#
#  Out of Memory Error (allocation.cpp:389), pid=12056, tid=0x0000000000003204
#
# JRE version: OpenJDK Runtime Environment (8.0_212-b04) (build 1.8.0_212-release-1586-b04)
# Java VM: OpenJDK 64-Bit Server VM (25.212-b04 mixed mode windows-amd64 compressed oops)
# Failed to write core dump. Minidumps are not enabled by default on client versions of Windows
#

---------------  T H R E A D  ---------------

Current thread (0x000000001808b800):  JavaThread "C2 CompilerThread1" daemon [_thread_in_native, id=12804, stack(0x0000000018a70000,0x0000000018b70000)]

Stack: [0x0000000018a70000,0x0000000018b70000]
[error occurred during error reporting (printing stack bounds), id 0xc0000005]

Native frames: (J=compiled Java code, j=interpreted, Vv=VM code, C=native code)


Current CompileTask:
C2:  41263 5451       4       sun.reflect.generics.parser.SignatureParser::parsePackageNameAndSimpleClassTypeSignature (139 bytes)


---------------  P R O C E S S  ---------------

Java Threads: ( => current thread )
  0x000000001f6af800 JavaThread "Cache worker for Build Output Cleanup Cache (C:\Users\saksh\AndroidStudioProjects\sahayak\.gradle\buildOutputCleanup)" [_thread_blocked, id=16372, stack(0x0000000023800000,0x0000000023900000)]
  0x000000001f6b2800 JavaThread "pool-1-thread-1" [_thread_blocked, id=16148, stack(0x0000000023500000,0x0000000023600000)]
  0x000000001f6b1800 JavaThread "Build operations Thread 8" [_thread_blocked, id=15408, stack(0x0000000023000000,0x0000000023100000)]
  0x000000001f6ab000 JavaThread "Build operations Thread 7" [_thread_blocked, id=15404, stack(0x0000000022f00000,0x0000000023000000)]
  0x000000001f6b1000 JavaThread "Build operations Thread 6" [_thread_blocked, id=15400, stack(0x0000000022e00000,0x0000000022f00000)]
  0x000000001f6a9800 JavaThread "Build operations Thread 5" [_thread_blocked, id=15396, stack(0x0000000022d00000,0x0000000022e00000)]
  0x000000001f6aa000 JavaThread "Build operations Thread 4" [_thread_blocked, id=15392, stack(0x0000000022c00000,0x0000000022d00000)]
  0x000000001f6ae800 JavaThread "Build operations Thread 3" [_thread_blocked, id=15388, stack(0x0000000022b00000,0x0000000022c00000)]
  0x000000001f6ae000 JavaThread "Build operations Thread 2" [_thread_blocked, id=15384, stack(0x0000000022a00000,0x0000000022b00000)]
  0x000000001f6ab800 JavaThread "Build operations" [_thread_blocked, id=15380, stack(0x0000000021680000,0x0000000021780000)]
  0x000000001f6ad000 JavaThread "Cache worker for execution history cache (C:\Users\saksh\.gradle\caches\5.6.4\executionHistory)" [_thread_blocked, id=5340, stack(0x0000000020d80000,0x0000000020e80000)]
  0x000000001a74a800 JavaThread "Cache worker for cache directory md-rule (C:\Users\saksh\.gradle\caches\5.6.4\md-rule)" [_thread_blocked, id=4088, stack(0x0000000020c80000,0x0000000020d80000)]
  0x000000001a74c000 JavaThread "Cache worker for cache directory md-supplier (C:\Users\saksh\.gradle\caches\5.6.4\md-supplier)" [_thread_blocked, id=14568, stack(0x0000000020b80000,0x0000000020c80000)]
  0x000000001a74e800 JavaThread "Cache worker for file hash cache (C:\Users\saksh\AndroidStudioProjects\sahayak\.gradle\5.6.4\fileHashes)" [_thread_blocked, id=13660, stack(0x000000001f1f0000,0x000000001f2f0000)]
  0x000000001a74d800 JavaThread "Cache worker for journal cache (C:\Users\saksh\.gradle\caches\journal-1)" [_thread_blocked, id=5948, stack(0x000000001ce90000,0x000000001cf90000)]
  0x000000001a74b800 JavaThread "File lock request listener" [_thread_in_native, id=14240, stack(0x000000001cd90000,0x000000001ce90000)]
  0x000000001a74d000 JavaThread "Cache worker for file hash cache (C:\Users\saksh\.gradle\caches\5.6.4\fileHashes)" [_thread_blocked, id=10520, stack(0x000000001ca90000,0x000000001cb90000)]
  0x0000000019456000 JavaThread "Thread-9" [_thread_blocked, id=13640, stack(0x000000001c990000,0x000000001ca90000)]
  0x000000001a4f4800 JavaThread "Stdin handler" [_thread_blocked, id=14668, stack(0x000000001c890000,0x000000001c990000)]
  0x0000000019cb6800 JavaThread "Asynchronous log dispatcher for DefaultDaemonConnection: socket connection from /127.0.0.1:50353 to /127.0.0.1:50354" [_thread_blocked, id=12232, stack(0x000000001c690000,0x000000001c790000)]
  0x0000000019cb3800 JavaThread "Daemon worker" [_thread_blocked, id=14264, stack(0x000000001c590000,0x000000001c690000)]
  0x00000000195c7800 JavaThread "Cancel handler" [_thread_blocked, id=4884, stack(0x000000001c490000,0x000000001c590000)]
  0x000000001959c800 JavaThread "Handler for socket connection from /127.0.0.1:50353 to /127.0.0.1:50354" [_thread_in_native, id=11752, stack(0x000000001c190000,0x000000001c290000)]
  0x000000001a3e9000 JavaThread "Daemon" [_thread_blocked, id=3400, stack(0x000000001c090000,0x000000001c190000)]
  0x0000000019708800 JavaThread "Daemon periodic checks" [_thread_blocked, id=9600, stack(0x000000001bf90000,0x000000001c090000)]
  0x0000000019418800 JavaThread "Incoming local TCP Connector on port 50353" [_thread_in_native, id=14116, stack(0x000000001bd50000,0x000000001be50000)]
  0x000000001916b800 JavaThread "Daemon health stats" [_thread_blocked, id=7120, stack(0x000000001b710000,0x000000001b810000)]
  0x000000001812a000 JavaThread "Service Thread" daemon [_thread_blocked, id=2456, stack(0x0000000018d70000,0x0000000018e70000)]
  0x000000001809c800 JavaThread "C1 CompilerThread3" daemon [_thread_blocked, id=12932, stack(0x0000000018c70000,0x0000000018d70000)]
  0x0000000018095800 JavaThread "C2 CompilerThread2" daemon [_thread_in_native, id=15132, stack(0x0000000018b70000,0x0000000018c70000)]
=>0x000000001808b800 JavaThread "C2 CompilerThread1" daemon [_thread_in_native, id=12804, stack(0x0000000018a70000,0x0000000018b70000)]
  0x0000000018088800 JavaThread "C2 CompilerThread0" daemon [_thread_in_native, id=8348, stack(0x0000000018970000,0x0000000018a70000)]
  0x0000000018088000 JavaThread "Attach Listener" daemon [_thread_blocked, id=2160, stack(0x0000000018870000,0x0000000018970000)]
  0x0000000018085000 JavaThread "Signal Dispatcher" daemon [_thread_blocked, id=6520, stack(0x0000000018770000,0x0000000018870000)]
  0x0000000002459000 JavaThread "Finalizer" daemon [_thread_blocked, id=7360, stack(0x0000000018560000,0x0000000018660000)]
  0x0000000002456000 JavaThread "Reference Handler" daemon [_thread_blocked, id=13944, stack(0x0000000018460000,0x0000000018560000)]
  0x000000000234e800 JavaThread "main" [_thread_blocked, id=1908, stack(0x0000000002240000,0x0000000002340000)]

Other Threads:
  0x0000000016248000 VMThread [stack: 0x0000000017f60000,0x0000000018060000] [id=9488]
  0x00000000180b1000 WatcherThread [stack: 0x0000000018e70000,0x0000000018f70000] [id=5856]

VM state:at safepoint (normal execution)

VM Mutex/Monitor currently owned by a thread:  ([mutex/lock_event])
[0x000000000234d030] Threads_lock - owner thread: 0x0000000016248000
[0x000000000234d2b0] Heap_lock - owner thread: 0x0000000019cb3800

heap address: 0x00000000a0000000, size: 1536 MB, Compressed Oops mode: 32-bit
Narrow klass base: 0x0000000000000000, Narrow klass shift: 3
Compressed class space size: 1073741824 Address: 0x0000000100000000

Heap:
 PSYoungGen      total 96256K, used 800K [0x00000000e0000000, 0x00000000e6e80000, 0x0000000100000000)
  eden space 83456K, 0% used [0x00000000e0000000,0x00000000e0000000,0x00000000e5180000)
  from space 12800K, 6% used [0x00000000e6200000,0x00000000e62c8000,0x00000000e6e80000)
  to   space 14848K, 0% used [0x00000000e5180000,0x00000000e5180000,0x00000000e6000000)
 ParOldGen       total 142336K, used 31255K [0x00000000a0000000, 0x00000000a8b00000, 0x00000000e0000000)
  object space 142336K, 21% used [0x00000000a0000000,0x00000000a1e85d00,0x00000000a8b00000)
 Metaspace       used 57223K, capacity 59088K, committed 59264K, reserved 1103872K
  class space    used 7765K, capacity 8239K, committed 8320K, reserved 1048576K

Card table byte_map: [0x0000000011830000,0x0000000011b40000] byte_map_base: 0x0000000011330000

Marking Bits: (ParMarkBitMap*) 0x000000005bd49f30
 Begin Bits: [0x0000000012540000, 0x0000000013d40000)
 End Bits:   [0x0000000013d40000, 0x0000000015540000)

Polling page: 0x0000000000520000

CodeCache: size=245760Kb used=17271Kb max_used=17470Kb free=228488Kb
 bounds [0x0000000002470000, 0x0000000003590000, 0x0000000011470000]
 total_blobs=5814 nmethods=5016 adapters=710
 compilation: enabled

Compilation events (10 events):
Event: 41.142 Thread 0x000000001809c800 nmethod 5558 0x00000000035757d0 code [0x0000000003575980, 0x0000000003575f08]
Event: 41.142 Thread 0x000000001809c800 5559       3       org.gradle.internal.instantiation.Jsr330ConstructorSelector$1::<init> (15 bytes)
Event: 41.142 Thread 0x000000001809c800 nmethod 5559 0x0000000003575410 code [0x0000000003575560, 0x0000000003575730]
Event: 41.142 Thread 0x000000001809c800 5560       1       org.gradle.api.internal.AbstractTask::getGroup (5 bytes)
Event: 41.143 Thread 0x000000001809c800 nmethod 5560 0x000000000356c590 code [0x000000000356c6e0, 0x000000000356c7f0]
Event: 41.145 Thread 0x000000001809c800 5561   !   3       com.sun.proxy.$Proxy20::annotationType (29 bytes)
Event: 41.146 Thread 0x000000001809c800 nmethod 5561 0x0000000003574c90 code [0x0000000003574e20, 0x0000000003575258]
Event: 41.148 Thread 0x000000001809c800 5562       3       org.gradle.internal.instantiation.AsmBackedClassGenerator$ClassBuilderImpl::addSetMethod (146 bytes)
Event: 41.148 Thread 0x0000000018095800 nmethod 5550 0x000000000357a650 code [0x000000000357a800, 0x000000000357ade0]
Event: 41.148 Thread 0x0000000018095800 5556       4       org.gradle.api.internal.provider.Collectors$TypedCollector::isProvidedBy (32 bytes)

GC Heap History (10 events):
Event: 32.093 GC heap before
{Heap before GC invocations=16 (full 2):
 PSYoungGen      total 64512K, used 60867K [0x00000000e0000000, 0x00000000e5380000, 0x0000000100000000)
  eden space 54272K, 100% used [0x00000000e0000000,0x00000000e3500000,0x00000000e3500000)
  from space 10240K, 64% used [0x00000000e3500000,0x00000000e3b70e50,0x00000000e3f00000)
  to   space 10240K, 0% used [0x00000000e4980000,0x00000000e4980000,0x00000000e5380000)
 ParOldGen       total 98816K, used 17208K [0x00000000a0000000, 0x00000000a6080000, 0x00000000e0000000)
  object space 98816K, 17% used [0x00000000a0000000,0x00000000a10ce020,0x00000000a6080000)
 Metaspace       used 45549K, capacity 46864K, committed 47104K, reserved 1089536K
  class space    used 6062K, capacity 6384K, committed 6400K, reserved 1048576K
Event: 32.109 GC heap after
Heap after GC invocations=16 (full 2):
 PSYoungGen      total 73728K, used 10219K [0x00000000e0000000, 0x00000000e5600000, 0x0000000100000000)
  eden space 63488K, 0% used [0x00000000e0000000,0x00000000e0000000,0x00000000e3e00000)
  from space 10240K, 99% used [0x00000000e4980000,0x00000000e537acf0,0x00000000e5380000)
  to   space 11776K, 0% used [0x00000000e3e00000,0x00000000e3e00000,0x00000000e4980000)
 ParOldGen       total 98816K, used 18424K [0x00000000a0000000, 0x00000000a6080000, 0x00000000e0000000)
  object space 98816K, 18% used [0x00000000a0000000,0x00000000a11fe2c0,0x00000000a6080000)
 Metaspace       used 45549K, capacity 46864K, committed 47104K, reserved 1089536K
  class space    used 6062K, capacity 6384K, committed 6400K, reserved 1048576K
}
Event: 37.425 GC heap before
{Heap before GC invocations=17 (full 2):
 PSYoungGen      total 73728K, used 73707K [0x00000000e0000000, 0x00000000e5600000, 0x0000000100000000)
  eden space 63488K, 100% used [0x00000000e0000000,0x00000000e3e00000,0x00000000e3e00000)
  from space 10240K, 99% used [0x00000000e4980000,0x00000000e537acf0,0x00000000e5380000)
  to   space 11776K, 0% used [0x00000000e3e00000,0x00000000e3e00000,0x00000000e4980000)
 ParOldGen       total 98816K, used 18424K [0x00000000a0000000, 0x00000000a6080000, 0x00000000e0000000)
  object space 98816K, 18% used [0x00000000a0000000,0x00000000a11fe2c0,0x00000000a6080000)
 Metaspace       used 51500K, capacity 52914K, committed 53248K, reserved 1095680K
  class space    used 6787K, capacity 7105K, committed 7168K, reserved 1048576K
Event: 37.440 GC heap after
Heap after GC invocations=17 (full 2):
 PSYoungGen      total 75264K, used 10343K [0x00000000e0000000, 0x00000000e6180000, 0x0000000100000000)
  eden space 63488K, 0% used [0x00000000e0000000,0x00000000e0000000,0x00000000e3e00000)
  from space 11776K, 87% used [0x00000000e3e00000,0x00000000e4819cc0,0x00000000e4980000)
  to   space 12800K, 0% used [0x00000000e5500000,0x00000000e5500000,0x00000000e6180000)
 ParOldGen       total 98816K, used 23338K [0x00000000a0000000, 0x00000000a6080000, 0x00000000e0000000)
  object space 98816K, 23% used [0x00000000a0000000,0x00000000a16caba0,0x00000000a6080000)
 Metaspace       used 51500K, capacity 52914K, committed 53248K, reserved 1095680K
  class space    used 6787K, capacity 7105K, committed 7168K, reserved 1048576K
}
Event: 39.857 GC heap before
{Heap before GC invocations=18 (full 2):
 PSYoungGen      total 75264K, used 73831K [0x00000000e0000000, 0x00000000e6180000, 0x0000000100000000)
  eden space 63488K, 100% used [0x00000000e0000000,0x00000000e3e00000,0x00000000e3e00000)
  from space 11776K, 87% used [0x00000000e3e00000,0x00000000e4819cc0,0x00000000e4980000)
  to   space 12800K, 0% used [0x00000000e5500000,0x00000000e5500000,0x00000000e6180000)
 ParOldGen       total 98816K, used 23338K [0x00000000a0000000, 0x00000000a6080000, 0x00000000e0000000)
  object space 98816K, 23% used [0x00000000a0000000,0x00000000a16caba0,0x00000000a6080000)
 Metaspace       used 55770K, capacity 57692K, committed 57984K, reserved 1099776K
  class space    used 7522K, capacity 7978K, committed 8064K, reserved 1048576K
Event: 39.877 GC heap after
Heap after GC invocations=18 (full 2):
 PSYoungGen      total 84992K, used 12794K [0x00000000e0000000, 0x00000000e6700000, 0x0000000100000000)
  eden space 72192K, 0% used [0x00000000e0000000,0x00000000e0000000,0x00000000e4680000)
  from space 12800K, 99% used [0x00000000e5500000,0x00000000e617e938,0x00000000e6180000)
  to   space 14848K, 0% used [0x00000000e4680000,0x00000000e4680000,0x00000000e5500000)
 ParOldGen       total 98816K, used 24521K [0x00000000a0000000, 0x00000000a6080000, 0x00000000e0000000)
  object space 98816K, 24% used [0x00000000a0000000,0x00000000a17f2728,0x00000000a6080000)
 Metaspace       used 55770K, capacity 57692K, committed 57984K, reserved 1099776K
  class space    used 7522K, capacity 7978K, committed 8064K, reserved 1048576K
}
Event: 40.480 GC heap before
{Heap before GC invocations=19 (full 2):
 PSYoungGen      total 84992K, used 36670K [0x00000000e0000000, 0x00000000e6700000, 0x0000000100000000)
  eden space 72192K, 33% used [0x00000000e0000000,0x00000000e1751280,0x00000000e4680000)
  from space 12800K, 99% used [0x00000000e5500000,0x00000000e617e938,0x00000000e6180000)
  to   space 14848K, 0% used [0x00000000e4680000,0x00000000e4680000,0x00000000e5500000)
 ParOldGen       total 98816K, used 24521K [0x00000000a0000000, 0x00000000a6080000, 0x00000000e0000000)
  object space 98816K, 24% used [0x00000000a0000000,0x00000000a17f2728,0x00000000a6080000)
 Metaspace       used 57002K, capacity 59034K, committed 59136K, reserved 1099776K
  class space    used 7723K, capacity 8191K, committed 8192K, reserved 1048576K
Event: 40.496 GC heap after
Heap after GC invocations=19 (full 2):
 PSYoungGen      total 87040K, used 5745K [0x00000000e0000000, 0x00000000e7000000, 0x0000000100000000)
  eden space 72192K, 0% used [0x00000000e0000000,0x00000000e0000000,0x00000000e4680000)
  from space 14848K, 38% used [0x00000000e4680000,0x00000000e4c1c5b0,0x00000000e5500000)
  to   space 14336K, 0% used [0x00000000e6200000,0x00000000e6200000,0x00000000e7000000)
 ParOldGen       total 98816K, used 31216K [0x00000000a0000000, 0x00000000a6080000, 0x00000000e0000000)
  object space 98816K, 31% used [0x00000000a0000000,0x00000000a1e7c2e0,0x00000000a6080000)
 Metaspace       used 57002K, capacity 59034K, committed 59136K, reserved 1099776K
  class space    used 7723K, capacity 8191K, committed 8192K, reserved 1048576K
}
Event: 40.496 GC heap before
{Heap before GC invocations=20 (full 3):
 PSYoungGen      total 87040K, used 5745K [0x00000000e0000000, 0x00000000e7000000, 0x0000000100000000)
  eden space 72192K, 0% used [0x00000000e0000000,0x00000000e0000000,0x00000000e4680000)
  from space 14848K, 38% used [0x00000000e4680000,0x00000000e4c1c5b0,0x00000000e5500000)
  to   space 14336K, 0% used [0x00000000e6200000,0x00000000e6200000,0x00000000e7000000)
 ParOldGen       total 98816K, used 31216K [0x00000000a0000000, 0x00000000a6080000, 0x00000000e0000000)
  object space 98816K, 31% used [0x00000000a0000000,0x00000000a1e7c2e0,0x00000000a6080000)
 Metaspace       used 57002K, capacity 59034K, committed 59136K, reserved 1099776K
  class space    used 7723K, capacity 8191K, committed 8192K, reserved 1048576K
Event: 40.973 GC heap after
Heap after GC invocations=20 (full 3):
 PSYoungGen      total 87040K, used 0K [0x00000000e0000000, 0x00000000e7000000, 0x0000000100000000)
  eden space 72192K, 0% used [0x00000000e0000000,0x00000000e0000000,0x00000000e4680000)
  from space 14848K, 0% used [0x00000000e4680000,0x00000000e4680000,0x00000000e5500000)
  to   space 14336K, 0% used [0x00000000e6200000,0x00000000e6200000,0x00000000e7000000)
 ParOldGen       total 142336K, used 31247K [0x00000000a0000000, 0x00000000a8b00000, 0x00000000e0000000)
  object space 142336K, 21% used [0x00000000a0000000,0x00000000a1e83d00,0x00000000a8b00000)
 Metaspace       used 56948K, capacity 58856K, committed 59136K, reserved 1099776K
  class space    used 7707K, capacity 8167K, committed 8192K, reserved 1048576K
}

Deoptimization events (10 events):
Event: 39.523 Thread 0x0000000019cb3800 Uncommon trap: reason=unstable_if action=reinterpret pc=0x0000000003403094 method=groovy.lang.MetaClassImpl.filterPropertyMethod(Ljava/lang/Object;ZZ)Ljava/lang/Object; @ 187
Event: 39.576 Thread 0x0000000019cb3800 Uncommon trap: reason=unstable_if action=reinterpret pc=0x00000000032c54a4 method=java.util.TreeMap.put(Ljava/lang/Object;Ljava/lang/Object;)Ljava/lang/Object; @ 163
Event: 39.589 Thread 0x0000000019cb3800 Uncommon trap: reason=unstable_if action=reinterpret pc=0x0000000002d90280 method=java.lang.AbstractStringBuilder.append(I)Ljava/lang/AbstractStringBuilder; @ 16
Event: 39.761 Thread 0x0000000019cb3800 Uncommon trap: reason=unstable_if action=reinterpret pc=0x0000000002f9fc78 method=com.esotericsoftware.kryo.io.Input.require(I)I @ 65
Event: 39.986 Thread 0x0000000019cb3800 Uncommon trap: reason=unstable_if action=reinterpret pc=0x0000000002bf7eb4 method=java.lang.String.lastIndexOf([CII[CIII)I @ 118
Event: 40.046 Thread 0x0000000019cb3800 Uncommon trap: reason=unstable_if action=reinterpret pc=0x00000000034ba33c method=org.objectweb.asm.AnnotationWriter.putAnnotations(Lorg/objectweb/asm/SymbolTable;Lorg/objectweb/asm/AnnotationWriter;Lorg/objectweb/asm/AnnotationWriter;Lorg/objectweb/asm/A
Event: 40.187 Thread 0x0000000019cb3800 Uncommon trap: reason=unstable_if action=reinterpret pc=0x0000000002744974 method=java.util.HashMap.resize()[Ljava/util/HashMap$Node; @ 206
Event: 40.188 Thread 0x0000000019cb3800 Uncommon trap: reason=unstable_if action=reinterpret pc=0x0000000002635940 method=java.util.HashMap.putVal(ILjava/lang/Object;Ljava/lang/Object;ZZ)Ljava/lang/Object; @ 109
Event: 40.188 Thread 0x0000000019cb3800 Uncommon trap: reason=unstable_if action=reinterpret pc=0x0000000002f2e8d8 method=java.util.HashMap.putVal(ILjava/lang/Object;Ljava/lang/Object;ZZ)Ljava/lang/Object; @ 109
Event: 41.129 Thread 0x0000000019cb3800 Uncommon trap: reason=predicate action=maybe_recompile pc=0x000000000356c278 method=java.util.AbstractCollection.toArray([Ljava/lang/Object;)[Ljava/lang/Object; @ 49

Classes redefined (0 events):
No events

Internal exceptions (10 events):
Event: 39.503 Thread 0x0000000019cb3800 Exception <a 'java/lang/ClassNotFoundException': org/jetbrains/plugins/gradle/model/web/WebConfigurationBeanInfo> (0x00000000e330d668) thrown at [D:\src\AOSP-openjdk-cygwin\jdk8u\hotspot\src\share\vm\classfile\systemDictionary.cpp, line 210]
Event: 39.504 Thread 0x0000000019cb3800 Exception <a 'java/lang/ClassNotFoundException': org/jetbrains/plugins/gradle/model/web/WebConfigurationCustomizer> (0x00000000e33209b0) thrown at [D:\src\AOSP-openjdk-cygwin\jdk8u\hotspot\src\share\vm\classfile\systemDictionary.cpp, line 210]
Event: 39.506 Thread 0x0000000019cb3800 Exception <a 'java/lang/SecurityException'> (0x00000000e3335330) thrown at [D:\src\AOSP-openjdk-cygwin\jdk8u\hotspot\src\share\vm\prims\jvm.cpp, line 1506]
Event: 39.508 Thread 0x0000000019cb3800 Exception <a 'java/lang/ClassNotFoundException': java/lang/ClassBeanInfo> (0x00000000e3348700) thrown at [D:\src\AOSP-openjdk-cygwin\jdk8u\hotspot\src\share\vm\classfile\systemDictionary.cpp, line 210]
Event: 39.508 Thread 0x0000000019cb3800 Exception <a 'java/lang/ClassNotFoundException': java/lang/ClassCustomizer> (0x00000000e3350bc0) thrown at [D:\src\AOSP-openjdk-cygwin\jdk8u\hotspot\src\share\vm\classfile\systemDictionary.cpp, line 210]
Event: 39.520 Thread 0x0000000019cb3800 Exception <a 'java/lang/ClassNotFoundException': java/lang/StringBeanInfo> (0x00000000e347d250) thrown at [D:\src\AOSP-openjdk-cygwin\jdk8u\hotspot\src\share\vm\classfile\systemDictionary.cpp, line 210]
Event: 39.521 Thread 0x0000000019cb3800 Exception <a 'java/lang/ClassNotFoundException': java/lang/StringCustomizer> (0x00000000e3485ae0) thrown at [D:\src\AOSP-openjdk-cygwin\jdk8u\hotspot\src\share\vm\classfile\systemDictionary.cpp, line 210]
Event: 39.527 Thread 0x0000000019cb3800 Exception <a 'java/lang/ClassNotFoundException': org/jetbrains/plugins/gradle/model/scala/ScalaModelBeanInfo> (0x00000000e34e55e0) thrown at [D:\src\AOSP-openjdk-cygwin\jdk8u\hotspot\src\share\vm\classfile\systemDictionary.cpp, line 210]
Event: 39.527 Thread 0x0000000019cb3800 Exception <a 'java/lang/ClassNotFoundException': org/jetbrains/plugins/gradle/model/scala/ScalaModelCustomizer> (0x00000000e34f8238) thrown at [D:\src\AOSP-openjdk-cygwin\jdk8u\hotspot\src\share\vm\classfile\systemDictionary.cpp, line 210]
Event: 39.619 Thread 0x0000000019456000 Exception <a 'java/lang/NoSuchMethodError': <clinit>> (0x00000000e39beef0) thrown at [D:\src\AOSP-openjdk-cygwin\jdk8u\hotspot\src\share\vm\prims\jni.cpp, line 1614]

Events (10 events):
Event: 41.057 loading class com/google/common/collect/Sets$ImprovedAbstractSet done
Event: 41.124 loading class com/google/common/collect/AbstractMapBasedMultimap$KeySet$1
Event: 41.124 loading class com/google/common/collect/AbstractMapBasedMultimap$KeySet$1 done
Event: 41.129 Thread 0x0000000019cb3800 Uncommon trap: trap_request=0xffffff86 fr.pc=0x000000000356c278
Event: 41.129 Thread 0x0000000019cb3800 DEOPT PACKING pc=0x000000000356c278 sp=0x000000001c689fb0
Event: 41.129 Thread 0x0000000019cb3800 DEOPT UNPACKING pc=0x00000000024b557b sp=0x000000001c689f40 mode 2
Event: 41.142 loading class com/android/build/gradle/internal/tasks/DeviceProviderInstrumentTestTask$TestRunnerFactory
Event: 41.142 loading class com/android/build/gradle/internal/tasks/DeviceProviderInstrumentTestTask$TestRunnerFactory done
Event: 41.143 loading class com/android/build/gradle/internal/process/GradleProcessExecutor
Event: 41.143 loading class com/android/build/gradle/internal/process/GradleProcessExecutor done


Dynamic libraries:
0x00007ff69e910000 - 0x00007ff69e941000 	C:\Program Files\Android\Android Studio\jre\bin\java.exe
0x00007ff883e60000 - 0x00007ff884050000 	C:\WINDOWS\SYSTEM32\ntdll.dll
0x00007ff8828b0000 - 0x00007ff882962000 	C:\WINDOWS\System32\KERNEL32.DLL
0x00007ff881950000 - 0x00007ff881bf3000 	C:\WINDOWS\System32\KERNELBASE.dll
0x00007ff882ad0000 - 0x00007ff882b73000 	C:\WINDOWS\System32\ADVAPI32.dll
0x00007ff883ab0000 - 0x00007ff883b4e000 	C:\WINDOWS\System32\msvcrt.dll
0x00007ff883a10000 - 0x00007ff883aa7000 	C:\WINDOWS\System32\sechost.dll
0x00007ff881f10000 - 0x00007ff882030000 	C:\WINDOWS\System32\RPCRT4.dll
0x00007ff883bb0000 - 0x00007ff883d44000 	C:\WINDOWS\System32\USER32.dll
0x00007ff881d30000 - 0x00007ff881d51000 	C:\WINDOWS\System32\win32u.dll
0x00007ff882030000 - 0x00007ff882056000 	C:\WINDOWS\System32\GDI32.dll
0x00007ff880f10000 - 0x00007ff8810a4000 	C:\WINDOWS\System32\gdi32full.dll
0x00007ff880df0000 - 0x00007ff880e8e000 	C:\WINDOWS\System32\msvcp_win.dll
0x00007ff881c00000 - 0x00007ff881cfa000 	C:\WINDOWS\System32\ucrtbase.dll
0x00007ff86a150000 - 0x00007ff86a3d5000 	C:\WINDOWS\WinSxS\amd64_microsoft.windows.common-controls_6595b64144ccf1df_6.0.18362.720_none_e6beb5c51314836b\COMCTL32.dll
0x00007ff883340000 - 0x00007ff883676000 	C:\WINDOWS\System32\combase.dll
0x00007ff880e90000 - 0x00007ff880f10000 	C:\WINDOWS\System32\bcryptPrimitives.dll
0x00007ff882b80000 - 0x00007ff882bae000 	C:\WINDOWS\System32\IMM32.DLL
0x000000005afa0000 - 0x000000005b072000 	C:\Program Files\Android\Android Studio\jre\jre\bin\msvcr100.dll
0x000000005b580000 - 0x000000005bdc6000 	C:\Program Files\Android\Android Studio\jre\jre\bin\server\jvm.dll
0x00007ff883950000 - 0x00007ff883958000 	C:\WINDOWS\System32\PSAPI.DLL
0x00007ff86bab0000 - 0x00007ff86bab9000 	C:\WINDOWS\SYSTEM32\WSOCK32.dll
0x00007ff87e540000 - 0x00007ff87e564000 	C:\WINDOWS\SYSTEM32\WINMM.dll
0x00007ff86f110000 - 0x00007ff86f11a000 	C:\WINDOWS\SYSTEM32\VERSION.dll
0x00007ff87e300000 - 0x00007ff87e32d000 	C:\WINDOWS\SYSTEM32\winmmbase.dll
0x00007ff8810b0000 - 0x00007ff8810fa000 	C:\WINDOWS\System32\cfgmgr32.dll
0x00007ff882e60000 - 0x00007ff882ecf000 	C:\WINDOWS\System32\WS2_32.dll
0x00007ff872830000 - 0x00007ff87283f000 	C:\Program Files\Android\Android Studio\jre\jre\bin\verify.dll
0x00007ff868a20000 - 0x00007ff868a49000 	C:\Program Files\Android\Android Studio\jre\jre\bin\java.dll
0x00007ff86aae0000 - 0x00007ff86aaf6000 	C:\Program Files\Android\Android Studio\jre\jre\bin\zip.dll
0x00007ff8820c0000 - 0x00007ff8827a5000 	C:\WINDOWS\System32\SHELL32.dll
0x00007ff8837c0000 - 0x00007ff883869000 	C:\WINDOWS\System32\shcore.dll
0x00007ff881120000 - 0x00007ff8818a0000 	C:\WINDOWS\System32\windows.storage.dll
0x00007ff880dc0000 - 0x00007ff880de3000 	C:\WINDOWS\System32\profapi.dll
0x00007ff880d70000 - 0x00007ff880dba000 	C:\WINDOWS\System32\powrprof.dll
0x00007ff880d20000 - 0x00007ff880d30000 	C:\WINDOWS\System32\UMPDC.dll
0x00007ff882060000 - 0x00007ff8820b2000 	C:\WINDOWS\System32\shlwapi.dll
0x00007ff880d50000 - 0x00007ff880d61000 	C:\WINDOWS\System32\kernel.appcore.dll
0x00007ff881100000 - 0x00007ff881117000 	C:\WINDOWS\System32\cryptsp.dll
0x00007ff868a00000 - 0x00007ff868a1a000 	C:\Program Files\Android\Android Studio\jre\jre\bin\net.dll
0x00007ff86ffe0000 - 0x00007ff8701b5000 	C:\WINDOWS\SYSTEM32\urlmon.dll
0x00007ff8702e0000 - 0x00007ff870586000 	C:\WINDOWS\SYSTEM32\iertutil.dll
0x00007ff880700000 - 0x00007ff88070c000 	C:\WINDOWS\SYSTEM32\CRYPTBASE.DLL
0x00007ff880530000 - 0x00007ff880597000 	C:\WINDOWS\system32\mswsock.dll
0x00007ff8689d0000 - 0x00007ff8689e3000 	C:\Program Files\Android\Android Studio\jre\jre\bin\nio.dll
0x00007ff871c60000 - 0x00007ff871c86000 	C:\Users\saksh\.gradle\native\30\windows-amd64\native-platform.dll
0x00007ff868990000 - 0x00007ff86899d000 	C:\Program Files\Android\Android Studio\jre\jre\bin\management.dll
0x00007ff8800a0000 - 0x00007ff8800d3000 	C:\WINDOWS\system32\rsaenh.dll
0x00007ff881d00000 - 0x00007ff881d26000 	C:\WINDOWS\System32\bcrypt.dll
0x00007ff880c10000 - 0x00007ff880c35000 	C:\WINDOWS\SYSTEM32\USERENV.dll
0x00007ff880240000 - 0x00007ff88027a000 	C:\WINDOWS\SYSTEM32\IPHLPAPI.DLL
0x00007ff882830000 - 0x00007ff882838000 	C:\WINDOWS\System32\NSI.dll
0x00007ff874540000 - 0x00007ff874556000 	C:\WINDOWS\SYSTEM32\dhcpcsvc6.DLL
0x00007ff874580000 - 0x00007ff87459c000 	C:\WINDOWS\SYSTEM32\dhcpcsvc.DLL
0x00007ff880280000 - 0x00007ff88034a000 	C:\WINDOWS\SYSTEM32\DNSAPI.dll

VM Arguments:
jvm_args: -Xmx1536m -Dfile.encoding=windows-1252 -Duser.country=IN -Duser.language=en -Duser.variant 
java_command: org.gradle.launcher.daemon.bootstrap.GradleDaemon 5.6.4
java_class_path (initial): C:\Users\saksh\.gradle\wrapper\dists\gradle-5.6.4-all\ankdp27end7byghfw1q2sw75f\gradle-5.6.4\lib\gradle-launcher-5.6.4.jar
Launcher Type: SUN_STANDARD

Environment Variables:
PATH=C:\app\saksh\product\11.2.0\dbhome_2\bin;C:\Program Files (x86)\Common Files\Oracle\Java\javapath;C:\Program Files (x86)\Intel\iCLS Client\;C:\Program Files\Intel\iCLS Client\;C:\WINDOWS\system32;C:\WINDOWS;C:\WINDOWS\System32\Wbem;C:\WINDOWS\System32\WindowsPowerShell\v1.0\;C:\WINDOWS\System32\OpenSSH\;C:\Program Files (x86)\Intel\Intel(R) Management Engine Components\DAL;C:\Program Files\Intel\Intel(R) Management Engine Components\DAL;C:\Program Files (x86)\Intel\Intel(R) Management Engine Components\IPT;C:\Program Files\Intel\Intel(R) Management Engine Components\IPT;C:\Program Files\PuTTY\;C:\Program Files\nodejs\;C:\Program Files\Git\cmd;C:\Users\saksh\AppData\Local\Microsoft\WindowsApps;C:\Users\saksh\instantclient-basiclite-windows.x64-19.3.0.0.0dbru;C:\Users\saksh\AppData\Roaming\npm
USERNAME=saksh
OS=Windows_NT
PROCESSOR_IDENTIFIER=Intel64 Family 6 Model 142 Stepping 10, GenuineIntel



---------------  S Y S T E M  ---------------

OS: Windows 10.0 , 64 bit Build 18362 (10.0.18362.329)

CPU:total 8 (initial active 8) (4 cores per cpu, 2 threads per core) family 6 model 142 stepping 10, cmov, cx8, fxsr, mmx, sse, sse2, sse3, ssse3, sse4.1, sse4.2, popcnt, avx, avx2, aes, clmul, erms, 3dnowpref, lzcnt, ht, tsc, tscinvbit, bmi1, bmi2, adx

Memory: 4k page, physical 8295652k(2095116k free), swap 8295652k(424k free)

vm_info: OpenJDK 64-Bit Server VM (25.212-b04) for windows-amd64 JRE (1.8.0_212-release-1586-b04), built by "builder" with MS VC++ 10.0 (VS2010)

time: Fri Apr 10 19:59:03 2020
timezone: India Standard Time
elapsed time: 41 seconds (0d 0h 0m 41s)

