#
# There is insufficient memory for the Java Runtime Environment to continue.
# Native memory allocation (malloc) failed to allocate 1479376 bytes for Chunk::new
# Possible reasons:
#   The system is out of physical RAM or swap space
#   The process is running with CompressedOops enabled, and the Java Heap may be blocking the growth of the native heap
# Possible solutions:
#   Reduce memory load on the system
#   Increase physical memory or swap space
#   Check if swap backing store is full
#   Decrease Java heap size (-Xmx/-Xms)
#   Decrease number of Java threads
#   Decrease Java thread stack sizes (-Xss)
#   Set larger code cache with -XX:ReservedCodeCacheSize=
#   JVM is running with Unscaled Compressed Oops mode in which the Java heap is
#     placed in the first 4GB address space. The Java Heap base address is the
#     maximum limit for the native heap growth. Please use -XX:HeapBaseMinAddress
#     to set the Java Heap base and to place the Java Heap above 4GB virtual address.
# This output file may be truncated or incomplete.
#
#  Out of Memory Error (allocation.cpp:389), pid=1956, tid=0x000000000000291c
#
# JRE version: OpenJDK Runtime Environment (8.0_212-b04) (build 1.8.0_212-release-1586-b04)
# Java VM: OpenJDK 64-Bit Server VM (25.212-b04 mixed mode windows-amd64 compressed oops)
# Failed to write core dump. Minidumps are not enabled by default on client versions of Windows
#

---------------  T H R E A D  ---------------

Current thread (0x0000000018c40800):  JavaThread "C2 CompilerThread2" daemon [_thread_in_native, id=10524, stack(0x0000000019710000,0x0000000019810000)]

Stack: [0x0000000019710000,0x0000000019810000]
[error occurred during error reporting (printing stack bounds), id 0xc0000005]

Native frames: (J=compiled Java code, j=interpreted, Vv=VM code, C=native code)


Current CompileTask:
C2:   3603 1383       4       java.net.URLClassLoader$1::run (5 bytes)


---------------  P R O C E S S  ---------------

Java Threads: ( => current thread )
  0x0000000019c5e000 JavaThread "Cache worker for journal cache (C:\Users\saksh\.gradle\caches\journal-1)" [_thread_blocked, id=4240, stack(0x000000001d830000,0x000000001d930000)]
  0x0000000019c5e800 JavaThread "File lock request listener" [_thread_in_native, id=252, stack(0x000000001d730000,0x000000001d830000)]
  0x000000001b3b7800 JavaThread "Cache worker for file hash cache (C:\Users\saksh\.gradle\caches\5.6.4\fileHashes)" [_thread_blocked, id=1276, stack(0x000000001d630000,0x000000001d730000)]
  0x000000001b80a000 JavaThread "Thread-9" [_thread_blocked, id=12036, stack(0x000000001d530000,0x000000001d630000)]
  0x000000001b7c8000 JavaThread "Stdin handler" [_thread_blocked, id=5996, stack(0x000000001d430000,0x000000001d530000)]
  0x000000001b7c2000 JavaThread "Asynchronous log dispatcher for DefaultDaemonConnection: socket connection from /127.0.0.1:50768 to /127.0.0.1:50769" [_thread_blocked, id=13184, stack(0x000000001d230000,0x000000001d330000)]
  0x000000001b7b8800 JavaThread "Daemon worker" [_thread_in_vm, id=16044, stack(0x000000001d130000,0x000000001d230000)]
  0x000000001b774000 JavaThread "Cancel handler" [_thread_blocked, id=14676, stack(0x000000001d030000,0x000000001d130000)]
  0x000000001b74c800 JavaThread "Handler for socket connection from /127.0.0.1:50768 to /127.0.0.1:50769" [_thread_in_native, id=14356, stack(0x000000001cd30000,0x000000001ce30000)]
  0x000000001b74e000 JavaThread "Daemon" [_thread_blocked, id=14492, stack(0x000000001cc30000,0x000000001cd30000)]
  0x000000001b73d000 JavaThread "Daemon periodic checks" [_thread_blocked, id=16180, stack(0x000000001cb30000,0x000000001cc30000)]
  0x0000000018d5a000 JavaThread "Incoming local TCP Connector on port 50768" [_thread_in_native, id=11344, stack(0x000000001c8f0000,0x000000001c9f0000)]
  0x0000000019007800 JavaThread "Daemon health stats" [_thread_blocked, id=5484, stack(0x000000001c2b0000,0x000000001c3b0000)]
  0x0000000018cd4800 JavaThread "Service Thread" daemon [_thread_blocked, id=11808, stack(0x0000000019910000,0x0000000019a10000)]
  0x0000000018c45800 JavaThread "C1 CompilerThread3" daemon [_thread_blocked, id=9076, stack(0x0000000019810000,0x0000000019910000)]
=>0x0000000018c40800 JavaThread "C2 CompilerThread2" daemon [_thread_in_native, id=10524, stack(0x0000000019710000,0x0000000019810000)]
  0x0000000018c3d000 JavaThread "C2 CompilerThread1" daemon [_thread_in_native, id=15336, stack(0x0000000019610000,0x0000000019710000)]
  0x0000000018c3a800 JavaThread "C2 CompilerThread0" daemon [_thread_blocked, id=14392, stack(0x0000000019510000,0x0000000019610000)]
  0x0000000018c39000 JavaThread "Attach Listener" daemon [_thread_blocked, id=6904, stack(0x0000000019410000,0x0000000019510000)]
  0x0000000018c36000 JavaThread "Signal Dispatcher" daemon [_thread_blocked, id=9276, stack(0x0000000019310000,0x0000000019410000)]
  0x0000000018c30800 JavaThread "Finalizer" daemon [_thread_blocked, id=6120, stack(0x0000000019110000,0x0000000019210000)]
  0x0000000003065000 JavaThread "Reference Handler" daemon [_thread_blocked, id=15480, stack(0x0000000019010000,0x0000000019110000)]
  0x000000000116e000 JavaThread "main" [_thread_blocked, id=8332, stack(0x0000000002e70000,0x0000000002f70000)]

Other Threads:
  0x0000000016e28000 VMThread [stack: 0x0000000018b10000,0x0000000018c10000] [id=2672]
  0x0000000018cd5000 WatcherThread [stack: 0x0000000019a10000,0x0000000019b10000] [id=14204]

VM state:not at safepoint (normal execution)

VM Mutex/Monitor currently owned by a thread: None

heap address: 0x00000000a0000000, size: 1536 MB, Compressed Oops mode: 32-bit
Narrow klass base: 0x0000000000000000, Narrow klass shift: 3
Compressed class space size: 1073741824 Address: 0x0000000100000000

Heap:
 PSYoungGen      total 38400K, used 12423K [0x00000000e0000000, 0x00000000e4b00000, 0x0000000100000000)
  eden space 33280K, 22% used [0x00000000e0000000,0x00000000e0729cd0,0x00000000e2080000)
  from space 5120K, 99% used [0x00000000e2580000,0x00000000e2a78020,0x00000000e2a80000)
  to   space 5120K, 0% used [0x00000000e2080000,0x00000000e2080000,0x00000000e2580000)
 ParOldGen       total 87552K, used 4041K [0x00000000a0000000, 0x00000000a5580000, 0x00000000e0000000)
  object space 87552K, 4% used [0x00000000a0000000,0x00000000a03f2538,0x00000000a5580000)
 Metaspace       used 15639K, capacity 16046K, committed 16256K, reserved 1062912K
  class space    used 2209K, capacity 2361K, committed 2432K, reserved 1048576K

Card table byte_map: [0x0000000012430000,0x0000000012740000] byte_map_base: 0x0000000011f30000

Marking Bits: (ParMarkBitMap*) 0x0000000064ca9f30
 Begin Bits: [0x0000000013140000, 0x0000000014940000)
 End Bits:   [0x0000000014940000, 0x0000000016140000)

Polling page: 0x0000000000de0000

CodeCache: size=245760Kb used=5200Kb max_used=5205Kb free=240559Kb
 bounds [0x0000000003070000, 0x0000000003590000, 0x0000000012070000]
 total_blobs=1859 nmethods=1469 adapters=303
 compilation: enabled

Compilation events (10 events):
Event: 3.570 Thread 0x0000000018c45800 nmethod 1466 0x0000000003583190 code [0x0000000003583300, 0x00000000035835c8]
Event: 3.576 Thread 0x0000000018c3a800 nmethod 1458 0x0000000003584d90 code [0x0000000003585020, 0x0000000003585878]
Event: 3.576 Thread 0x0000000018c3a800 1462       4       java.nio.charset.CharsetEncoder::reset (11 bytes)
Event: 3.576 Thread 0x0000000018c3a800 nmethod 1462 0x0000000003587490 code [0x00000000035875c0, 0x0000000003587618]
Event: 3.576 Thread 0x0000000018c3a800 1463       4       java.nio.charset.CharsetEncoder::implReset (1 bytes)
Event: 3.576 Thread 0x0000000018c3a800 nmethod 1463 0x0000000003587690 code [0x00000000035877c0, 0x0000000003587818]
Event: 3.577 Thread 0x0000000018c45800 1467       3       java.lang.Package::<init> (56 bytes)
Event: 3.577 Thread 0x0000000018c45800 nmethod 1467 0x0000000003584910 code [0x0000000003584a60, 0x0000000003584cd0]
Event: 3.582 Thread 0x0000000018c45800 1468       3       java.lang.ClassLoader::addClass (9 bytes)
Event: 3.582 Thread 0x0000000018c45800 nmethod 1468 0x00000000035844d0 code [0x0000000003584640, 0x0000000003584868]

GC Heap History (8 events):
Event: 1.130 GC heap before
{Heap before GC invocations=1 (full 0):
 PSYoungGen      total 38400K, used 33280K [0x00000000e0000000, 0x00000000e2a80000, 0x0000000100000000)
  eden space 33280K, 100% used [0x00000000e0000000,0x00000000e2080000,0x00000000e2080000)
  from space 5120K, 0% used [0x00000000e2580000,0x00000000e2580000,0x00000000e2a80000)
  to   space 5120K, 0% used [0x00000000e2080000,0x00000000e2080000,0x00000000e2580000)
 ParOldGen       total 87552K, used 0K [0x00000000a0000000, 0x00000000a5580000, 0x00000000e0000000)
  object space 87552K, 0% used [0x00000000a0000000,0x00000000a0000000,0x00000000a5580000)
 Metaspace       used 7009K, capacity 7276K, committed 7424K, reserved 1056768K
  class space    used 857K, capacity 940K, committed 1024K, reserved 1048576K
Event: 1.137 GC heap after
Heap after GC invocations=1 (full 0):
 PSYoungGen      total 38400K, used 4413K [0x00000000e0000000, 0x00000000e2a80000, 0x0000000100000000)
  eden space 33280K, 0% used [0x00000000e0000000,0x00000000e0000000,0x00000000e2080000)
  from space 5120K, 86% used [0x00000000e2080000,0x00000000e24cf4c0,0x00000000e2580000)
  to   space 5120K, 0% used [0x00000000e2580000,0x00000000e2580000,0x00000000e2a80000)
 ParOldGen       total 87552K, used 8K [0x00000000a0000000, 0x00000000a5580000, 0x00000000e0000000)
  object space 87552K, 0% used [0x00000000a0000000,0x00000000a0002000,0x00000000a5580000)
 Metaspace       used 7009K, capacity 7276K, committed 7424K, reserved 1056768K
  class space    used 857K, capacity 940K, committed 1024K, reserved 1048576K
}
Event: 1.523 GC heap before
{Heap before GC invocations=2 (full 0):
 PSYoungGen      total 38400K, used 37693K [0x00000000e0000000, 0x00000000e2a80000, 0x0000000100000000)
  eden space 33280K, 100% used [0x00000000e0000000,0x00000000e2080000,0x00000000e2080000)
  from space 5120K, 86% used [0x00000000e2080000,0x00000000e24cf4c0,0x00000000e2580000)
  to   space 5120K, 0% used [0x00000000e2580000,0x00000000e2580000,0x00000000e2a80000)
 ParOldGen       total 87552K, used 8K [0x00000000a0000000, 0x00000000a5580000, 0x00000000e0000000)
  object space 87552K, 0% used [0x00000000a0000000,0x00000000a0002000,0x00000000a5580000)
 Metaspace       used 7356K, capacity 7590K, committed 7680K, reserved 1056768K
  class space    used 912K, capacity 981K, committed 1024K, reserved 1048576K
Event: 1.528 GC heap after
Heap after GC invocations=2 (full 0):
 PSYoungGen      total 38400K, used 3581K [0x00000000e0000000, 0x00000000e2a80000, 0x0000000100000000)
  eden space 33280K, 0% used [0x00000000e0000000,0x00000000e0000000,0x00000000e2080000)
  from space 5120K, 69% used [0x00000000e2580000,0x00000000e28ff6c0,0x00000000e2a80000)
  to   space 5120K, 0% used [0x00000000e2080000,0x00000000e2080000,0x00000000e2580000)
 ParOldGen       total 87552K, used 16K [0x00000000a0000000, 0x00000000a5580000, 0x00000000e0000000)
  object space 87552K, 0% used [0x00000000a0000000,0x00000000a0004000,0x00000000a5580000)
 Metaspace       used 7356K, capacity 7590K, committed 7680K, reserved 1056768K
  class space    used 912K, capacity 981K, committed 1024K, reserved 1048576K
}
Event: 3.117 GC heap before
{Heap before GC invocations=3 (full 0):
 PSYoungGen      total 38400K, used 36861K [0x00000000e0000000, 0x00000000e2a80000, 0x0000000100000000)
  eden space 33280K, 100% used [0x00000000e0000000,0x00000000e2080000,0x00000000e2080000)
  from space 5120K, 69% used [0x00000000e2580000,0x00000000e28ff6c0,0x00000000e2a80000)
  to   space 5120K, 0% used [0x00000000e2080000,0x00000000e2080000,0x00000000e2580000)
 ParOldGen       total 87552K, used 16K [0x00000000a0000000, 0x00000000a5580000, 0x00000000e0000000)
  object space 87552K, 0% used [0x00000000a0000000,0x00000000a0004000,0x00000000a5580000)
 Metaspace       used 12376K, capacity 12698K, committed 12928K, reserved 1060864K
  class space    used 1674K, capacity 1793K, committed 1920K, reserved 1048576K
Event: 3.125 GC heap after
Heap after GC invocations=3 (full 0):
 PSYoungGen      total 38400K, used 5104K [0x00000000e0000000, 0x00000000e2a80000, 0x0000000100000000)
  eden space 33280K, 0% used [0x00000000e0000000,0x00000000e0000000,0x00000000e2080000)
  from space 5120K, 99% used [0x00000000e2080000,0x00000000e257c010,0x00000000e2580000)
  to   space 5120K, 0% used [0x00000000e2580000,0x00000000e2580000,0x00000000e2a80000)
 ParOldGen       total 87552K, used 1587K [0x00000000a0000000, 0x00000000a5580000, 0x00000000e0000000)
  object space 87552K, 1% used [0x00000000a0000000,0x00000000a018ccc8,0x00000000a5580000)
 Metaspace       used 12376K, capacity 12698K, committed 12928K, reserved 1060864K
  class space    used 1674K, capacity 1793K, committed 1920K, reserved 1048576K
}
Event: 3.470 GC heap before
{Heap before GC invocations=4 (full 0):
 PSYoungGen      total 38400K, used 38384K [0x00000000e0000000, 0x00000000e2a80000, 0x0000000100000000)
  eden space 33280K, 100% used [0x00000000e0000000,0x00000000e2080000,0x00000000e2080000)
  from space 5120K, 99% used [0x00000000e2080000,0x00000000e257c010,0x00000000e2580000)
  to   space 5120K, 0% used [0x00000000e2580000,0x00000000e2580000,0x00000000e2a80000)
 ParOldGen       total 87552K, used 1587K [0x00000000a0000000, 0x00000000a5580000, 0x00000000e0000000)
  object space 87552K, 1% used [0x00000000a0000000,0x00000000a018ccc8,0x00000000a5580000)
 Metaspace       used 14657K, capacity 15078K, committed 15360K, reserved 1062912K
  class space    used 2058K, capacity 2183K, committed 2304K, reserved 1048576K
Event: 3.480 GC heap after
Heap after GC invocations=4 (full 0):
 PSYoungGen      total 38400K, used 5088K [0x00000000e0000000, 0x00000000e4b00000, 0x0000000100000000)
  eden space 33280K, 0% used [0x00000000e0000000,0x00000000e0000000,0x00000000e2080000)
  from space 5120K, 99% used [0x00000000e2580000,0x00000000e2a78020,0x00000000e2a80000)
  to   space 5120K, 0% used [0x00000000e2080000,0x00000000e2080000,0x00000000e2580000)
 ParOldGen       total 87552K, used 4041K [0x00000000a0000000, 0x00000000a5580000, 0x00000000e0000000)
  object space 87552K, 4% used [0x00000000a0000000,0x00000000a03f2538,0x00000000a5580000)
 Metaspace       used 14657K, capacity 15078K, committed 15360K, reserved 1062912K
  class space    used 2058K, capacity 2183K, committed 2304K, reserved 1048576K
}

Deoptimization events (10 events):
Event: 3.028 Thread 0x000000001b7b8800 Uncommon trap: reason=class_check action=maybe_recompile pc=0x00000000032b579c method=java.util.HashMap.putVal(ILjava/lang/Object;Ljava/lang/Object;ZZ)Ljava/lang/Object; @ 203
Event: 3.028 Thread 0x000000001b7b8800 Uncommon trap: reason=class_check action=maybe_recompile pc=0x00000000032b579c method=java.util.HashMap.putVal(ILjava/lang/Object;Ljava/lang/Object;ZZ)Ljava/lang/Object; @ 203
Event: 3.029 Thread 0x000000001b7b8800 Uncommon trap: reason=bimorphic action=maybe_recompile pc=0x00000000032b5750 method=java.util.HashMap.putVal(ILjava/lang/Object;Ljava/lang/Object;ZZ)Ljava/lang/Object; @ 253
Event: 3.029 Thread 0x000000001b7b8800 Uncommon trap: reason=bimorphic action=maybe_recompile pc=0x00000000032b5750 method=java.util.HashMap.putVal(ILjava/lang/Object;Ljava/lang/Object;ZZ)Ljava/lang/Object; @ 253
Event: 3.029 Thread 0x000000001b7b8800 Uncommon trap: reason=bimorphic action=maybe_recompile pc=0x00000000032ae510 method=java.util.HashMap.putVal(ILjava/lang/Object;Ljava/lang/Object;ZZ)Ljava/lang/Object; @ 253
Event: 3.265 Thread 0x000000001b7b8800 Uncommon trap: reason=class_check action=maybe_recompile pc=0x0000000003346958 method=java.util.regex.Matcher.match(II)Z @ 86
Event: 3.282 Thread 0x000000001b7b8800 Uncommon trap: reason=class_check action=maybe_recompile pc=0x0000000003346958 method=java.util.regex.Matcher.match(II)Z @ 86
Event: 3.282 Thread 0x000000001b7b8800 Uncommon trap: reason=class_check action=maybe_recompile pc=0x0000000003346958 method=java.util.regex.Matcher.match(II)Z @ 86
Event: 3.283 Thread 0x000000001b7b8800 Uncommon trap: reason=class_check action=maybe_recompile pc=0x00000000031e1d9c method=java.util.regex.Matcher.match(II)Z @ 86
Event: 3.575 Thread 0x000000001b7b8800 Uncommon trap: reason=unstable_if action=reinterpret pc=0x00000000034e6974 method=java.lang.String.lastIndexOf([CII[CIII)I @ 66

Classes redefined (0 events):
No events

Internal exceptions (10 events):
Event: 2.974 Thread 0x000000001b74c800 Exception <a 'java/lang/NoSuchMethodError': <clinit>> (0x00000000e1763a10) thrown at [D:\src\AOSP-openjdk-cygwin\jdk8u\hotspot\src\share\vm\prims\jni.cpp, line 1614]
Event: 2.975 Thread 0x000000001b74c800 Exception <a 'java/lang/NoSuchMethodError': <clinit>> (0x00000000e176d7c0) thrown at [D:\src\AOSP-openjdk-cygwin\jdk8u\hotspot\src\share\vm\prims\jni.cpp, line 1614]
Event: 2.977 Thread 0x000000001b74c800 Exception <a 'java/lang/NoSuchMethodError': <clinit>> (0x00000000e17821c8) thrown at [D:\src\AOSP-openjdk-cygwin\jdk8u\hotspot\src\share\vm\prims\jni.cpp, line 1614]
Event: 2.987 Thread 0x000000001b74c800 Exception <a 'java/lang/NoSuchMethodError': <clinit>> (0x00000000e17dd888) thrown at [D:\src\AOSP-openjdk-cygwin\jdk8u\hotspot\src\share\vm\prims\jni.cpp, line 1614]
Event: 2.993 Thread 0x000000001b74c800 Exception <a 'java/lang/NoSuchMethodError': <clinit>> (0x00000000e1815398) thrown at [D:\src\AOSP-openjdk-cygwin\jdk8u\hotspot\src\share\vm\prims\jni.cpp, line 1614]
Event: 2.999 Thread 0x000000001b74c800 Exception <a 'java/lang/NoSuchMethodError': <clinit>> (0x00000000e184b610) thrown at [D:\src\AOSP-openjdk-cygwin\jdk8u\hotspot\src\share\vm\prims\jni.cpp, line 1614]
Event: 3.000 Thread 0x000000001b74c800 Exception <a 'java/lang/NoSuchMethodError': <clinit>> (0x00000000e1856a18) thrown at [D:\src\AOSP-openjdk-cygwin\jdk8u\hotspot\src\share\vm\prims\jni.cpp, line 1614]
Event: 3.542 Thread 0x000000001b7b8800 Exception <a 'java/lang/NoSuchMethodError': java.lang.Object.lambda$and$0(Ljava/util/function/Predicate;Ljava/lang/Object;)Z> (0x00000000e03e4dc8) thrown at [D:\src\AOSP-openjdk-cygwin\jdk8u\hotspot\src\share\vm\interpreter\linkResolver.cpp, line 620]
Event: 3.549 Thread 0x000000001b7b8800 Exception <a 'java/lang/IncompatibleClassChangeError': Found class java.lang.Object, but interface was expected> (0x00000000e03fb0b0) thrown at [D:\src\AOSP-openjdk-cygwin\jdk8u\hotspot\src\share\vm\interpreter\linkResolver.cpp, line 653]
Event: 3.551 Thread 0x000000001b7b8800 Exception <a 'java/lang/NoSuchMethodError': java.lang.Object.lambda$or$2(Ljava/util/function/Predicate;Ljava/lang/Object;)Z> (0x00000000e03fffc0) thrown at [D:\src\AOSP-openjdk-cygwin\jdk8u\hotspot\src\share\vm\interpreter\linkResolver.cpp, line 620]

Events (10 events):
Event: 3.581 loading class com/google/common/io/CharSource$AsByteSource
Event: 3.581 loading class com/google/common/io/CharSource$AsByteSource done
Event: 3.582 loading class org/gradle/configuration/DefaultImportsReader$1
Event: 3.582 loading class org/gradle/configuration/DefaultImportsReader$1 done
Event: 3.582 loading class com/google/common/io/Closer
Event: 3.582 loading class com/google/common/io/Closer done
Event: 3.582 loading class com/google/common/io/Closer$Suppressor
Event: 3.582 loading class com/google/common/io/Closer$Suppressor done
Event: 3.583 loading class com/google/common/io/Closer$SuppressingSuppressor
Event: 3.583 loading class com/google/common/io/Closer$SuppressingSuppressor done


Dynamic libraries:
0x00007ff715960000 - 0x00007ff715991000 	C:\Program Files\Android\Android Studio\jre\bin\java.exe
0x00007ffb1eba0000 - 0x00007ffb1ed90000 	C:\WINDOWS\SYSTEM32\ntdll.dll
0x00007ffb1e320000 - 0x00007ffb1e3d2000 	C:\WINDOWS\System32\KERNEL32.DLL
0x00007ffb1bc40000 - 0x00007ffb1bee3000 	C:\WINDOWS\System32\KERNELBASE.dll
0x00007ffb1ddd0000 - 0x00007ffb1de73000 	C:\WINDOWS\System32\ADVAPI32.dll
0x00007ffb1d4e0000 - 0x00007ffb1d57e000 	C:\WINDOWS\System32\msvcrt.dll
0x00007ffb1e280000 - 0x00007ffb1e317000 	C:\WINDOWS\System32\sechost.dll
0x00007ffb1d310000 - 0x00007ffb1d430000 	C:\WINDOWS\System32\RPCRT4.dll
0x00007ffb1cd80000 - 0x00007ffb1cf14000 	C:\WINDOWS\System32\USER32.dll
0x00007ffb1c960000 - 0x00007ffb1c981000 	C:\WINDOWS\System32\win32u.dll
0x00007ffb1d2e0000 - 0x00007ffb1d306000 	C:\WINDOWS\System32\GDI32.dll
0x00007ffb1c990000 - 0x00007ffb1cb24000 	C:\WINDOWS\System32\gdi32full.dll
0x00007ffb1cbb0000 - 0x00007ffb1cc4e000 	C:\WINDOWS\System32\msvcp_win.dll
0x00007ffb1c860000 - 0x00007ffb1c95a000 	C:\WINDOWS\System32\ucrtbase.dll
0x00007ffb059f0000 - 0x00007ffb05c75000 	C:\WINDOWS\WinSxS\amd64_microsoft.windows.common-controls_6595b64144ccf1df_6.0.18362.720_none_e6beb5c51314836b\COMCTL32.dll
0x00007ffb1cfa0000 - 0x00007ffb1d2d6000 	C:\WINDOWS\System32\combase.dll
0x00007ffb1cb30000 - 0x00007ffb1cbb0000 	C:\WINDOWS\System32\bcryptPrimitives.dll
0x00007ffb1eb10000 - 0x00007ffb1eb3e000 	C:\WINDOWS\System32\IMM32.DLL
0x0000000064400000 - 0x00000000644d2000 	C:\Program Files\Android\Android Studio\jre\jre\bin\msvcr100.dll
0x00000000644e0000 - 0x0000000064d26000 	C:\Program Files\Android\Android Studio\jre\jre\bin\server\jvm.dll
0x00007ffb1e270000 - 0x00007ffb1e278000 	C:\WINDOWS\System32\PSAPI.DLL
0x00007ffb06d80000 - 0x00007ffb06d89000 	C:\WINDOWS\SYSTEM32\WSOCK32.dll
0x00007ffb19360000 - 0x00007ffb19384000 	C:\WINDOWS\SYSTEM32\WINMM.dll
0x00007ffb0a3b0000 - 0x00007ffb0a3ba000 	C:\WINDOWS\SYSTEM32\VERSION.dll
0x00007ffb1cf20000 - 0x00007ffb1cf8f000 	C:\WINDOWS\System32\WS2_32.dll
0x00007ffb19320000 - 0x00007ffb1934d000 	C:\WINDOWS\SYSTEM32\WINMMBASE.dll
0x00007ffb1bef0000 - 0x00007ffb1bf3a000 	C:\WINDOWS\System32\cfgmgr32.dll
0x00007ffb028a0000 - 0x00007ffb028af000 	C:\Program Files\Android\Android Studio\jre\jre\bin\verify.dll
0x00007ffafdf30000 - 0x00007ffafdf59000 	C:\Program Files\Android\Android Studio\jre\jre\bin\java.dll
0x00007ffafdf10000 - 0x00007ffafdf26000 	C:\Program Files\Android\Android Studio\jre\jre\bin\zip.dll
0x00007ffb1d6e0000 - 0x00007ffb1ddc5000 	C:\WINDOWS\System32\SHELL32.dll
0x00007ffb1e920000 - 0x00007ffb1e9c9000 	C:\WINDOWS\System32\shcore.dll
0x00007ffb1c0e0000 - 0x00007ffb1c860000 	C:\WINDOWS\System32\windows.storage.dll
0x00007ffb1bab0000 - 0x00007ffb1bad3000 	C:\WINDOWS\System32\profapi.dll
0x00007ffb1bae0000 - 0x00007ffb1bb2a000 	C:\WINDOWS\System32\powrprof.dll
0x00007ffb1ba60000 - 0x00007ffb1ba70000 	C:\WINDOWS\System32\UMPDC.dll
0x00007ffb1d680000 - 0x00007ffb1d6d2000 	C:\WINDOWS\System32\shlwapi.dll
0x00007ffb1ba90000 - 0x00007ffb1baa1000 	C:\WINDOWS\System32\kernel.appcore.dll
0x00007ffb1bf70000 - 0x00007ffb1bf87000 	C:\WINDOWS\System32\cryptsp.dll
0x00007ffacfc00000 - 0x00007ffacfc1a000 	C:\Program Files\Android\Android Studio\jre\jre\bin\net.dll
0x00007ffb0a9e0000 - 0x00007ffb0abb5000 	C:\WINDOWS\SYSTEM32\urlmon.dll
0x00007ffb0ace0000 - 0x00007ffb0af86000 	C:\WINDOWS\SYSTEM32\iertutil.dll
0x00007ffb1b440000 - 0x00007ffb1b44c000 	C:\WINDOWS\SYSTEM32\CRYPTBASE.DLL
0x00007ffb1b270000 - 0x00007ffb1b2d7000 	C:\WINDOWS\system32\mswsock.dll
0x00007ffaceb30000 - 0x00007ffaceb43000 	C:\Program Files\Android\Android Studio\jre\jre\bin\nio.dll
0x00007ffad00e0000 - 0x00007ffad0106000 	C:\Users\saksh\.gradle\native\30\windows-amd64\native-platform.dll
0x00007ffafdae0000 - 0x00007ffafdaed000 	C:\Program Files\Android\Android Studio\jre\jre\bin\management.dll
0x00007ffb1ade0000 - 0x00007ffb1ae13000 	C:\WINDOWS\system32\rsaenh.dll
0x00007ffb1bf40000 - 0x00007ffb1bf66000 	C:\WINDOWS\System32\bcrypt.dll
0x00007ffb1b980000 - 0x00007ffb1b9a5000 	C:\WINDOWS\SYSTEM32\USERENV.dll
0x00007ffb1af80000 - 0x00007ffb1afba000 	C:\WINDOWS\SYSTEM32\IPHLPAPI.DLL
0x00007ffb1cf90000 - 0x00007ffb1cf98000 	C:\WINDOWS\System32\NSI.dll
0x00007ffb12e00000 - 0x00007ffb12e16000 	C:\WINDOWS\SYSTEM32\dhcpcsvc6.DLL
0x00007ffb10db0000 - 0x00007ffb10dcc000 	C:\WINDOWS\SYSTEM32\dhcpcsvc.DLL
0x00007ffb1afc0000 - 0x00007ffb1b08a000 	C:\WINDOWS\SYSTEM32\DNSAPI.dll

VM Arguments:
jvm_args: -Xmx1536m -Dfile.encoding=windows-1252 -Duser.country=IN -Duser.language=en -Duser.variant 
java_command: org.gradle.launcher.daemon.bootstrap.GradleDaemon 5.6.4
java_class_path (initial): C:\Users\saksh\.gradle\wrapper\dists\gradle-5.6.4-all\ankdp27end7byghfw1q2sw75f\gradle-5.6.4\lib\gradle-launcher-5.6.4.jar
Launcher Type: SUN_STANDARD

Environment Variables:
PATH=C:\app\saksh\product\11.2.0\dbhome_2\bin;C:\Program Files (x86)\Common Files\Oracle\Java\javapath;C:\Program Files (x86)\Intel\iCLS Client\;C:\Program Files\Intel\iCLS Client\;C:\WINDOWS\system32;C:\WINDOWS;C:\WINDOWS\System32\Wbem;C:\WINDOWS\System32\WindowsPowerShell\v1.0\;C:\WINDOWS\System32\OpenSSH\;C:\Program Files (x86)\Intel\Intel(R) Management Engine Components\DAL;C:\Program Files\Intel\Intel(R) Management Engine Components\DAL;C:\Program Files (x86)\Intel\Intel(R) Management Engine Components\IPT;C:\Program Files\Intel\Intel(R) Management Engine Components\IPT;C:\Program Files\PuTTY\;C:\Program Files\nodejs\;C:\Program Files\Git\cmd;C:\Users\saksh\AppData\Local\Microsoft\WindowsApps;C:\Users\saksh\instantclient-basiclite-windows.x64-19.3.0.0.0dbru;C:\Users\saksh\AppData\Roaming\npm
USERNAME=saksh
OS=Windows_NT
PROCESSOR_IDENTIFIER=Intel64 Family 6 Model 142 Stepping 10, GenuineIntel



---------------  S Y S T E M  ---------------

OS: Windows 10.0 , 64 bit Build 18362 (10.0.18362.329)

CPU:total 8 (initial active 8) (4 cores per cpu, 2 threads per core) family 6 model 142 stepping 10, cmov, cx8, fxsr, mmx, sse, sse2, sse3, ssse3, sse4.1, sse4.2, popcnt, avx, avx2, aes, clmul, erms, 3dnowpref, lzcnt, ht, tsc, tscinvbit, bmi1, bmi2, adx

Memory: 4k page, physical 8295652k(1857264k free), swap 8295652k(4916k free)

vm_info: OpenJDK 64-Bit Server VM (25.212-b04) for windows-amd64 JRE (1.8.0_212-release-1586-b04), built by "builder" with MS VC++ 10.0 (VS2010)

time: Sun Apr 12 03:38:02 2020
timezone: India Standard Time
elapsed time: 3 seconds (0d 0h 0m 3s)

