#
# There is insufficient memory for the Java Runtime Environment to continue.
# Native memory allocation (malloc) failed to allocate 1066976 bytes for Chunk::new
# Possible reasons:
#   The system is out of physical RAM or swap space
#   The process is running with CompressedOops enabled, and the Java Heap may be blocking the growth of the native heap
# Possible solutions:
#   Reduce memory load on the system
#   Increase physical memory or swap space
#   Check if swap backing store is full
#   Decrease Java heap size (-Xmx/-Xms)
#   Decrease number of Java threads
#   Decrease Java thread stack sizes (-Xss)
#   Set larger code cache with -XX:ReservedCodeCacheSize=
#   JVM is running with Unscaled Compressed Oops mode in which the Java heap is
#     placed in the first 4GB address space. The Java Heap base address is the
#     maximum limit for the native heap growth. Please use -XX:HeapBaseMinAddress
#     to set the Java Heap base and to place the Java Heap above 4GB virtual address.
# This output file may be truncated or incomplete.
#
#  Out of Memory Error (allocation.cpp:389), pid=13664, tid=0x0000000000000edc
#
# JRE version: OpenJDK Runtime Environment (8.0_212-b04) (build 1.8.0_212-release-1586-b04)
# Java VM: OpenJDK 64-Bit Server VM (25.212-b04 mixed mode windows-amd64 compressed oops)
# Failed to write core dump. Minidumps are not enabled by default on client versions of Windows
#

---------------  T H R E A D  ---------------

Current thread (0x0000000018910800):  JavaThread "C2 CompilerThread1" daemon [_thread_in_native, id=3804, stack(0x00000000192e0000,0x00000000193e0000)]

Stack: [0x00000000192e0000,0x00000000193e0000]
[error occurred during error reporting (printing stack bounds), id 0xc0000005]

Native frames: (J=compiled Java code, j=interpreted, Vv=VM code, C=native code)


Current CompileTask:
C2:1419569 15035       4       org.gradle.internal.graph.CachingDirectedGraphWalker::doSearch (659 bytes)


---------------  P R O C E S S  ---------------

Java Threads: ( => current thread )
  0x00000000203a8000 JavaThread "Cache worker for execution history cache (C:\Users\saksh\AndroidStudioProjects\sahayak\.gradle\5.6.4\executionHistory)" [_thread_blocked, id=9492, stack(0x0000000025e20000,0x0000000025f20000)]
  0x00000000203ab800 JavaThread "Execution worker for ':' Thread 7" [_thread_blocked, id=14212, stack(0x0000000025d20000,0x0000000025e20000)]
  0x00000000203a0800 JavaThread "Execution worker for ':' Thread 6" [_thread_blocked, id=11324, stack(0x0000000025a20000,0x0000000025b20000)]
  0x00000000203a7800 JavaThread "Execution worker for ':' Thread 5" [_thread_blocked, id=7872, stack(0x0000000025920000,0x0000000025a20000)]
  0x00000000203a6800 JavaThread "Execution worker for ':' Thread 4" [_thread_in_Java, id=9092, stack(0x0000000025620000,0x0000000025720000)]
  0x000000002039f000 JavaThread "Execution worker for ':' Thread 3" [_thread_in_native, id=444, stack(0x0000000025520000,0x0000000025620000)]
  0x00000000203a6000 JavaThread "Execution worker for ':' Thread 2" [_thread_blocked, id=8652, stack(0x0000000025420000,0x0000000025520000)]
  0x00000000203a3000 JavaThread "Execution worker for ':'" [_thread_blocked, id=3268, stack(0x0000000024e70000,0x0000000024f70000)]
  0x00000000203a4800 JavaThread "Cache worker for file content cache (C:\Users\saksh\AndroidStudioProjects\sahayak\.gradle\5.6.4\fileContent)" [_thread_blocked, id=7348, stack(0x0000000024b10000,0x0000000024c10000)]
  0x00000000203a2000 JavaThread "Cache worker for Build Output Cleanup Cache (C:\Users\saksh\AndroidStudioProjects\sahayak\.gradle\buildOutputCleanup)" [_thread_blocked, id=15076, stack(0x0000000024810000,0x0000000024910000)]
  0x00000000203a3800 JavaThread "pool-8-thread-1" [_thread_blocked, id=15192, stack(0x0000000023bf0000,0x0000000023cf0000)]
  0x00000000203a1800 JavaThread "Build operations Thread 8" [_thread_blocked, id=15756, stack(0x00000000238f0000,0x00000000239f0000)]
  0x0000000020159800 JavaThread "Build operations Thread 7" [_thread_blocked, id=15304, stack(0x00000000233f0000,0x00000000234f0000)]
  0x000000002015c800 JavaThread "Build operations Thread 6" [_thread_blocked, id=4288, stack(0x00000000232f0000,0x00000000233f0000)]
  0x000000002015c000 JavaThread "Build operations Thread 5" [_thread_blocked, id=1260, stack(0x00000000231f0000,0x00000000232f0000)]
  0x000000002015b000 JavaThread "Build operations Thread 4" [_thread_blocked, id=6424, stack(0x00000000230f0000,0x00000000231f0000)]
  0x0000000020159000 JavaThread "Build operations Thread 3" [_thread_blocked, id=9812, stack(0x0000000022ff0000,0x00000000230f0000)]
  0x000000002015a800 JavaThread "Build operations Thread 2" [_thread_blocked, id=2200, stack(0x0000000022ef0000,0x0000000022ff0000)]
  0x0000000020152800 JavaThread "Build operations" [_thread_blocked, id=7900, stack(0x00000000211d0000,0x00000000212d0000)]
  0x0000000020156800 JavaThread "Cache worker for cache directory md-rule (C:\Users\saksh\.gradle\caches\5.6.4\md-rule)" [_thread_blocked, id=13344, stack(0x00000000210d0000,0x00000000211d0000)]
  0x000000002014f000 JavaThread "Cache worker for cache directory md-supplier (C:\Users\saksh\.gradle\caches\5.6.4\md-supplier)" [_thread_blocked, id=11488, stack(0x000000001f9a0000,0x000000001faa0000)]
  0x000000002014e000 JavaThread "Cache worker for file hash cache (C:\Users\saksh\AndroidStudioProjects\sahayak\.gradle\5.6.4\fileHashes)" [_thread_blocked, id=10268, stack(0x000000001cf00000,0x000000001d000000)]
  0x0000000020155000 JavaThread "Thread-104" [_thread_blocked, id=13588, stack(0x000000001ce00000,0x000000001cf00000)]
  0x000000002014d800 JavaThread "Stdin handler" [_thread_blocked, id=9520, stack(0x000000001cd00000,0x000000001ce00000)]
  0x0000000020154000 JavaThread "Asynchronous log dispatcher for DefaultDaemonConnection: socket connection from /127.0.0.1:52890 to /127.0.0.1:53057" [_thread_in_native, id=11212, stack(0x000000001ca00000,0x000000001cb00000)]
  0x0000000020152000 JavaThread "Cancel handler" [_thread_blocked, id=4700, stack(0x00000000011c0000,0x00000000012c0000)]
  0x0000000020153800 JavaThread "Handler for socket connection from /127.0.0.1:52890 to /127.0.0.1:53057" [_thread_in_native, id=9140, stack(0x00000000010c0000,0x00000000011c0000)]
  0x000000002014f800 JavaThread "Cache worker for Java compile cache (C:\Users\saksh\.gradle\caches\5.6.4\javaCompile)" [_thread_blocked, id=2496, stack(0x0000000026fc0000,0x00000000270c0000)]
  0x0000000019830800 JavaThread "Daemon worker Thread 2" [_thread_blocked, id=13552, stack(0x000000001c900000,0x000000001ca00000)]
  0x0000000019831800 JavaThread "Daemon Thread 2" [_thread_blocked, id=416, stack(0x0000000000fc0000,0x00000000010c0000)]
  0x0000000020158000 JavaThread "Cache worker for file content cache (C:\Users\saksh\.gradle\caches\5.6.4\fileContent)" [_thread_blocked, id=7688, stack(0x0000000024480000,0x0000000024580000)]
  0x0000000020150800 JavaThread "Memory manager" [_thread_blocked, id=2484, stack(0x0000000023cf0000,0x0000000023df0000)]
  0x000000001a866800 JavaThread "Cache worker for execution history cache (C:\Users\saksh\.gradle\caches\5.6.4\executionHistory)" [_thread_blocked, id=8816, stack(0x00000000212d0000,0x00000000213d0000)]
  0x000000001a867800 JavaThread "Cache worker for journal cache (C:\Users\saksh\.gradle\caches\journal-1)" [_thread_blocked, id=10556, stack(0x000000001d500000,0x000000001d600000)]
  0x000000001a869000 JavaThread "File lock request listener" [_thread_in_native, id=13848, stack(0x000000001d400000,0x000000001d500000)]
  0x00000000198e1000 JavaThread "Cache worker for file hash cache (C:\Users\saksh\.gradle\caches\5.6.4\fileHashes)" [_thread_blocked, id=12464, stack(0x000000001d300000,0x000000001d400000)]
  0x000000001b2eb000 JavaThread "Daemon periodic checks" [_thread_blocked, id=1068, stack(0x000000001c800000,0x000000001c900000)]
  0x000000001b2a4000 JavaThread "Incoming local TCP Connector on port 52890" [_thread_in_native, id=13600, stack(0x000000001c5c0000,0x000000001c6c0000)]
  0x00000000197f6800 JavaThread "Daemon health stats" [_thread_blocked, id=12276, stack(0x000000001bf80000,0x000000001c080000)]
  0x00000000189a1800 JavaThread "Service Thread" daemon [_thread_blocked, id=5040, stack(0x00000000195e0000,0x00000000196e0000)]
  0x0000000016b1e000 JavaThread "C1 CompilerThread3" daemon [_thread_blocked, id=15544, stack(0x00000000194e0000,0x00000000195e0000)]
  0x0000000016b19000 JavaThread "C2 CompilerThread2" daemon [_thread_in_native, id=2456, stack(0x00000000193e0000,0x00000000194e0000)]
=>0x0000000018910800 JavaThread "C2 CompilerThread1" daemon [_thread_in_native, id=3804, stack(0x00000000192e0000,0x00000000193e0000)]
  0x000000001890d800 JavaThread "C2 CompilerThread0" daemon [_thread_in_native, id=14272, stack(0x00000000191e0000,0x00000000192e0000)]
  0x000000001890c000 JavaThread "Attach Listener" daemon [_thread_blocked, id=14572, stack(0x00000000190e0000,0x00000000191e0000)]
  0x0000000018909000 JavaThread "Signal Dispatcher" daemon [_thread_blocked, id=14256, stack(0x0000000018fe0000,0x00000000190e0000)]
  0x0000000002d4e000 JavaThread "Finalizer" daemon [_thread_blocked, id=14864, stack(0x0000000018de0000,0x0000000018ee0000)]
  0x0000000002d45000 JavaThread "Reference Handler" daemon [_thread_blocked, id=5188, stack(0x0000000018ce0000,0x0000000018de0000)]
  0x0000000002b2e000 JavaThread "main" [_thread_blocked, id=2796, stack(0x0000000002b50000,0x0000000002c50000)]

Other Threads:
  0x0000000016b08000 VMThread [stack: 0x00000000187e0000,0x00000000188e0000] [id=11460]
  0x00000000189a2800 WatcherThread [stack: 0x00000000196e0000,0x00000000197e0000] [id=16208]

VM state:not at safepoint (normal execution)

VM Mutex/Monitor currently owned by a thread: None

heap address: 0x00000000a0000000, size: 1536 MB, Compressed Oops mode: 32-bit
Narrow klass base: 0x0000000000000000, Narrow klass shift: 3
Compressed class space size: 1073741824 Address: 0x0000000100000000

Heap:
 PSYoungGen      total 247808K, used 183676K [0x00000000e0000000, 0x00000000f3880000, 0x0000000100000000)
  eden space 196608K, 87% used [0x00000000e0000000,0x00000000ea778188,0x00000000ec000000)
  from space 51200K, 23% used [0x00000000ec000000,0x00000000ecbe7088,0x00000000ef200000)
  to   space 49664K, 0% used [0x00000000f0800000,0x00000000f0800000,0x00000000f3880000)
 ParOldGen       total 238592K, used 57531K [0x00000000a0000000, 0x00000000ae900000, 0x00000000e0000000)
  object space 238592K, 24% used [0x00000000a0000000,0x00000000a382ec50,0x00000000ae900000)
 Metaspace       used 83763K, capacity 87131K, committed 87316K, reserved 1124352K
  class space    used 11102K, capacity 11767K, committed 11836K, reserved 1048576K

Card table byte_map: [0x0000000012110000,0x0000000012420000] byte_map_base: 0x0000000011c10000

Marking Bits: (ParMarkBitMap*) 0x0000000065f49f30
 Begin Bits: [0x0000000012e20000, 0x0000000014620000)
 End Bits:   [0x0000000014620000, 0x0000000015e20000)

Polling page: 0x0000000000e20000

CodeCache: size=245760Kb used=39255Kb max_used=39920Kb free=206504Kb
 bounds [0x0000000002d50000, 0x0000000005490000, 0x0000000011d50000]
 total_blobs=13212 nmethods=12354 adapters=770
 compilation: enabled

Compilation events (10 events):
Event: 1419.555 Thread 0x0000000016b19000 nmethod 15112 0x000000000380b8d0 code [0x000000000380ba20, 0x000000000380bac8]
Event: 1419.557 Thread 0x0000000016b19000 15113       4       org.gradle.internal.execution.history.changes.PropertyChanges::accept (21 bytes)
Event: 1419.559 Thread 0x0000000016b19000 nmethod 15113 0x00000000032d22d0 code [0x00000000032d2420, 0x00000000032d2528]
Event: 1419.560 Thread 0x0000000016b19000 15131   !   4       org.gradle.internal.Try$Success::flatMap (20 bytes)
Event: 1419.563 Thread 0x0000000016b1e000 15133       3       org.gradle.internal.snapshot.impl.DefaultValueSnapshotter$IsolatableVisitor::managedValue (10 bytes)
Event: 1419.563 Thread 0x0000000016b1e000 nmethod 15133 0x00000000038357d0 code [0x00000000038359a0, 0x0000000003836088]
Event: 1419.565 Thread 0x0000000016b1e000 15134       3       org.gradle.internal.snapshot.impl.DefaultValueSnapshotter$IsolatableVisitor::managedValue (30 bytes)
Event: 1419.565 Thread 0x0000000016b1e000 nmethod 15134 0x00000000035c4090 code [0x00000000035c4240, 0x00000000035c47a8]
Event: 1419.566 Thread 0x0000000016b1e000 15135       3       org.gradle.internal.state.DefaultManagedFactoryRegistry::lookup (41 bytes)
Event: 1419.567 Thread 0x0000000016b1e000 nmethod 15135 0x000000000357cb90 code [0x000000000357cd60, 0x000000000357d498]

GC Heap History (10 events):
Event: 13.310 GC heap before
{Heap before GC invocations=19 (full 3):
 PSYoungGen      total 194560K, used 191799K [0x00000000e0000000, 0x00000000f0580000, 0x0000000100000000)
  eden space 160768K, 98% used [0x00000000e0000000,0x00000000e9a556a0,0x00000000e9d00000)
  from space 33792K, 99% used [0x00000000e9d00000,0x00000000ebdf88e0,0x00000000ebe00000)
  to   space 39424K, 0% used [0x00000000edf00000,0x00000000edf00000,0x00000000f0580000)
 ParOldGen       total 147456K, used 70450K [0x00000000a0000000, 0x00000000a9000000, 0x00000000e0000000)
  object space 147456K, 47% used [0x00000000a0000000,0x00000000a44ccb58,0x00000000a9000000)
 Metaspace       used 65126K, capacity 68029K, committed 68244K, reserved 1107968K
  class space    used 9029K, capacity 9588K, committed 9660K, reserved 1048576K
Event: 13.372 GC heap after
Heap after GC invocations=19 (full 3):
 PSYoungGen      total 210944K, used 39414K [0x00000000e0000000, 0x00000000f3480000, 0x0000000100000000)
  eden space 171520K, 0% used [0x00000000e0000000,0x00000000e0000000,0x00000000ea780000)
  from space 39424K, 99% used [0x00000000edf00000,0x00000000f057d840,0x00000000f0580000)
  to   space 56832K, 0% used [0x00000000ea780000,0x00000000ea780000,0x00000000edf00000)
 ParOldGen       total 147456K, used 100053K [0x00000000a0000000, 0x00000000a9000000, 0x00000000e0000000)
  object space 147456K, 67% used [0x00000000a0000000,0x00000000a61b54e8,0x00000000a9000000)
 Metaspace       used 65126K, capacity 68029K, committed 68244K, reserved 1107968K
  class space    used 9029K, capacity 9588K, committed 9660K, reserved 1048576K
}
Event: 18.924 GC heap before
{Heap before GC invocations=20 (full 3):
 PSYoungGen      total 210944K, used 210934K [0x00000000e0000000, 0x00000000f3480000, 0x0000000100000000)
  eden space 171520K, 100% used [0x00000000e0000000,0x00000000ea780000,0x00000000ea780000)
  from space 39424K, 99% used [0x00000000edf00000,0x00000000f057d840,0x00000000f0580000)
  to   space 56832K, 0% used [0x00000000ea780000,0x00000000ea780000,0x00000000edf00000)
 ParOldGen       total 147456K, used 100053K [0x00000000a0000000, 0x00000000a9000000, 0x00000000e0000000)
  object space 147456K, 67% used [0x00000000a0000000,0x00000000a61b54e8,0x00000000a9000000)
 Metaspace       used 73042K, capacity 76245K, committed 76564K, reserved 1116160K
  class space    used 9837K, capacity 10452K, committed 10556K, reserved 1048576K
Event: 18.969 GC heap after
Heap after GC invocations=20 (full 3):
 PSYoungGen      total 228352K, used 20233K [0x00000000e0000000, 0x00000000f2a00000, 0x0000000100000000)
  eden space 171520K, 0% used [0x00000000e0000000,0x00000000e0000000,0x00000000ea780000)
  from space 56832K, 35% used [0x00000000ea780000,0x00000000ebb42478,0x00000000edf00000)
  to   space 53760K, 0% used [0x00000000ef580000,0x00000000ef580000,0x00000000f2a00000)
 ParOldGen       total 147456K, used 133807K [0x00000000a0000000, 0x00000000a9000000, 0x00000000e0000000)
  object space 147456K, 90% used [0x00000000a0000000,0x00000000a82abff0,0x00000000a9000000)
 Metaspace       used 73042K, capacity 76245K, committed 76564K, reserved 1116160K
  class space    used 9837K, capacity 10452K, committed 10556K, reserved 1048576K
}
Event: 18.969 GC heap before
{Heap before GC invocations=21 (full 4):
 PSYoungGen      total 228352K, used 20233K [0x00000000e0000000, 0x00000000f2a00000, 0x0000000100000000)
  eden space 171520K, 0% used [0x00000000e0000000,0x00000000e0000000,0x00000000ea780000)
  from space 56832K, 35% used [0x00000000ea780000,0x00000000ebb42478,0x00000000edf00000)
  to   space 53760K, 0% used [0x00000000ef580000,0x00000000ef580000,0x00000000f2a00000)
 ParOldGen       total 147456K, used 133807K [0x00000000a0000000, 0x00000000a9000000, 0x00000000e0000000)
  object space 147456K, 90% used [0x00000000a0000000,0x00000000a82abff0,0x00000000a9000000)
 Metaspace       used 73042K, capacity 76245K, committed 76564K, reserved 1116160K
  class space    used 9837K, capacity 10452K, committed 10556K, reserved 1048576K
Event: 19.078 GC heap after
Heap after GC invocations=21 (full 4):
 PSYoungGen      total 228352K, used 0K [0x00000000e0000000, 0x00000000f2a00000, 0x0000000100000000)
  eden space 171520K, 0% used [0x00000000e0000000,0x00000000e0000000,0x00000000ea780000)
  from space 56832K, 0% used [0x00000000ea780000,0x00000000ea780000,0x00000000edf00000)
  to   space 53760K, 0% used [0x00000000ef580000,0x00000000ef580000,0x00000000f2a00000)
 ParOldGen       total 238592K, used 57515K [0x00000000a0000000, 0x00000000ae900000, 0x00000000e0000000)
  object space 238592K, 24% used [0x00000000a0000000,0x00000000a382ac50,0x00000000ae900000)
 Metaspace       used 72802K, capacity 75523K, committed 76564K, reserved 1116160K
  class space    used 9758K, capacity 10309K, committed 10556K, reserved 1048576K
}
Event: 28.674 GC heap before
{Heap before GC invocations=22 (full 4):
 PSYoungGen      total 228352K, used 171520K [0x00000000e0000000, 0x00000000f2a00000, 0x0000000100000000)
  eden space 171520K, 100% used [0x00000000e0000000,0x00000000ea780000,0x00000000ea780000)
  from space 56832K, 0% used [0x00000000ea780000,0x00000000ea780000,0x00000000edf00000)
  to   space 53760K, 0% used [0x00000000ef580000,0x00000000ef580000,0x00000000f2a00000)
 ParOldGen       total 238592K, used 57515K [0x00000000a0000000, 0x00000000ae900000, 0x00000000e0000000)
  object space 238592K, 24% used [0x00000000a0000000,0x00000000a382ac50,0x00000000ae900000)
 Metaspace       used 75911K, capacity 78741K, committed 79380K, reserved 1118208K
  class space    used 10125K, capacity 10710K, committed 10812K, reserved 1048576K
Event: 28.689 GC heap after
Heap after GC invocations=22 (full 4):
 PSYoungGen      total 244224K, used 15313K [0x00000000e0000000, 0x00000000f2400000, 0x0000000100000000)
  eden space 196608K, 0% used [0x00000000e0000000,0x00000000e0000000,0x00000000ec000000)
  from space 47616K, 32% used [0x00000000ef580000,0x00000000f0474638,0x00000000f2400000)
  to   space 51200K, 0% used [0x00000000ec000000,0x00000000ec000000,0x00000000ef200000)
 ParOldGen       total 238592K, used 57523K [0x00000000a0000000, 0x00000000ae900000, 0x00000000e0000000)
  object space 238592K, 24% used [0x00000000a0000000,0x00000000a382cc50,0x00000000ae900000)
 Metaspace       used 75911K, capacity 78741K, committed 79380K, reserved 1118208K
  class space    used 10125K, capacity 10710K, committed 10812K, reserved 1048576K
}
Event: 1402.655 GC heap before
{Heap before GC invocations=23 (full 4):
 PSYoungGen      total 244224K, used 211921K [0x00000000e0000000, 0x00000000f2400000, 0x0000000100000000)
  eden space 196608K, 100% used [0x00000000e0000000,0x00000000ec000000,0x00000000ec000000)
  from space 47616K, 32% used [0x00000000ef580000,0x00000000f0474638,0x00000000f2400000)
  to   space 51200K, 0% used [0x00000000ec000000,0x00000000ec000000,0x00000000ef200000)
 ParOldGen       total 238592K, used 57523K [0x00000000a0000000, 0x00000000ae900000, 0x00000000e0000000)
  object space 238592K, 24% used [0x00000000a0000000,0x00000000a382cc50,0x00000000ae900000)
 Metaspace       used 78728K, capacity 81929K, committed 82068K, reserved 1120256K
  class space    used 10472K, capacity 11152K, committed 11196K, reserved 1048576K
Event: 1402.663 GC heap after
Heap after GC invocations=23 (full 4):
 PSYoungGen      total 247808K, used 12188K [0x00000000e0000000, 0x00000000f3880000, 0x0000000100000000)
  eden space 196608K, 0% used [0x00000000e0000000,0x00000000e0000000,0x00000000ec000000)
  from space 51200K, 23% used [0x00000000ec000000,0x00000000ecbe7088,0x00000000ef200000)
  to   space 49664K, 0% used [0x00000000f0800000,0x00000000f0800000,0x00000000f3880000)
 ParOldGen       total 238592K, used 57531K [0x00000000a0000000, 0x00000000ae900000, 0x00000000e0000000)
  object space 238592K, 24% used [0x00000000a0000000,0x00000000a382ec50,0x00000000ae900000)
 Metaspace       used 78728K, capacity 81929K, committed 82068K, reserved 1120256K
  class space    used 10472K, capacity 11152K, committed 11196K, reserved 1048576K
}

Deoptimization events (10 events):
Event: 1404.998 Thread 0x00000000203a6800 Uncommon trap: reason=unstable_if action=reinterpret pc=0x0000000003d74f74 method=org.gradle.internal.execution.history.changes.SortedMapDiffUtil.diff(Ljava/util/SortedMap;Ljava/util/SortedMap;Lorg/gradle/internal/execution/history/changes/PropertyDiffLis
Event: 1405.000 Thread 0x00000000203a6800 Uncommon trap: reason=unstable_if action=reinterpret pc=0x0000000005039028 method=org.gradle.internal.operations.DefaultBuildOperationExecutor$3.stop()V @ 61
Event: 1405.000 Thread 0x00000000203a6800 Uncommon trap: reason=unstable_if action=reinterpret pc=0x0000000004004e64 method=org.gradle.execution.plan.Node.isComplete()Z @ 17
Event: 1405.012 Thread 0x0000000019830800 Uncommon trap: reason=bimorphic action=maybe_recompile pc=0x00000000036f549c method=org.gradle.internal.logging.text.AbstractStyledTextOutput.text(Ljava/lang/Object;)Lorg/gradle/internal/logging/text/StyledTextOutput; @ 11
Event: 1405.021 Thread 0x0000000019830800 Uncommon trap: reason=class_check action=maybe_recompile pc=0x0000000002f2c9a0 method=java.lang.String.equals(Ljava/lang/Object;)Z @ 8
Event: 1405.021 Thread 0x0000000019830800 Uncommon trap: reason=class_check action=maybe_recompile pc=0x0000000002f2c9a0 method=java.lang.String.equals(Ljava/lang/Object;)Z @ 8
Event: 1405.021 Thread 0x0000000019830800 Uncommon trap: reason=class_check action=maybe_recompile pc=0x0000000002f2c9a0 method=java.lang.String.equals(Ljava/lang/Object;)Z @ 8
Event: 1405.022 Thread 0x0000000019830800 Uncommon trap: reason=class_check action=maybe_recompile pc=0x0000000002f2c9a0 method=java.lang.String.equals(Ljava/lang/Object;)Z @ 8
Event: 1419.103 Thread 0x0000000019830800 Uncommon trap: reason=predicate action=maybe_recompile pc=0x00000000051759c8 method=com.google.common.collect.RegularImmutableMap.fromEntryArray(I[Ljava/util/Map$Entry;)Lcom/google/common/collect/ImmutableMap; @ 62
Event: 1419.136 Thread 0x0000000019830800 Uncommon trap: reason=class_check action=maybe_recompile pc=0x0000000003923fd4 method=java.util.Collections$SynchronizedCollection.add(Ljava/lang/Object;)Z @ 12

Classes redefined (0 events):
No events

Internal exceptions (10 events):
Event: 1401.642 Thread 0x00000000203a6800 Exception <a 'java/lang/NoSuchMethodError': java.lang.Object.lambda$comparingByKey$bbdbfea9$1(Ljava/util/Map$Entry;Ljava/util/Map$Entry;)I> (0x00000000e7a1f630) thrown at [D:\src\AOSP-openjdk-cygwin\jdk8u\hotspot\src\share\vm\interpreter\linkResolver.cpp,
Event: 1401.729 Thread 0x00000000203a6800 Implicit null exception at 0x0000000003b03f5e to 0x0000000003b040e1
Event: 1402.095 Thread 0x00000000203a6800 Implicit null exception at 0x00000000050586b5 to 0x0000000005058739
Event: 1402.221 Thread 0x00000000203a6800 Exception <a 'java/lang/NoSuchMethodError': <clinit>> (0x00000000e9f33e10) thrown at [D:\src\AOSP-openjdk-cygwin\jdk8u\hotspot\src\share\vm\prims\jni.cpp, line 1614]
Event: 1402.222 Thread 0x00000000203a6800 Exception <a 'java/lang/NoSuchMethodError': <clinit>> (0x00000000e9f48c78) thrown at [D:\src\AOSP-openjdk-cygwin\jdk8u\hotspot\src\share\vm\prims\jni.cpp, line 1614]
Event: 1404.410 Thread 0x00000000203ab800 Exception <a 'sun/nio/fs/WindowsException'> (0x00000000e0f0cab8) thrown at [D:\src\AOSP-openjdk-cygwin\jdk8u\hotspot\src\share\vm\prims\jni.cpp, line 710]
Event: 1404.410 Thread 0x00000000203ab800 Exception <a 'sun/nio/fs/WindowsException'> (0x00000000e0f0cf60) thrown at [D:\src\AOSP-openjdk-cygwin\jdk8u\hotspot\src\share\vm\prims\jni.cpp, line 710]
Event: 1404.997 Thread 0x00000000203a6800 Exception <a 'java/lang/reflect/InvocationTargetException'> (0x00000000e5af24c0) thrown at [D:\src\AOSP-openjdk-cygwin\jdk8u\hotspot\src\share\vm\runtime\reflection.cpp, line 1092]
Event: 1405.008 Thread 0x0000000019830800 Exception <a 'sun/nio/fs/WindowsException'> (0x00000000e2031370) thrown at [D:\src\AOSP-openjdk-cygwin\jdk8u\hotspot\src\share\vm\prims\jni.cpp, line 710]
Event: 1419.106 Thread 0x0000000019830800 Exception <a 'sun/nio/fs/WindowsException'> (0x00000000e6b72290) thrown at [D:\src\AOSP-openjdk-cygwin\jdk8u\hotspot\src\share\vm\prims\jni.cpp, line 710]

Events (10 events):
Event: 1419.564 Thread 0x0000000016b1e000 flushing nmethod 0x0000000004292590
Event: 1419.565 Thread 0x0000000016b1e000 flushing nmethod 0x00000000043c9e50
Event: 1419.566 Thread 0x0000000016b1e000 flushing nmethod 0x00000000043ee810
Event: 1419.566 Thread 0x0000000016b1e000 flushing nmethod 0x0000000004401910
Event: 1419.566 Thread 0x0000000016b1e000 flushing nmethod 0x0000000004419d50
Event: 1419.566 Thread 0x0000000016b1e000 flushing nmethod 0x0000000004425590
Event: 1419.566 Thread 0x0000000016b1e000 flushing nmethod 0x00000000044c9f50
Event: 1419.566 Thread 0x0000000016b1e000 flushing nmethod 0x00000000044cfa10
Event: 1419.566 Thread 0x0000000016b1e000 flushing nmethod 0x00000000044d65d0
Event: 1419.566 Thread 0x0000000016b1e000 flushing nmethod 0x0000000004542b90


Dynamic libraries:
0x00007ff678cf0000 - 0x00007ff678d21000 	C:\Program Files\Android\Android Studio\jre\bin\java.exe
0x00007fff67380000 - 0x00007fff67570000 	C:\WINDOWS\SYSTEM32\ntdll.dll
0x00007fff667a0000 - 0x00007fff66852000 	C:\WINDOWS\System32\KERNEL32.DLL
0x00007fff64e80000 - 0x00007fff65123000 	C:\WINDOWS\System32\KERNELBASE.dll
0x00007fff66b80000 - 0x00007fff66c23000 	C:\WINDOWS\System32\ADVAPI32.dll
0x00007fff65e40000 - 0x00007fff65ede000 	C:\WINDOWS\System32\msvcrt.dll
0x00007fff66d30000 - 0x00007fff66dc7000 	C:\WINDOWS\System32\sechost.dll
0x00007fff668d0000 - 0x00007fff669f0000 	C:\WINDOWS\System32\RPCRT4.dll
0x00007fff65c90000 - 0x00007fff65e24000 	C:\WINDOWS\System32\USER32.dll
0x00007fff65200000 - 0x00007fff65221000 	C:\WINDOWS\System32\win32u.dll
0x00007fff669f0000 - 0x00007fff66a16000 	C:\WINDOWS\System32\GDI32.dll
0x00007fff64ce0000 - 0x00007fff64e74000 	C:\WINDOWS\System32\gdi32full.dll
0x00007fff64310000 - 0x00007fff643ae000 	C:\WINDOWS\System32\msvcp_win.dll
0x00007fff64be0000 - 0x00007fff64cda000 	C:\WINDOWS\System32\ucrtbase.dll
0x00007fff4e670000 - 0x00007fff4e8f5000 	C:\WINDOWS\WinSxS\amd64_microsoft.windows.common-controls_6595b64144ccf1df_6.0.18362.720_none_e6beb5c51314836b\COMCTL32.dll
0x00007fff66dd0000 - 0x00007fff67106000 	C:\WINDOWS\System32\combase.dll
0x00007fff64b30000 - 0x00007fff64bb0000 	C:\WINDOWS\System32\bcryptPrimitives.dll
0x00007fff66c30000 - 0x00007fff66c5e000 	C:\WINDOWS\System32\IMM32.DLL
0x00000000656a0000 - 0x0000000065772000 	C:\Program Files\Android\Android Studio\jre\jre\bin\msvcr100.dll
0x0000000065780000 - 0x0000000065fc6000 	C:\Program Files\Android\Android Studio\jre\jre\bin\server\jvm.dll
0x00007fff65e30000 - 0x00007fff65e38000 	C:\WINDOWS\System32\PSAPI.DLL
0x00007fff4f020000 - 0x00007fff4f029000 	C:\WINDOWS\SYSTEM32\WSOCK32.dll
0x00007fff62c10000 - 0x00007fff62c1a000 	C:\WINDOWS\SYSTEM32\VERSION.dll
0x00007fff61b90000 - 0x00007fff61bb4000 	C:\WINDOWS\SYSTEM32\WINMM.dll
0x00007fff672d0000 - 0x00007fff6733f000 	C:\WINDOWS\System32\WS2_32.dll
0x00007fff61b60000 - 0x00007fff61b8d000 	C:\WINDOWS\SYSTEM32\winmmbase.dll
0x00007fff65190000 - 0x00007fff651da000 	C:\WINDOWS\System32\cfgmgr32.dll
0x00007fff61b40000 - 0x00007fff61b4f000 	C:\Program Files\Android\Android Studio\jre\jre\bin\verify.dll
0x00007fff561c0000 - 0x00007fff561e9000 	C:\Program Files\Android\Android Studio\jre\jre\bin\java.dll
0x00007fff60860000 - 0x00007fff60876000 	C:\Program Files\Android\Android Studio\jre\jre\bin\zip.dll
0x00007fff660b0000 - 0x00007fff66795000 	C:\WINDOWS\System32\SHELL32.dll
0x00007fff65be0000 - 0x00007fff65c89000 	C:\WINDOWS\System32\shcore.dll
0x00007fff643b0000 - 0x00007fff64b30000 	C:\WINDOWS\System32\windows.storage.dll
0x00007fff642e0000 - 0x00007fff64303000 	C:\WINDOWS\System32\profapi.dll
0x00007fff64250000 - 0x00007fff6429a000 	C:\WINDOWS\System32\powrprof.dll
0x00007fff64240000 - 0x00007fff64250000 	C:\WINDOWS\System32\UMPDC.dll
0x00007fff67110000 - 0x00007fff67162000 	C:\WINDOWS\System32\shlwapi.dll
0x00007fff642a0000 - 0x00007fff642b1000 	C:\WINDOWS\System32\kernel.appcore.dll
0x00007fff651e0000 - 0x00007fff651f7000 	C:\WINDOWS\System32\cryptsp.dll
0x00007fff560c0000 - 0x00007fff560da000 	C:\Program Files\Android\Android Studio\jre\jre\bin\net.dll
0x00007fff532a0000 - 0x00007fff53475000 	C:\WINDOWS\SYSTEM32\urlmon.dll
0x00007fff54890000 - 0x00007fff54b36000 	C:\WINDOWS\SYSTEM32\iertutil.dll
0x00007fff63c20000 - 0x00007fff63c2c000 	C:\WINDOWS\SYSTEM32\CRYPTBASE.DLL
0x00007fff63a50000 - 0x00007fff63ab7000 	C:\WINDOWS\system32\mswsock.dll
0x00007fff560a0000 - 0x00007fff560b3000 	C:\Program Files\Android\Android Studio\jre\jre\bin\nio.dll
0x00007fff50200000 - 0x00007fff50226000 	C:\Users\saksh\.gradle\native\30\windows-amd64\native-platform.dll
0x00007fff61b30000 - 0x00007fff61b3d000 	C:\Program Files\Android\Android Studio\jre\jre\bin\management.dll
0x00007fff635c0000 - 0x00007fff635f3000 	C:\WINDOWS\system32\rsaenh.dll
0x00007fff64bb0000 - 0x00007fff64bd6000 	C:\WINDOWS\System32\bcrypt.dll
0x00007fff64130000 - 0x00007fff64155000 	C:\WINDOWS\SYSTEM32\USERENV.dll
0x00007fff63760000 - 0x00007fff6379a000 	C:\WINDOWS\SYSTEM32\IPHLPAPI.DLL
0x00007fff66b70000 - 0x00007fff66b78000 	C:\WINDOWS\System32\NSI.dll
0x00007fff576b0000 - 0x00007fff576c6000 	C:\WINDOWS\SYSTEM32\dhcpcsvc6.DLL
0x00007fff57780000 - 0x00007fff5779c000 	C:\WINDOWS\SYSTEM32\dhcpcsvc.DLL
0x00007fff637a0000 - 0x00007fff6386a000 	C:\WINDOWS\SYSTEM32\DNSAPI.dll

VM Arguments:
jvm_args: -Xmx1536m -Dfile.encoding=windows-1252 -Duser.country=IN -Duser.language=en -Duser.variant 
java_command: org.gradle.launcher.daemon.bootstrap.GradleDaemon 5.6.4
java_class_path (initial): C:\Users\saksh\.gradle\wrapper\dists\gradle-5.6.4-all\ankdp27end7byghfw1q2sw75f\gradle-5.6.4\lib\gradle-launcher-5.6.4.jar
Launcher Type: SUN_STANDARD

Environment Variables:
PATH=C:\app\saksh\product\11.2.0\dbhome_2\bin;C:\Program Files (x86)\Common Files\Oracle\Java\javapath;C:\Program Files (x86)\Intel\iCLS Client\;C:\Program Files\Intel\iCLS Client\;C:\WINDOWS\system32;C:\WINDOWS;C:\WINDOWS\System32\Wbem;C:\WINDOWS\System32\WindowsPowerShell\v1.0\;C:\WINDOWS\System32\OpenSSH\;C:\Program Files (x86)\Intel\Intel(R) Management Engine Components\DAL;C:\Program Files\Intel\Intel(R) Management Engine Components\DAL;C:\Program Files (x86)\Intel\Intel(R) Management Engine Components\IPT;C:\Program Files\Intel\Intel(R) Management Engine Components\IPT;C:\Program Files\PuTTY\;C:\Program Files\nodejs\;C:\Program Files\Git\cmd;C:\Users\saksh\AppData\Local\Microsoft\WindowsApps;C:\Users\saksh\instantclient-basiclite-windows.x64-19.3.0.0.0dbru;C:\Users\saksh\AppData\Roaming\npm
USERNAME=saksh
OS=Windows_NT
PROCESSOR_IDENTIFIER=Intel64 Family 6 Model 142 Stepping 10, GenuineIntel



---------------  S Y S T E M  ---------------

OS: Windows 10.0 , 64 bit Build 18362 (10.0.18362.329)

CPU:total 8 (initial active 8) (4 cores per cpu, 2 threads per core) family 6 model 142 stepping 10, cmov, cx8, fxsr, mmx, sse, sse2, sse3, ssse3, sse4.1, sse4.2, popcnt, avx, avx2, aes, clmul, erms, 3dnowpref, lzcnt, ht, tsc, tscinvbit, bmi1, bmi2, adx

Memory: 4k page, physical 8295652k(1817568k free), swap 8295652k(5700k free)

vm_info: OpenJDK 64-Bit Server VM (25.212-b04) for windows-amd64 JRE (1.8.0_212-release-1586-b04), built by "builder" with MS VC++ 10.0 (VS2010)

time: Mon Apr 13 15:32:54 2020
timezone: India Standard Time
elapsed time: 1419 seconds (0d 0h 23m 39s)

