#
# There is insufficient memory for the Java Runtime Environment to continue.
# Native memory allocation (malloc) failed to allocate 1510000 bytes for Chunk::new
# Possible reasons:
#   The system is out of physical RAM or swap space
#   The process is running with CompressedOops enabled, and the Java Heap may be blocking the growth of the native heap
# Possible solutions:
#   Reduce memory load on the system
#   Increase physical memory or swap space
#   Check if swap backing store is full
#   Decrease Java heap size (-Xmx/-Xms)
#   Decrease number of Java threads
#   Decrease Java thread stack sizes (-Xss)
#   Set larger code cache with -XX:ReservedCodeCacheSize=
#   JVM is running with Unscaled Compressed Oops mode in which the Java heap is
#     placed in the first 4GB address space. The Java Heap base address is the
#     maximum limit for the native heap growth. Please use -XX:HeapBaseMinAddress
#     to set the Java Heap base and to place the Java Heap above 4GB virtual address.
# This output file may be truncated or incomplete.
#
#  Out of Memory Error (allocation.cpp:389), pid=16332, tid=0x0000000000003128
#
# JRE version: OpenJDK Runtime Environment (8.0_212-b04) (build 1.8.0_212-release-1586-b04)
# Java VM: OpenJDK 64-Bit Server VM (25.212-b04 mixed mode windows-amd64 compressed oops)
# Failed to write core dump. Minidumps are not enabled by default on client versions of Windows
#

---------------  T H R E A D  ---------------

Current thread (0x000000001809d800):  JavaThread "C2 CompilerThread0" daemon [_thread_in_native, id=12584, stack(0x0000000018970000,0x0000000018a70000)]

Stack: [0x0000000018970000,0x0000000018a70000]
[error occurred during error reporting (printing stack bounds), id 0xc0000005]

Native frames: (J=compiled Java code, j=interpreted, Vv=VM code, C=native code)


Current CompileTask:
C2:   9267 4428       4       com.sun.beans.TypeResolver::resolve (37 bytes)


---------------  P R O C E S S  ---------------

Java Threads: ( => current thread )
  0x000000001d4ab800 JavaThread "Cache worker for Build Output Cleanup Cache (C:\Users\saksh\AndroidStudioProjects\sahayak\.gradle\buildOutputCleanup)" [_thread_blocked, id=14840, stack(0x00000000235a0000,0x00000000236a0000)]
  0x000000001d4a4000 JavaThread "pool-1-thread-1" [_thread_blocked, id=10840, stack(0x00000000230a0000,0x00000000231a0000)]
  0x000000001d4aa800 JavaThread "Build operations Thread 8" [_thread_blocked, id=5056, stack(0x0000000022da0000,0x0000000022ea0000)]
  0x000000001d4a3000 JavaThread "Build operations Thread 7" [_thread_blocked, id=2736, stack(0x0000000022ca0000,0x0000000022da0000)]
  0x000000001d4a9000 JavaThread "Build operations Thread 6" [_thread_blocked, id=8844, stack(0x0000000022ba0000,0x0000000022ca0000)]
  0x000000001d4a6000 JavaThread "Build operations Thread 5" [_thread_blocked, id=15668, stack(0x00000000227b0000,0x00000000228b0000)]
  0x000000001d4a7800 JavaThread "Build operations Thread 4" [_thread_blocked, id=8696, stack(0x00000000226b0000,0x00000000227b0000)]
  0x000000001d4aa000 JavaThread "Build operations Thread 3" [_thread_blocked, id=10924, stack(0x00000000225b0000,0x00000000226b0000)]
  0x000000001d4a7000 JavaThread "Build operations Thread 2" [_thread_blocked, id=12008, stack(0x00000000224b0000,0x00000000225b0000)]
  0x000000001d4a2800 JavaThread "Build operations" [_thread_blocked, id=3320, stack(0x00000000223b0000,0x00000000224b0000)]
  0x00000000190c4000 JavaThread "Cache worker for execution history cache (C:\Users\saksh\.gradle\caches\5.6.4\executionHistory)" [_thread_blocked, id=1536, stack(0x0000000020a60000,0x0000000020b60000)]
  0x00000000190ca000 JavaThread "Cache worker for cache directory md-rule (C:\Users\saksh\.gradle\caches\5.6.4\md-rule)" [_thread_blocked, id=15112, stack(0x0000000020960000,0x0000000020a60000)]
  0x00000000190c8000 JavaThread "Cache worker for cache directory md-supplier (C:\Users\saksh\.gradle\caches\5.6.4\md-supplier)" [_thread_blocked, id=13156, stack(0x0000000020860000,0x0000000020960000)]
  0x00000000190c7000 JavaThread "Cache worker for file hash cache (C:\Users\saksh\AndroidStudioProjects\sahayak\.gradle\5.6.4\fileHashes)" [_thread_blocked, id=10000, stack(0x000000001f130000,0x000000001f230000)]
  0x00000000190c3800 JavaThread "Cache worker for journal cache (C:\Users\saksh\.gradle\caches\journal-1)" [_thread_blocked, id=12260, stack(0x000000001cc90000,0x000000001cd90000)]
  0x00000000190c8800 JavaThread "File lock request listener" [_thread_in_native, id=15108, stack(0x000000001cb90000,0x000000001cc90000)]
  0x000000001aa9e800 JavaThread "Cache worker for file hash cache (C:\Users\saksh\.gradle\caches\5.6.4\fileHashes)" [_thread_blocked, id=9656, stack(0x000000001ca90000,0x000000001cb90000)]
  0x000000001ab1a000 JavaThread "Thread-9" [_thread_blocked, id=4876, stack(0x000000001c990000,0x000000001ca90000)]
  0x000000001ab17000 JavaThread "Stdin handler" [_thread_blocked, id=13900, stack(0x000000001c890000,0x000000001c990000)]
  0x000000001ab16000 JavaThread "Asynchronous log dispatcher for DefaultDaemonConnection: socket connection from /127.0.0.1:53412 to /127.0.0.1:53413" [_thread_blocked, id=2808, stack(0x000000001c690000,0x000000001c790000)]
  0x000000001aa8a800 JavaThread "Daemon worker" [_thread_in_Java, id=10400, stack(0x000000001c590000,0x000000001c690000)]
  0x000000001aa02800 JavaThread "Cancel handler" [_thread_blocked, id=14816, stack(0x000000001c490000,0x000000001c590000)]
  0x000000001a9ed000 JavaThread "Handler for socket connection from /127.0.0.1:53412 to /127.0.0.1:53413" [_thread_in_native, id=7824, stack(0x000000001c190000,0x000000001c290000)]
  0x000000001a9ea800 JavaThread "Daemon" [_thread_blocked, id=16004, stack(0x000000001c090000,0x000000001c190000)]
  0x000000001aa45800 JavaThread "Daemon periodic checks" [_thread_blocked, id=15308, stack(0x000000001bf90000,0x000000001c090000)]
  0x000000001a9c6800 JavaThread "Incoming local TCP Connector on port 53412" [_thread_in_native, id=16308, stack(0x000000001bd50000,0x000000001be50000)]
  0x0000000019220800 JavaThread "Daemon health stats" [_thread_blocked, id=12668, stack(0x000000001b710000,0x000000001b810000)]
  0x000000001813c000 JavaThread "Service Thread" daemon [_thread_blocked, id=5712, stack(0x0000000018d70000,0x0000000018e70000)]
  0x00000000180b3000 JavaThread "C1 CompilerThread3" daemon [_thread_blocked, id=6616, stack(0x0000000018c70000,0x0000000018d70000)]
  0x00000000162a9000 JavaThread "C2 CompilerThread2" daemon [_thread_blocked, id=13536, stack(0x0000000018b70000,0x0000000018c70000)]
  0x00000000180a0800 JavaThread "C2 CompilerThread1" daemon [_thread_in_native, id=6304, stack(0x0000000018a70000,0x0000000018b70000)]
=>0x000000001809d800 JavaThread "C2 CompilerThread0" daemon [_thread_in_native, id=12584, stack(0x0000000018970000,0x0000000018a70000)]
  0x000000001809c000 JavaThread "Attach Listener" daemon [_thread_blocked, id=14104, stack(0x0000000018870000,0x0000000018970000)]
  0x0000000018099000 JavaThread "Signal Dispatcher" daemon [_thread_blocked, id=14028, stack(0x0000000018770000,0x0000000018870000)]
  0x00000000024de000 JavaThread "Finalizer" daemon [_thread_blocked, id=8252, stack(0x0000000018570000,0x0000000018670000)]
  0x00000000024d5000 JavaThread "Reference Handler" daemon [_thread_blocked, id=13972, stack(0x0000000018470000,0x0000000018570000)]
  0x0000000000aae000 JavaThread "main" [_thread_blocked, id=15084, stack(0x00000000022e0000,0x00000000023e0000)]

Other Threads:
  0x0000000016298000 VMThread [stack: 0x0000000017f70000,0x0000000018070000] [id=9764]
  0x000000001813d000 WatcherThread [stack: 0x0000000018e70000,0x0000000018f70000] [id=6640]

VM state:not at safepoint (normal execution)

VM Mutex/Monitor currently owned by a thread: None

heap address: 0x00000000a0000000, size: 1536 MB, Compressed Oops mode: 32-bit
Narrow klass base: 0x0000000000000000, Narrow klass shift: 3
Compressed class space size: 1073741824 Address: 0x0000000100000000

Heap:
 PSYoungGen      total 124416K, used 96531K [0x00000000e0000000, 0x00000000e8c80000, 0x0000000100000000)
  eden space 112640K, 75% used [0x00000000e0000000,0x00000000e52f4470,0x00000000e6e00000)
  from space 11776K, 98% used [0x00000000e8100000,0x00000000e8c50868,0x00000000e8c80000)
  to   space 14336K, 0% used [0x00000000e7080000,0x00000000e7080000,0x00000000e7e80000)
 ParOldGen       total 65024K, used 19142K [0x00000000a0000000, 0x00000000a3f80000, 0x00000000e0000000)
  object space 65024K, 29% used [0x00000000a0000000,0x00000000a12b1bf0,0x00000000a3f80000)
 Metaspace       used 50751K, capacity 52434K, committed 52648K, reserved 1095680K
  class space    used 6863K, capacity 7273K, committed 7336K, reserved 1048576K

Card table byte_map: [0x00000000118a0000,0x0000000011bb0000] byte_map_base: 0x00000000113a0000

Marking Bits: (ParMarkBitMap*) 0x00000000645a9f30
 Begin Bits: [0x00000000125b0000, 0x0000000013db0000)
 End Bits:   [0x0000000013db0000, 0x00000000155b0000)

Polling page: 0x0000000000500000

CodeCache: size=245760Kb used=14851Kb max_used=14852Kb free=230908Kb
 bounds [0x00000000024e0000, 0x0000000003370000, 0x00000000114e0000]
 total_blobs=5072 nmethods=4305 adapters=680
 compilation: enabled

Compilation events (10 events):
Event: 9.251 Thread 0x00000000180b3000 nmethod 4639 0x000000000336aed0 code [0x000000000336b020, 0x000000000336b190]
Event: 9.251 Thread 0x00000000180b3000 4640       3       org.gradle.configuration.internal.DefaultUserCodeApplicationContext::current (19 bytes)
Event: 9.251 Thread 0x00000000180b3000 nmethod 4640 0x000000000336a750 code [0x000000000336a8e0, 0x000000000336ad98]
Event: 9.261 Thread 0x00000000180b3000 4641       3       org.gradle.api.internal.DefaultCollectionCallbackActionDecorator::decorate (40 bytes)
Event: 9.262 Thread 0x00000000180b3000 nmethod 4641 0x0000000003369a10 code [0x0000000003369be0, 0x000000000336a478]
Event: 9.262 Thread 0x00000000180b3000 4642       3       org.gradle.api.internal.provider.AbstractProperty::<init> (12 bytes)
Event: 9.263 Thread 0x00000000180b3000 nmethod 4642 0x0000000003369590 code [0x0000000003369700, 0x0000000003369930]
Event: 9.263 Thread 0x00000000180b3000 4643       3       org.gradle.api.internal.provider.ValueSanitizers::forType (29 bytes)
Event: 9.263 Thread 0x00000000180b3000 nmethod 4643 0x0000000003368f90 code [0x0000000003369100, 0x0000000003369470]
Event: 9.265 Thread 0x00000000180b3000 4644       3       org.gradle.internal.operations.DefaultBuildOperationExecutor$DefaultBuildOperationContext::setResult (6 bytes)

GC Heap History (10 events):
Event: 3.993 GC heap before
{Heap before GC invocations=8 (full 1):
 PSYoungGen      total 76288K, used 65536K [0x00000000e0000000, 0x00000000e5800000, 0x0000000100000000)
  eden space 65536K, 100% used [0x00000000e0000000,0x00000000e4000000,0x00000000e4000000)
  from space 10752K, 0% used [0x00000000e4b80000,0x00000000e4b80000,0x00000000e5600000)
  to   space 11776K, 0% used [0x00000000e4000000,0x00000000e4000000,0x00000000e4b80000)
 ParOldGen       total 65024K, used 9933K [0x00000000a0000000, 0x00000000a3f80000, 0x00000000e0000000)
  object space 65024K, 15% used [0x00000000a0000000,0x00000000a09b34f0,0x00000000a3f80000)
 Metaspace       used 28056K, capacity 28554K, committed 28928K, reserved 1075200K
  class space    used 3833K, capacity 4008K, committed 4096K, reserved 1048576K
Event: 4.003 GC heap after
Heap after GC invocations=8 (full 1):
 PSYoungGen      total 77312K, used 7421K [0x00000000e0000000, 0x00000000e7300000, 0x0000000100000000)
  eden space 65536K, 0% used [0x00000000e0000000,0x00000000e0000000,0x00000000e4000000)
  from space 11776K, 63% used [0x00000000e4000000,0x00000000e473f410,0x00000000e4b80000)
  to   space 11264K, 0% used [0x00000000e6800000,0x00000000e6800000,0x00000000e7300000)
 ParOldGen       total 65024K, used 9941K [0x00000000a0000000, 0x00000000a3f80000, 0x00000000e0000000)
  object space 65024K, 15% used [0x00000000a0000000,0x00000000a09b54f0,0x00000000a3f80000)
 Metaspace       used 28056K, capacity 28554K, committed 28928K, reserved 1075200K
  class space    used 3833K, capacity 4008K, committed 4096K, reserved 1048576K
}
Event: 5.042 GC heap before
{Heap before GC invocations=9 (full 1):
 PSYoungGen      total 77312K, used 72957K [0x00000000e0000000, 0x00000000e7300000, 0x0000000100000000)
  eden space 65536K, 100% used [0x00000000e0000000,0x00000000e4000000,0x00000000e4000000)
  from space 11776K, 63% used [0x00000000e4000000,0x00000000e473f410,0x00000000e4b80000)
  to   space 11264K, 0% used [0x00000000e6800000,0x00000000e6800000,0x00000000e7300000)
 ParOldGen       total 65024K, used 9941K [0x00000000a0000000, 0x00000000a3f80000, 0x00000000e0000000)
  object space 65024K, 15% used [0x00000000a0000000,0x00000000a09b54f0,0x00000000a3f80000)
 Metaspace       used 31853K, capacity 32568K, committed 32768K, reserved 1077248K
  class space    used 4305K, capacity 4547K, committed 4608K, reserved 1048576K
Event: 5.053 GC heap after
Heap after GC invocations=9 (full 1):
 PSYoungGen      total 104448K, used 8859K [0x00000000e0000000, 0x00000000e7280000, 0x0000000100000000)
  eden space 93696K, 0% used [0x00000000e0000000,0x00000000e0000000,0x00000000e5b80000)
  from space 10752K, 82% used [0x00000000e6800000,0x00000000e70a6f68,0x00000000e7280000)
  to   space 11776K, 0% used [0x00000000e5b80000,0x00000000e5b80000,0x00000000e6700000)
 ParOldGen       total 65024K, used 9949K [0x00000000a0000000, 0x00000000a3f80000, 0x00000000e0000000)
  object space 65024K, 15% used [0x00000000a0000000,0x00000000a09b74f0,0x00000000a3f80000)
 Metaspace       used 31853K, capacity 32568K, committed 32768K, reserved 1077248K
  class space    used 4305K, capacity 4547K, committed 4608K, reserved 1048576K
}
Event: 5.944 GC heap before
{Heap before GC invocations=10 (full 1):
 PSYoungGen      total 104448K, used 74501K [0x00000000e0000000, 0x00000000e7280000, 0x0000000100000000)
  eden space 93696K, 70% used [0x00000000e0000000,0x00000000e401a5f0,0x00000000e5b80000)
  from space 10752K, 82% used [0x00000000e6800000,0x00000000e70a6f68,0x00000000e7280000)
  to   space 11776K, 0% used [0x00000000e5b80000,0x00000000e5b80000,0x00000000e6700000)
 ParOldGen       total 65024K, used 9949K [0x00000000a0000000, 0x00000000a3f80000, 0x00000000e0000000)
  object space 65024K, 15% used [0x00000000a0000000,0x00000000a09b74f0,0x00000000a3f80000)
 Metaspace       used 34690K, capacity 35410K, committed 35496K, reserved 1079296K
  class space    used 4772K, capacity 4994K, committed 5032K, reserved 1048576K
Event: 5.962 GC heap after
Heap after GC invocations=10 (full 1):
 PSYoungGen      total 105472K, used 11749K [0x00000000e0000000, 0x00000000e8e00000, 0x0000000100000000)
  eden space 93696K, 0% used [0x00000000e0000000,0x00000000e0000000,0x00000000e5b80000)
  from space 11776K, 99% used [0x00000000e5b80000,0x00000000e66f9700,0x00000000e6700000)
  to   space 13312K, 0% used [0x00000000e8100000,0x00000000e8100000,0x00000000e8e00000)
 ParOldGen       total 65024K, used 9957K [0x00000000a0000000, 0x00000000a3f80000, 0x00000000e0000000)
  object space 65024K, 15% used [0x00000000a0000000,0x00000000a09b94f0,0x00000000a3f80000)
 Metaspace       used 34690K, capacity 35410K, committed 35496K, reserved 1079296K
  class space    used 4772K, capacity 4994K, committed 5032K, reserved 1048576K
}
Event: 5.962 GC heap before
{Heap before GC invocations=11 (full 2):
 PSYoungGen      total 105472K, used 11749K [0x00000000e0000000, 0x00000000e8e00000, 0x0000000100000000)
  eden space 93696K, 0% used [0x00000000e0000000,0x00000000e0000000,0x00000000e5b80000)
  from space 11776K, 99% used [0x00000000e5b80000,0x00000000e66f9700,0x00000000e6700000)
  to   space 13312K, 0% used [0x00000000e8100000,0x00000000e8100000,0x00000000e8e00000)
 ParOldGen       total 65024K, used 9957K [0x00000000a0000000, 0x00000000a3f80000, 0x00000000e0000000)
  object space 65024K, 15% used [0x00000000a0000000,0x00000000a09b94f0,0x00000000a3f80000)
 Metaspace       used 34690K, capacity 35410K, committed 35496K, reserved 1079296K
  class space    used 4772K, capacity 4994K, committed 5032K, reserved 1048576K
Event: 6.068 GC heap after
Heap after GC invocations=11 (full 2):
 PSYoungGen      total 105472K, used 0K [0x00000000e0000000, 0x00000000e8e00000, 0x0000000100000000)
  eden space 93696K, 0% used [0x00000000e0000000,0x00000000e0000000,0x00000000e5b80000)
  from space 11776K, 0% used [0x00000000e5b80000,0x00000000e5b80000,0x00000000e6700000)
  to   space 13312K, 0% used [0x00000000e8100000,0x00000000e8100000,0x00000000e8e00000)
 ParOldGen       total 65024K, used 19134K [0x00000000a0000000, 0x00000000a3f80000, 0x00000000e0000000)
  object space 65024K, 29% used [0x00000000a0000000,0x00000000a12afbf0,0x00000000a3f80000)
 Metaspace       used 34690K, capacity 35410K, committed 35496K, reserved 1079296K
  class space    used 4772K, capacity 4994K, committed 5032K, reserved 1048576K
}
Event: 7.783 GC heap before
{Heap before GC invocations=12 (full 2):
 PSYoungGen      total 105472K, used 93696K [0x00000000e0000000, 0x00000000e8e00000, 0x0000000100000000)
  eden space 93696K, 100% used [0x00000000e0000000,0x00000000e5b80000,0x00000000e5b80000)
  from space 11776K, 0% used [0x00000000e5b80000,0x00000000e5b80000,0x00000000e6700000)
  to   space 13312K, 0% used [0x00000000e8100000,0x00000000e8100000,0x00000000e8e00000)
 ParOldGen       total 65024K, used 19134K [0x00000000a0000000, 0x00000000a3f80000, 0x00000000e0000000)
  object space 65024K, 29% used [0x00000000a0000000,0x00000000a12afbf0,0x00000000a3f80000)
 Metaspace       used 43828K, capacity 45046K, committed 45224K, reserved 1087488K
  class space    used 5925K, capacity 6220K, committed 6312K, reserved 1048576K
Event: 7.798 GC heap after
Heap after GC invocations=12 (full 2):
 PSYoungGen      total 124416K, used 11586K [0x00000000e0000000, 0x00000000e8c80000, 0x0000000100000000)
  eden space 112640K, 0% used [0x00000000e0000000,0x00000000e0000000,0x00000000e6e00000)
  from space 11776K, 98% used [0x00000000e8100000,0x00000000e8c50868,0x00000000e8c80000)
  to   space 14336K, 0% used [0x00000000e7080000,0x00000000e7080000,0x00000000e7e80000)
 ParOldGen       total 65024K, used 19142K [0x00000000a0000000, 0x00000000a3f80000, 0x00000000e0000000)
  object space 65024K, 29% used [0x00000000a0000000,0x00000000a12b1bf0,0x00000000a3f80000)
 Metaspace       used 43828K, capacity 45046K, committed 45224K, reserved 1087488K
  class space    used 5925K, capacity 6220K, committed 6312K, reserved 1048576K
}

Deoptimization events (10 events):
Event: 7.773 Thread 0x000000001aa8a800 Uncommon trap: reason=unstable_if action=reinterpret pc=0x000000000309fce8 method=java.security.CodeSource.matchCerts(Ljava/security/CodeSource;Z)Z @ 11
Event: 7.830 Thread 0x000000001aa8a800 Uncommon trap: reason=unstable_if action=reinterpret pc=0x000000000302c454 method=java.util.LinkedHashMap.get(Ljava/lang/Object;)Ljava/lang/Object; @ 20
Event: 7.908 Thread 0x000000001aa8a800 Uncommon trap: reason=unstable_if action=reinterpret pc=0x0000000002d76324 method=org.objectweb.asm.ByteVector.putUTF8(Ljava/lang/String;)Lorg/objectweb/asm/ByteVector; @ 93
Event: 8.020 Thread 0x000000001aa8a800 Uncommon trap: reason=unstable_if action=reinterpret pc=0x0000000002cea1b0 method=org.objectweb.asm.ByteVector.putUTF8(Ljava/lang/String;)Lorg/objectweb/asm/ByteVector; @ 93
Event: 8.395 Thread 0x000000001aa8a800 Uncommon trap: reason=unstable_if action=reinterpret pc=0x0000000003100c70 method=org.gradle.internal.reflect.PropertyAccessorType.of(Ljava/lang/reflect/Method;)Lorg/gradle/internal/reflect/PropertyAccessorType; @ 56
Event: 8.418 Thread 0x000000001aa8a800 Uncommon trap: reason=unstable_if action=reinterpret pc=0x000000000316fba4 method=groovy.lang.MetaClassImpl.filterPropertyMethod(Ljava/lang/Object;ZZ)Ljava/lang/Object; @ 72
Event: 8.609 Thread 0x000000001aa8a800 Uncommon trap: reason=speculate_class_check action=maybe_recompile pc=0x00000000030534e8 method=com.google.common.collect.AbstractIndexedListIterator.next()Ljava/lang/Object; @ 27
Event: 8.609 Thread 0x000000001aa8a800 Uncommon trap: reason=speculate_class_check action=maybe_recompile pc=0x00000000030534e8 method=com.google.common.collect.AbstractIndexedListIterator.next()Ljava/lang/Object; @ 27
Event: 8.609 Thread 0x000000001aa8a800 Uncommon trap: reason=speculate_class_check action=maybe_recompile pc=0x00000000030534e8 method=com.google.common.collect.AbstractIndexedListIterator.next()Ljava/lang/Object; @ 27
Event: 8.610 Thread 0x000000001aa8a800 Uncommon trap: reason=speculate_class_check action=maybe_recompile pc=0x00000000030534e8 method=com.google.common.collect.AbstractIndexedListIterator.next()Ljava/lang/Object; @ 27

Classes redefined (0 events):
No events

Internal exceptions (10 events):
Event: 8.842 Thread 0x000000001aa8a800 Exception <a 'java/lang/ClassNotFoundException': org/gradle/api/internal/file/AbstractFileCollectionBeanInfo> (0x00000000e3ef79e0) thrown at [D:\src\AOSP-openjdk-cygwin\jdk8u\hotspot\src\share\vm\classfile\systemDictionary.cpp, line 210]
Event: 8.843 Thread 0x000000001aa8a800 Exception <a 'java/lang/ClassNotFoundException': org/gradle/api/internal/file/AbstractFileCollectionCustomizer> (0x00000000e3f35610) thrown at [D:\src\AOSP-openjdk-cygwin\jdk8u\hotspot\src\share\vm\classfile\systemDictionary.cpp, line 210]
Event: 8.845 Thread 0x000000001aa8a800 Exception <a 'java/lang/ClassNotFoundException': org/gradle/api/internal/file/CompositeFileCollectionCustomizer> (0x00000000e3f831b0) thrown at [D:\src\AOSP-openjdk-cygwin\jdk8u\hotspot\src\share\vm\classfile\systemDictionary.cpp, line 210]
Event: 8.846 Thread 0x000000001aa8a800 Exception <a 'java/lang/ClassNotFoundException': org/gradle/api/internal/file/CompositeFileTreeCustomizer> (0x00000000e3fcdc30) thrown at [D:\src\AOSP-openjdk-cygwin\jdk8u\hotspot\src\share\vm\classfile\systemDictionary.cpp, line 210]
Event: 8.848 Thread 0x000000001aa8a800 Exception <a 'java/lang/ClassNotFoundException': org/gradle/api/internal/file/collections/DefaultConfigurableFileTreeCustomizer> (0x00000000e4022d70) thrown at [D:\src\AOSP-openjdk-cygwin\jdk8u\hotspot\src\share\vm\classfile\systemDictionary.cpp, line 210
Event: 9.085 Thread 0x000000001aa8a800 Exception <a 'java/lang/ClassNotFoundException': org/gradle/api/plugins/internal/DefaultBasePluginConventionBeanInfo> (0x00000000e4a350b8) thrown at [D:\src\AOSP-openjdk-cygwin\jdk8u\hotspot\src\share\vm\classfile\systemDictionary.cpp, line 210]
Event: 9.086 Thread 0x000000001aa8a800 Exception <a 'java/lang/ClassNotFoundException': org/gradle/api/plugins/BasePluginConventionBeanInfo> (0x00000000e4a5f778) thrown at [D:\src\AOSP-openjdk-cygwin\jdk8u\hotspot\src\share\vm\classfile\systemDictionary.cpp, line 210]
Event: 9.086 Thread 0x000000001aa8a800 Exception <a 'java/lang/ClassNotFoundException': org/gradle/api/plugins/BasePluginConventionCustomizer> (0x00000000e4a8a518) thrown at [D:\src\AOSP-openjdk-cygwin\jdk8u\hotspot\src\share\vm\classfile\systemDictionary.cpp, line 210]
Event: 9.088 Thread 0x000000001aa8a800 Exception <a 'java/lang/ClassNotFoundException': org/gradle/api/plugins/internal/DefaultBasePluginConventionCustomizer> (0x00000000e4acf288) thrown at [D:\src\AOSP-openjdk-cygwin\jdk8u\hotspot\src\share\vm\classfile\systemDictionary.cpp, line 210]
Event: 9.099 Thread 0x000000001aa8a800 Exception <a 'java/lang/NoSuchMethodError': java.lang.Object.lambda$comparingInt$7b0bb60$1(Ljava/util/function/ToIntFunction;Ljava/lang/Object;Ljava/lang/Object;)I> (0x00000000e4b56f78) thrown at [D:\src\AOSP-openjdk-cygwin\jdk8u\hotspot\src\share\vm\inte

Events (10 events):
Event: 9.262 loading class kotlin/jvm/functions/Function1
Event: 9.262 loading class kotlin/jvm/functions/Function1 done
Event: 9.263 loading class com/android/build/gradle/internal/cxx/model/TryCreateCxxModuleModelKt
Event: 9.263 loading class com/android/build/gradle/internal/cxx/model/TryCreateCxxModuleModelKt done
Event: 9.263 loading class com/android/build/gradle/internal/cxx/configure/CmakeLocator
Event: 9.263 loading class com/android/build/gradle/internal/cxx/configure/CmakeLocator done
Event: 9.264 loading class kotlin/Triple
Event: 9.264 loading class kotlin/Triple done
Event: 9.264 loading class kotlin/Triple
Event: 9.264 loading class kotlin/Triple done


Dynamic libraries:
0x00007ff735cf0000 - 0x00007ff735d21000 	C:\Program Files\Android\Android Studio\jre\bin\java.exe
0x00007ffec3100000 - 0x00007ffec32f0000 	C:\WINDOWS\SYSTEM32\ntdll.dll
0x00007ffec2e70000 - 0x00007ffec2f22000 	C:\WINDOWS\System32\KERNEL32.DLL
0x00007ffec04b0000 - 0x00007ffec0753000 	C:\WINDOWS\System32\KERNELBASE.dll
0x00007ffec2ab0000 - 0x00007ffec2b53000 	C:\WINDOWS\System32\ADVAPI32.dll
0x00007ffec17a0000 - 0x00007ffec183e000 	C:\WINDOWS\System32\msvcrt.dll
0x00007ffec1870000 - 0x00007ffec1907000 	C:\WINDOWS\System32\sechost.dll
0x00007ffec15a0000 - 0x00007ffec16c0000 	C:\WINDOWS\System32\RPCRT4.dll
0x00007ffec1350000 - 0x00007ffec14e4000 	C:\WINDOWS\System32\USER32.dll
0x00007ffec0090000 - 0x00007ffec00b1000 	C:\WINDOWS\System32\win32u.dll
0x00007ffec3090000 - 0x00007ffec30b6000 	C:\WINDOWS\System32\GDI32.dll
0x00007ffec1010000 - 0x00007ffec11a4000 	C:\WINDOWS\System32\gdi32full.dll
0x00007ffec03e0000 - 0x00007ffec047e000 	C:\WINDOWS\System32\msvcp_win.dll
0x00007ffec02e0000 - 0x00007ffec03da000 	C:\WINDOWS\System32\ucrtbase.dll
0x00007ffea8de0000 - 0x00007ffea9065000 	C:\WINDOWS\WinSxS\amd64_microsoft.windows.common-controls_6595b64144ccf1df_6.0.18362.720_none_e6beb5c51314836b\COMCTL32.dll
0x00007ffec1970000 - 0x00007ffec1ca6000 	C:\WINDOWS\System32\combase.dll
0x00007ffec0f90000 - 0x00007ffec1010000 	C:\WINDOWS\System32\bcryptPrimitives.dll
0x00007ffec1840000 - 0x00007ffec186e000 	C:\WINDOWS\System32\IMM32.DLL
0x0000000063d00000 - 0x0000000063dd2000 	C:\Program Files\Android\Android Studio\jre\jre\bin\msvcr100.dll
0x0000000063de0000 - 0x0000000064626000 	C:\Program Files\Android\Android Studio\jre\jre\bin\server\jvm.dll
0x00007ffec16c0000 - 0x00007ffec16c8000 	C:\WINDOWS\System32\PSAPI.DLL
0x00007ffeaaf20000 - 0x00007ffeaaf29000 	C:\WINDOWS\SYSTEM32\WSOCK32.dll
0x00007ffebd8f0000 - 0x00007ffebd914000 	C:\WINDOWS\SYSTEM32\WINMM.dll
0x00007ffec23a0000 - 0x00007ffec240f000 	C:\WINDOWS\System32\WS2_32.dll
0x00007ffeb0c50000 - 0x00007ffeb0c5a000 	C:\WINDOWS\SYSTEM32\VERSION.dll
0x00007ffebd890000 - 0x00007ffebd8bd000 	C:\WINDOWS\SYSTEM32\WINMMBASE.dll
0x00007ffec0290000 - 0x00007ffec02da000 	C:\WINDOWS\System32\cfgmgr32.dll
0x00007ffeba0f0000 - 0x00007ffeba0ff000 	C:\Program Files\Android\Android Studio\jre\jre\bin\verify.dll
0x00007ffeb9e40000 - 0x00007ffeb9e69000 	C:\Program Files\Android\Android Studio\jre\jre\bin\java.dll
0x00007ffeb9df0000 - 0x00007ffeb9e06000 	C:\Program Files\Android\Android Studio\jre\jre\bin\zip.dll
0x00007ffec1cb0000 - 0x00007ffec2395000 	C:\WINDOWS\System32\SHELL32.dll
0x00007ffec14f0000 - 0x00007ffec1599000 	C:\WINDOWS\System32\shcore.dll
0x00007ffec0760000 - 0x00007ffec0ee0000 	C:\WINDOWS\System32\windows.storage.dll
0x00007ffebfff0000 - 0x00007ffec0013000 	C:\WINDOWS\System32\profapi.dll
0x00007ffec0020000 - 0x00007ffec006a000 	C:\WINDOWS\System32\powrprof.dll
0x00007ffebffc0000 - 0x00007ffebffd0000 	C:\WINDOWS\System32\UMPDC.dll
0x00007ffec1910000 - 0x00007ffec1962000 	C:\WINDOWS\System32\shlwapi.dll
0x00007ffec0070000 - 0x00007ffec0081000 	C:\WINDOWS\System32\kernel.appcore.dll
0x00007ffec0210000 - 0x00007ffec0227000 	C:\WINDOWS\System32\cryptsp.dll
0x00007ffea4e50000 - 0x00007ffea4e6a000 	C:\Program Files\Android\Android Studio\jre\jre\bin\net.dll
0x00007ffeaf060000 - 0x00007ffeaf235000 	C:\WINDOWS\SYSTEM32\urlmon.dll
0x00007ffeaf3c0000 - 0x00007ffeaf666000 	C:\WINDOWS\SYSTEM32\iertutil.dll
0x00007ffebf9a0000 - 0x00007ffebf9ac000 	C:\WINDOWS\SYSTEM32\CRYPTBASE.DLL
0x00007ffebf7d0000 - 0x00007ffebf837000 	C:\WINDOWS\system32\mswsock.dll
0x00007ffea1c10000 - 0x00007ffea1c23000 	C:\Program Files\Android\Android Studio\jre\jre\bin\nio.dll
0x00007ffe9c7b0000 - 0x00007ffe9c7d6000 	C:\Users\saksh\.gradle\native\30\windows-amd64\native-platform.dll
0x00007ffeaf240000 - 0x00007ffeaf24d000 	C:\Program Files\Android\Android Studio\jre\jre\bin\management.dll
0x00007ffebf340000 - 0x00007ffebf373000 	C:\WINDOWS\system32\rsaenh.dll
0x00007ffec0480000 - 0x00007ffec04a6000 	C:\WINDOWS\System32\bcrypt.dll
0x00007ffebfee0000 - 0x00007ffebff05000 	C:\WINDOWS\SYSTEM32\USERENV.dll
0x00007ffebf4e0000 - 0x00007ffebf51a000 	C:\WINDOWS\SYSTEM32\IPHLPAPI.DLL
0x00007ffec2cc0000 - 0x00007ffec2cc8000 	C:\WINDOWS\System32\NSI.dll
0x00007ffeb6100000 - 0x00007ffeb6116000 	C:\WINDOWS\SYSTEM32\dhcpcsvc6.DLL
0x00007ffeb79b0000 - 0x00007ffeb79cc000 	C:\WINDOWS\SYSTEM32\dhcpcsvc.DLL
0x00007ffebf520000 - 0x00007ffebf5ea000 	C:\WINDOWS\SYSTEM32\DNSAPI.dll

VM Arguments:
jvm_args: -Xmx1536m -Dfile.encoding=windows-1252 -Duser.country=IN -Duser.language=en -Duser.variant 
java_command: org.gradle.launcher.daemon.bootstrap.GradleDaemon 5.6.4
java_class_path (initial): C:\Users\saksh\.gradle\wrapper\dists\gradle-5.6.4-all\ankdp27end7byghfw1q2sw75f\gradle-5.6.4\lib\gradle-launcher-5.6.4.jar
Launcher Type: SUN_STANDARD

Environment Variables:
PATH=C:\app\saksh\product\11.2.0\dbhome_2\bin;C:\Program Files (x86)\Common Files\Oracle\Java\javapath;C:\Program Files (x86)\Intel\iCLS Client\;C:\Program Files\Intel\iCLS Client\;C:\WINDOWS\system32;C:\WINDOWS;C:\WINDOWS\System32\Wbem;C:\WINDOWS\System32\WindowsPowerShell\v1.0\;C:\WINDOWS\System32\OpenSSH\;C:\Program Files (x86)\Intel\Intel(R) Management Engine Components\DAL;C:\Program Files\Intel\Intel(R) Management Engine Components\DAL;C:\Program Files (x86)\Intel\Intel(R) Management Engine Components\IPT;C:\Program Files\Intel\Intel(R) Management Engine Components\IPT;C:\Program Files\PuTTY\;C:\Program Files\nodejs\;C:\Program Files\Git\cmd;C:\Users\saksh\AppData\Local\Microsoft\WindowsApps;C:\Users\saksh\instantclient-basiclite-windows.x64-19.3.0.0.0dbru;C:\Users\saksh\AppData\Roaming\npm
USERNAME=saksh
OS=Windows_NT
PROCESSOR_IDENTIFIER=Intel64 Family 6 Model 142 Stepping 10, GenuineIntel



---------------  S Y S T E M  ---------------

OS: Windows 10.0 , 64 bit Build 18362 (10.0.18362.329)

CPU:total 8 (initial active 8) (4 cores per cpu, 2 threads per core) family 6 model 142 stepping 10, cmov, cx8, fxsr, mmx, sse, sse2, sse3, ssse3, sse4.1, sse4.2, popcnt, avx, avx2, aes, clmul, erms, 3dnowpref, lzcnt, ht, tsc, tscinvbit, bmi1, bmi2, adx

Memory: 4k page, physical 8295652k(2061232k free), swap 8295652k(6216k free)

vm_info: OpenJDK 64-Bit Server VM (25.212-b04) for windows-amd64 JRE (1.8.0_212-release-1586-b04), built by "builder" with MS VC++ 10.0 (VS2010)

time: Sun Apr 12 00:09:01 2020
timezone: India Standard Time
elapsed time: 9 seconds (0d 0h 0m 9s)

