#
# There is insufficient memory for the Java Runtime Environment to continue.
# Native memory allocation (malloc) failed to allocate 1259296 bytes for Chunk::new
# Possible reasons:
#   The system is out of physical RAM or swap space
#   The process is running with CompressedOops enabled, and the Java Heap may be blocking the growth of the native heap
# Possible solutions:
#   Reduce memory load on the system
#   Increase physical memory or swap space
#   Check if swap backing store is full
#   Decrease Java heap size (-Xmx/-Xms)
#   Decrease number of Java threads
#   Decrease Java thread stack sizes (-Xss)
#   Set larger code cache with -XX:ReservedCodeCacheSize=
#   JVM is running with Unscaled Compressed Oops mode in which the Java heap is
#     placed in the first 4GB address space. The Java Heap base address is the
#     maximum limit for the native heap growth. Please use -XX:HeapBaseMinAddress
#     to set the Java Heap base and to place the Java Heap above 4GB virtual address.
# This output file may be truncated or incomplete.
#
#  Out of Memory Error (allocation.cpp:389), pid=10048, tid=0x0000000000000c9c
#
# JRE version: OpenJDK Runtime Environment (8.0_212-b04) (build 1.8.0_212-release-1586-b04)
# Java VM: OpenJDK 64-Bit Server VM (25.212-b04 mixed mode windows-amd64 compressed oops)
# Failed to write core dump. Minidumps are not enabled by default on client versions of Windows
#

---------------  T H R E A D  ---------------

Current thread (0x0000000018520800):  JavaThread "C2 CompilerThread1" daemon [_thread_in_native, id=3228, stack(0x0000000018ef0000,0x0000000018ff0000)]

Stack: [0x0000000018ef0000,0x0000000018ff0000]
[error occurred during error reporting (printing stack bounds), id 0xc0000005]

Native frames: (J=compiled Java code, j=interpreted, Vv=VM code, C=native code)


Current CompileTask:
C2:  14387 5834       4       org.objectweb.asm.Frame::execute (2318 bytes)


---------------  P R O C E S S  ---------------

Java Threads: ( => current thread )
  0x0000000019d66800 JavaThread "Memory manager" [_thread_blocked, id=5828, stack(0x0000000024f50000,0x0000000025050000)]
  0x0000000019d64800 JavaThread "Cache worker for Build Output Cleanup Cache (C:\Users\saksh\AndroidStudioProjects\sahayak\.gradle\buildOutputCleanup)" [_thread_blocked, id=13744, stack(0x0000000024930000,0x0000000024a30000)]
  0x0000000019d63800 JavaThread "pool-1-thread-1" [_thread_blocked, id=10328, stack(0x0000000024a50000,0x0000000024b50000)]
  0x0000000019d5c000 JavaThread "Build operations Thread 8" [_thread_blocked, id=3864, stack(0x0000000024230000,0x0000000024330000)]
  0x0000000019d5d000 JavaThread "Build operations Thread 7" [_thread_blocked, id=4720, stack(0x0000000024130000,0x0000000024230000)]
  0x0000000019d63000 JavaThread "Build operations Thread 6" [_thread_blocked, id=9832, stack(0x0000000024030000,0x0000000024130000)]
  0x0000000019d62000 JavaThread "Build operations Thread 5" [_thread_blocked, id=15416, stack(0x0000000023f30000,0x0000000024030000)]
  0x0000000019d61800 JavaThread "Build operations Thread 4" [_thread_blocked, id=9048, stack(0x0000000023e30000,0x0000000023f30000)]
  0x0000000019d60800 JavaThread "Build operations Thread 3" [_thread_blocked, id=4640, stack(0x0000000023d30000,0x0000000023e30000)]
  0x0000000019d5f000 JavaThread "Build operations Thread 2" [_thread_blocked, id=13668, stack(0x0000000023c30000,0x0000000023d30000)]
  0x0000000019d5b800 JavaThread "Build operations" [_thread_blocked, id=6816, stack(0x0000000021b40000,0x0000000021c40000)]
  0x0000000019d5e800 JavaThread "Cache worker for execution history cache (C:\Users\saksh\.gradle\caches\5.6.4\executionHistory)" [_thread_blocked, id=6772, stack(0x0000000021240000,0x0000000021340000)]
  0x000000001a053800 JavaThread "Cache worker for cache directory md-rule (C:\Users\saksh\.gradle\caches\5.6.4\md-rule)" [_thread_blocked, id=14568, stack(0x0000000021140000,0x0000000021240000)]
  0x000000001a051000 JavaThread "Cache worker for cache directory md-supplier (C:\Users\saksh\.gradle\caches\5.6.4\md-supplier)" [_thread_blocked, id=13536, stack(0x000000001f980000,0x000000001fa80000)]
  0x000000001a04d800 JavaThread "Cache worker for file hash cache (C:\Users\saksh\AndroidStudioProjects\sahayak\.gradle\5.6.4\fileHashes)" [_thread_blocked, id=13352, stack(0x000000001f670000,0x000000001f770000)]
  0x000000001a050800 JavaThread "Cache worker for journal cache (C:\Users\saksh\.gradle\caches\journal-1)" [_thread_blocked, id=14456, stack(0x000000001d110000,0x000000001d210000)]
  0x000000001a04f800 JavaThread "File lock request listener" [_thread_in_native, id=5536, stack(0x000000001d010000,0x000000001d110000)]
  0x000000001a04f000 JavaThread "Cache worker for file hash cache (C:\Users\saksh\.gradle\caches\5.6.4\fileHashes)" [_thread_blocked, id=600, stack(0x000000001cf10000,0x000000001d010000)]
  0x000000001af1e800 JavaThread "Thread-9" [_thread_blocked, id=12488, stack(0x000000001ce10000,0x000000001cf10000)]
  0x000000001af1d800 JavaThread "Stdin handler" [_thread_blocked, id=13104, stack(0x000000001cd10000,0x000000001ce10000)]
  0x000000001af1a800 JavaThread "Asynchronous log dispatcher for DefaultDaemonConnection: socket connection from /127.0.0.1:53372 to /127.0.0.1:53373" [_thread_blocked, id=11496, stack(0x000000001cb10000,0x000000001cc10000)]
  0x000000001af30000 JavaThread "Daemon worker" [_thread_in_Java, id=12260, stack(0x000000001ca10000,0x000000001cb10000)]
  0x000000001af3b000 JavaThread "Cancel handler" [_thread_blocked, id=13220, stack(0x000000001c910000,0x000000001ca10000)]
  0x000000001aed9800 JavaThread "Handler for socket connection from /127.0.0.1:53372 to /127.0.0.1:53373" [_thread_in_native, id=12696, stack(0x000000001c610000,0x000000001c710000)]
  0x000000001aed3000 JavaThread "Daemon" [_thread_blocked, id=4272, stack(0x000000001c510000,0x000000001c610000)]
  0x000000001ae80000 JavaThread "Daemon periodic checks" [_thread_blocked, id=1280, stack(0x000000001c410000,0x000000001c510000)]
  0x000000001ae79000 JavaThread "Incoming local TCP Connector on port 53372" [_thread_in_native, id=10352, stack(0x000000001c1d0000,0x000000001c2d0000)]
  0x000000001ae21000 JavaThread "Daemon health stats" [_thread_blocked, id=10844, stack(0x000000001bb90000,0x000000001bc90000)]
  0x00000000185c3800 JavaThread "Service Thread" daemon [_thread_blocked, id=3280, stack(0x00000000191f0000,0x00000000192f0000)]
  0x0000000018527000 JavaThread "C1 CompilerThread3" daemon [_thread_blocked, id=5780, stack(0x00000000190f0000,0x00000000191f0000)]
  0x0000000016709000 JavaThread "C2 CompilerThread2" daemon [_thread_blocked, id=6336, stack(0x0000000018ff0000,0x00000000190f0000)]
=>0x0000000018520800 JavaThread "C2 CompilerThread1" daemon [_thread_in_native, id=3228, stack(0x0000000018ef0000,0x0000000018ff0000)]
  0x000000001851d800 JavaThread "C2 CompilerThread0" daemon [_thread_in_native, id=3192, stack(0x0000000018df0000,0x0000000018ef0000)]
  0x000000001851c000 JavaThread "Attach Listener" daemon [_thread_blocked, id=3700, stack(0x0000000018cf0000,0x0000000018df0000)]
  0x0000000018519000 JavaThread "Signal Dispatcher" daemon [_thread_blocked, id=14636, stack(0x0000000018bf0000,0x0000000018cf0000)]
  0x000000000293e000 JavaThread "Finalizer" daemon [_thread_blocked, id=10400, stack(0x00000000189f0000,0x0000000018af0000)]
  0x0000000002935000 JavaThread "Reference Handler" daemon [_thread_blocked, id=15696, stack(0x00000000188f0000,0x00000000189f0000)]
  0x000000000283e000 JavaThread "main" [_thread_blocked, id=15692, stack(0x0000000002700000,0x0000000002800000)]

Other Threads:
  0x00000000166f8000 VMThread [stack: 0x00000000183f0000,0x00000000184f0000] [id=10676]
  0x0000000018547000 WatcherThread [stack: 0x00000000192f0000,0x00000000193f0000] [id=7632]

VM state:not at safepoint (normal execution)

VM Mutex/Monitor currently owned by a thread: None

heap address: 0x00000000a0000000, size: 1536 MB, Compressed Oops mode: 32-bit
Narrow klass base: 0x0000000000000000, Narrow klass shift: 3
Compressed class space size: 1073741824 Address: 0x0000000100000000

Heap:
 PSYoungGen      total 109056K, used 65828K [0x00000000e0000000, 0x00000000e8100000, 0x0000000100000000)
  eden space 91648K, 71% used [0x00000000e0000000,0x00000000e40493a0,0x00000000e5980000)
  from space 17408K, 0% used [0x00000000e5980000,0x00000000e5980000,0x00000000e6a80000)
  to   space 14336K, 0% used [0x00000000e6a80000,0x00000000e6a80000,0x00000000e7880000)
 ParOldGen       total 97792K, used 31923K [0x00000000a0000000, 0x00000000a5f80000, 0x00000000e0000000)
  object space 97792K, 32% used [0x00000000a0000000,0x00000000a1f2cd98,0x00000000a5f80000)
 Metaspace       used 59768K, capacity 61770K, committed 61976K, reserved 1101824K
  class space    used 8219K, capacity 8699K, committed 8744K, reserved 1048576K

Card table byte_map: [0x0000000011d00000,0x0000000012010000] byte_map_base: 0x0000000011800000

Marking Bits: (ParMarkBitMap*) 0x00000000645a9f30
 Begin Bits: [0x0000000012a10000, 0x0000000014210000)
 End Bits:   [0x0000000014210000, 0x0000000015a10000)

Polling page: 0x00000000005f0000

CodeCache: size=245760Kb used=17826Kb max_used=18658Kb free=227933Kb
 bounds [0x0000000002940000, 0x0000000003b90000, 0x0000000011940000]
 total_blobs=6097 nmethods=5296 adapters=714
 compilation: enabled

Compilation events (10 events):
Event: 14.372 Thread 0x0000000018527000 nmethod 6012 0x000000000363ced0 code [0x000000000363d020, 0x000000000363d130]
Event: 14.372 Thread 0x0000000018527000 6013       1       org.gradle.api.internal.artifacts.ivyservice.resolutionstrategy.DefaultCachePolicy$CachedArtifactResolutionControl::belongsToChangingModule (5 bytes)
Event: 14.372 Thread 0x0000000018527000 nmethod 6013 0x000000000363cc10 code [0x000000000363cd60, 0x000000000363ce70]
Event: 14.372 Thread 0x0000000016709000 nmethod 5955 0x0000000002fcfd10 code [0x0000000002fcfec0, 0x0000000002fd0ea8]
Event: 14.372 Thread 0x0000000018527000 6015       3       org.gradle.internal.snapshot.impl.StringValueSnapshot::isolate (5 bytes)
Event: 14.372 Thread 0x0000000016709000 5969 %     4       java.util.Arrays::fill @ 5 (21 bytes)
Event: 14.373 Thread 0x0000000018527000 nmethod 6015 0x0000000002f5b150 code [0x0000000002f5b2c0, 0x0000000002f5b570]
Event: 14.374 Thread 0x0000000018527000 6016   !   3       org.gradle.api.internal.artifacts.ivyservice.ivyresolve.ErrorHandlingModuleComponentRepository$ErrorHandlingModuleComponentRepositoryAccess::tryResolveAndMaybeBlacklist (221 bytes)
Event: 14.374 Thread 0x0000000016709000 nmethod 5969% 0x0000000002f5ad90 code [0x0000000002f5aee0, 0x0000000002f5b078]
Event: 14.374 Thread 0x0000000016709000 5957       4       com.esotericsoftware.kryo.io.Input::readVarInt (192 bytes)

GC Heap History (10 events):
Event: 10.532 GC heap before
{Heap before GC invocations=14 (full 2):
 PSYoungGen      total 72192K, used 60416K [0x00000000e0000000, 0x00000000e6900000, 0x0000000100000000)
  eden space 60416K, 100% used [0x00000000e0000000,0x00000000e3b00000,0x00000000e3b00000)
  from space 11776K, 0% used [0x00000000e3b00000,0x00000000e3b00000,0x00000000e4680000)
  to   space 12288K, 0% used [0x00000000e5d00000,0x00000000e5d00000,0x00000000e6900000)
 ParOldGen       total 97792K, used 17709K [0x00000000a0000000, 0x00000000a5f80000, 0x00000000e0000000)
  object space 97792K, 18% used [0x00000000a0000000,0x00000000a114b4a0,0x00000000a5f80000)
 Metaspace       used 39382K, capacity 40660K, committed 40744K, reserved 1085440K
  class space    used 5345K, capacity 5644K, committed 5672K, reserved 1048576K
Event: 10.539 GC heap after
Heap after GC invocations=14 (full 2):
 PSYoungGen      total 83968K, used 7557K [0x00000000e0000000, 0x00000000e6480000, 0x0000000100000000)
  eden space 76288K, 0% used [0x00000000e0000000,0x00000000e0000000,0x00000000e4a80000)
  from space 7680K, 98% used [0x00000000e5d00000,0x00000000e6461580,0x00000000e6480000)
  to   space 12288K, 0% used [0x00000000e4c80000,0x00000000e4c80000,0x00000000e5880000)
 ParOldGen       total 97792K, used 17717K [0x00000000a0000000, 0x00000000a5f80000, 0x00000000e0000000)
  object space 97792K, 18% used [0x00000000a0000000,0x00000000a114d4a0,0x00000000a5f80000)
 Metaspace       used 39382K, capacity 40660K, committed 40744K, reserved 1085440K
  class space    used 5345K, capacity 5644K, committed 5672K, reserved 1048576K
}
Event: 11.891 GC heap before
{Heap before GC invocations=15 (full 2):
 PSYoungGen      total 83968K, used 83845K [0x00000000e0000000, 0x00000000e6480000, 0x0000000100000000)
  eden space 76288K, 100% used [0x00000000e0000000,0x00000000e4a80000,0x00000000e4a80000)
  from space 7680K, 98% used [0x00000000e5d00000,0x00000000e6461580,0x00000000e6480000)
  to   space 12288K, 0% used [0x00000000e4c80000,0x00000000e4c80000,0x00000000e5880000)
 ParOldGen       total 97792K, used 17717K [0x00000000a0000000, 0x00000000a5f80000, 0x00000000e0000000)
  object space 97792K, 18% used [0x00000000a0000000,0x00000000a114d4a0,0x00000000a5f80000)
 Metaspace       used 47704K, capacity 49066K, committed 49320K, reserved 1091584K
  class space    used 6373K, capacity 6698K, committed 6824K, reserved 1048576K
Event: 11.902 GC heap after
Heap after GC invocations=15 (full 2):
 PSYoungGen      total 90624K, used 12285K [0x00000000e0000000, 0x00000000e7880000, 0x0000000100000000)
  eden space 78336K, 0% used [0x00000000e0000000,0x00000000e0000000,0x00000000e4c80000)
  from space 12288K, 99% used [0x00000000e4c80000,0x00000000e587f548,0x00000000e5880000)
  to   space 14336K, 0% used [0x00000000e6a80000,0x00000000e6a80000,0x00000000e7880000)
 ParOldGen       total 97792K, used 19298K [0x00000000a0000000, 0x00000000a5f80000, 0x00000000e0000000)
  object space 97792K, 19% used [0x00000000a0000000,0x00000000a12d89e0,0x00000000a5f80000)
 Metaspace       used 47704K, capacity 49066K, committed 49320K, reserved 1091584K
  class space    used 6373K, capacity 6698K, committed 6824K, reserved 1048576K
}
Event: 13.107 GC heap before
{Heap before GC invocations=16 (full 2):
 PSYoungGen      total 90624K, used 90621K [0x00000000e0000000, 0x00000000e7880000, 0x0000000100000000)
  eden space 78336K, 100% used [0x00000000e0000000,0x00000000e4c80000,0x00000000e4c80000)
  from space 12288K, 99% used [0x00000000e4c80000,0x00000000e587f548,0x00000000e5880000)
  to   space 14336K, 0% used [0x00000000e6a80000,0x00000000e6a80000,0x00000000e7880000)
 ParOldGen       total 97792K, used 19298K [0x00000000a0000000, 0x00000000a5f80000, 0x00000000e0000000)
  object space 97792K, 19% used [0x00000000a0000000,0x00000000a12d89e0,0x00000000a5f80000)
 Metaspace       used 55075K, capacity 56994K, committed 57128K, reserved 1097728K
  class space    used 7432K, capacity 7911K, committed 7976K, reserved 1048576K
Event: 13.121 GC heap after
Heap after GC invocations=16 (full 2):
 PSYoungGen      total 105984K, used 14314K [0x00000000e0000000, 0x00000000e8100000, 0x0000000100000000)
  eden space 91648K, 0% used [0x00000000e0000000,0x00000000e0000000,0x00000000e5980000)
  from space 14336K, 99% used [0x00000000e6a80000,0x00000000e787a8e0,0x00000000e7880000)
  to   space 17408K, 0% used [0x00000000e5980000,0x00000000e5980000,0x00000000e6a80000)
 ParOldGen       total 97792K, used 23650K [0x00000000a0000000, 0x00000000a5f80000, 0x00000000e0000000)
  object space 97792K, 24% used [0x00000000a0000000,0x00000000a1718a58,0x00000000a5f80000)
 Metaspace       used 55075K, capacity 56994K, committed 57128K, reserved 1097728K
  class space    used 7432K, capacity 7911K, committed 7976K, reserved 1048576K
}
Event: 13.505 GC heap before
{Heap before GC invocations=17 (full 2):
 PSYoungGen      total 105984K, used 57129K [0x00000000e0000000, 0x00000000e8100000, 0x0000000100000000)
  eden space 91648K, 46% used [0x00000000e0000000,0x00000000e29cfe10,0x00000000e5980000)
  from space 14336K, 99% used [0x00000000e6a80000,0x00000000e787a8e0,0x00000000e7880000)
  to   space 17408K, 0% used [0x00000000e5980000,0x00000000e5980000,0x00000000e6a80000)
 ParOldGen       total 97792K, used 23650K [0x00000000a0000000, 0x00000000a5f80000, 0x00000000e0000000)
  object space 97792K, 24% used [0x00000000a0000000,0x00000000a1718a58,0x00000000a5f80000)
 Metaspace       used 57087K, capacity 59104K, committed 59160K, reserved 1099776K
  class space    used 7761K, capacity 8201K, committed 8232K, reserved 1048576K
Event: 13.517 GC heap after
Heap after GC invocations=17 (full 2):
 PSYoungGen      total 109056K, used 12818K [0x00000000e0000000, 0x00000000e8100000, 0x0000000100000000)
  eden space 91648K, 0% used [0x00000000e0000000,0x00000000e0000000,0x00000000e5980000)
  from space 17408K, 73% used [0x00000000e5980000,0x00000000e6604a58,0x00000000e6a80000)
  to   space 14336K, 0% used [0x00000000e6a80000,0x00000000e6a80000,0x00000000e7880000)
 ParOldGen       total 97792K, used 27473K [0x00000000a0000000, 0x00000000a5f80000, 0x00000000e0000000)
  object space 97792K, 28% used [0x00000000a0000000,0x00000000a1ad4428,0x00000000a5f80000)
 Metaspace       used 57087K, capacity 59104K, committed 59160K, reserved 1099776K
  class space    used 7761K, capacity 8201K, committed 8232K, reserved 1048576K
}
Event: 13.517 GC heap before
{Heap before GC invocations=18 (full 3):
 PSYoungGen      total 109056K, used 12818K [0x00000000e0000000, 0x00000000e8100000, 0x0000000100000000)
  eden space 91648K, 0% used [0x00000000e0000000,0x00000000e0000000,0x00000000e5980000)
  from space 17408K, 73% used [0x00000000e5980000,0x00000000e6604a58,0x00000000e6a80000)
  to   space 14336K, 0% used [0x00000000e6a80000,0x00000000e6a80000,0x00000000e7880000)
 ParOldGen       total 97792K, used 27473K [0x00000000a0000000, 0x00000000a5f80000, 0x00000000e0000000)
  object space 97792K, 28% used [0x00000000a0000000,0x00000000a1ad4428,0x00000000a5f80000)
 Metaspace       used 57087K, capacity 59104K, committed 59160K, reserved 1099776K
  class space    used 7761K, capacity 8201K, committed 8232K, reserved 1048576K
Event: 13.751 GC heap after
Heap after GC invocations=18 (full 3):
 PSYoungGen      total 109056K, used 0K [0x00000000e0000000, 0x00000000e8100000, 0x0000000100000000)
  eden space 91648K, 0% used [0x00000000e0000000,0x00000000e0000000,0x00000000e5980000)
  from space 17408K, 0% used [0x00000000e5980000,0x00000000e5980000,0x00000000e6a80000)
  to   space 14336K, 0% used [0x00000000e6a80000,0x00000000e6a80000,0x00000000e7880000)
 ParOldGen       total 97792K, used 31923K [0x00000000a0000000, 0x00000000a5f80000, 0x00000000e0000000)
  object space 97792K, 32% used [0x00000000a0000000,0x00000000a1f2cd98,0x00000000a5f80000)
 Metaspace       used 57028K, capacity 58902K, committed 59160K, reserved 1099776K
  class space    used 7743K, capacity 8174K, committed 8232K, reserved 1048576K
}

Deoptimization events (10 events):
Event: 13.424 Thread 0x000000001af30000 Uncommon trap: reason=predicate action=maybe_recompile pc=0x0000000003a1b7f8 method=java.util.AbstractCollection.toArray([Ljava/lang/Object;)[Ljava/lang/Object; @ 49
Event: 13.756 Thread 0x000000001af30000 Uncommon trap: reason=array_check action=maybe_recompile pc=0x0000000003a63f30 method=java.util.AbstractCollection.toArray([Ljava/lang/Object;)[Ljava/lang/Object; @ 119
Event: 13.760 Thread 0x000000001af30000 Uncommon trap: reason=array_check action=maybe_recompile pc=0x0000000003a63f30 method=java.util.AbstractCollection.toArray([Ljava/lang/Object;)[Ljava/lang/Object; @ 119
Event: 13.763 Thread 0x000000001af30000 Uncommon trap: reason=array_check action=maybe_recompile pc=0x0000000003a63f30 method=java.util.AbstractCollection.toArray([Ljava/lang/Object;)[Ljava/lang/Object; @ 119
Event: 13.763 Thread 0x000000001af30000 Uncommon trap: reason=array_check action=maybe_recompile pc=0x0000000003a63f30 method=java.util.AbstractCollection.toArray([Ljava/lang/Object;)[Ljava/lang/Object; @ 119
Event: 13.931 Thread 0x000000001af30000 Uncommon trap: reason=null_check action=make_not_entrant pc=0x0000000002c0b2e4 method=java.lang.Class.isAnnotation()Z @ 1
Event: 14.088 Thread 0x000000001af30000 Uncommon trap: reason=unstable_if action=reinterpret pc=0x0000000003af73d8 method=org.objectweb.asm.Type.getType(Ljava/lang/Class;)Lorg/objectweb/asm/Type; @ 33
Event: 14.088 Thread 0x000000001af30000 Uncommon trap: reason=unstable_if action=reinterpret pc=0x0000000003a2fa68 method=org.objectweb.asm.Type.getArgumentsAndReturnSizes(Ljava/lang/String;)I @ 109
Event: 14.088 Thread 0x000000001af30000 Uncommon trap: reason=unstable_if action=reinterpret pc=0x00000000033ae3c8 method=org.objectweb.asm.Type.getArgumentsAndReturnSizes(Ljava/lang/String;)I @ 109
Event: 14.218 Thread 0x000000001af30000 Uncommon trap: reason=class_check action=maybe_recompile pc=0x0000000003589f40 method=java.lang.Throwable.<init>(Ljava/lang/String;Ljava/lang/Throwable;)V @ 24

Classes redefined (0 events):
No events

Internal exceptions (10 events):
Event: 14.245 Thread 0x000000001af30000 Exception <a 'java/lang/ClassNotFoundException': org/gradle/plugins/ide/idea/model/IdeaModule_DecoratedBeanInfo> (0x00000000e338a348) thrown at [D:\src\AOSP-openjdk-cygwin\jdk8u\hotspot\src\share\vm\classfile\systemDictionary.cpp, line 210]
Event: 14.246 Thread 0x000000001af30000 Exception <a 'java/lang/ClassNotFoundException': org/gradle/plugins/ide/idea/model/IdeaModuleBeanInfo> (0x00000000e33b3300) thrown at [D:\src\AOSP-openjdk-cygwin\jdk8u\hotspot\src\share\vm\classfile\systemDictionary.cpp, line 210]
Event: 14.246 Thread 0x000000001af30000 Exception <a 'java/lang/ClassNotFoundException': org/gradle/plugins/ide/idea/model/IdeaModuleCustomizer> (0x00000000e33dcdd0) thrown at [D:\src\AOSP-openjdk-cygwin\jdk8u\hotspot\src\share\vm\classfile\systemDictionary.cpp, line 210]
Event: 14.249 Thread 0x000000001af30000 Exception <a 'java/lang/ClassNotFoundException': org/gradle/plugins/ide/idea/model/IdeaModule_DecoratedCustomizer> (0x00000000e3484300) thrown at [D:\src\AOSP-openjdk-cygwin\jdk8u\hotspot\src\share\vm\classfile\systemDictionary.cpp, line 210]
Event: 14.255 Thread 0x000000001af30000 Exception <a 'java/lang/ClassNotFoundException': org/jetbrains/plugins/gradle/tooling/util/SourceSetCachedFinder$1BeanInfo> (0x00000000e356f498) thrown at [D:\src\AOSP-openjdk-cygwin\jdk8u\hotspot\src\share\vm\classfile\systemDictionary.cpp, line 210]
Event: 14.255 Thread 0x000000001af30000 Exception <a 'java/lang/ClassNotFoundException': org/jetbrains/plugins/gradle/tooling/util/SourceSetCachedFinder$1Customizer> (0x00000000e35844e8) thrown at [D:\src\AOSP-openjdk-cygwin\jdk8u\hotspot\src\share\vm\classfile\systemDictionary.cpp, line 210]
Event: 14.257 Thread 0x000000001af30000 Exception <a 'java/lang/ClassNotFoundException': org/jetbrains/plugins/gradle/tooling/util/SourceSetCachedFinder$2BeanInfo> (0x00000000e35cbcd8) thrown at [D:\src\AOSP-openjdk-cygwin\jdk8u\hotspot\src\share\vm\classfile\systemDictionary.cpp, line 210]
Event: 14.258 Thread 0x000000001af30000 Exception <a 'java/lang/ClassNotFoundException': org/jetbrains/plugins/gradle/tooling/util/SourceSetCachedFinder$2Customizer> (0x00000000e35e0d28) thrown at [D:\src\AOSP-openjdk-cygwin\jdk8u\hotspot\src\share\vm\classfile\systemDictionary.cpp, line 210]
Event: 14.259 Thread 0x000000001af30000 Exception <a 'java/lang/ClassNotFoundException': org/jetbrains/plugins/gradle/tooling/util/SourceSetCachedFinderBeanInfo> (0x00000000e3620c30) thrown at [D:\src\AOSP-openjdk-cygwin\jdk8u\hotspot\src\share\vm\classfile\systemDictionary.cpp, line 210]
Event: 14.260 Thread 0x000000001af30000 Exception <a 'java/lang/ClassNotFoundException': org/jetbrains/plugins/gradle/tooling/util/SourceSetCachedFinderCustomizer> (0x00000000e3635218) thrown at [D:\src\AOSP-openjdk-cygwin\jdk8u\hotspot\src\share\vm\classfile\systemDictionary.cpp, line 210]

Events (10 events):
Event: 14.296 Thread 0x0000000016709000 flushing nmethod 0x000000000376bc50
Event: 14.296 Thread 0x0000000016709000 flushing nmethod 0x0000000003794e90
Event: 14.296 Thread 0x0000000016709000 flushing nmethod 0x00000000037a0fd0
Event: 14.298 loading class org/gradle/api/internal/artifacts/ivyservice/modulecache/artifacts/AbstractArtifactsCache$ModuleArtifactsCacheEntry
Event: 14.298 loading class org/gradle/api/internal/artifacts/ivyservice/modulecache/artifacts/AbstractArtifactsCache$ModuleArtifactsCacheEntry done
Event: 14.298 loading class org/gradle/api/internal/artifacts/ivyservice/modulecache/artifacts/DefaultCachedArtifacts
Event: 14.298 loading class org/gradle/api/internal/artifacts/ivyservice/modulecache/artifacts/DefaultCachedArtifacts done
Event: 14.299 Thread 0x0000000018527000 flushing nmethod 0x00000000037b0790
Event: 14.299 Thread 0x0000000018527000 flushing nmethod 0x00000000037b0d50
Event: 14.299 Thread 0x0000000018527000 flushing nmethod 0x00000000037d7950


Dynamic libraries:
0x00007ff735cf0000 - 0x00007ff735d21000 	C:\Program Files\Android\Android Studio\jre\bin\java.exe
0x00007ffec3100000 - 0x00007ffec32f0000 	C:\WINDOWS\SYSTEM32\ntdll.dll
0x00007ffec2e70000 - 0x00007ffec2f22000 	C:\WINDOWS\System32\KERNEL32.DLL
0x00007ffec04b0000 - 0x00007ffec0753000 	C:\WINDOWS\System32\KERNELBASE.dll
0x00007ffec2ab0000 - 0x00007ffec2b53000 	C:\WINDOWS\System32\ADVAPI32.dll
0x00007ffec17a0000 - 0x00007ffec183e000 	C:\WINDOWS\System32\msvcrt.dll
0x00007ffec1870000 - 0x00007ffec1907000 	C:\WINDOWS\System32\sechost.dll
0x00007ffec15a0000 - 0x00007ffec16c0000 	C:\WINDOWS\System32\RPCRT4.dll
0x00007ffec1350000 - 0x00007ffec14e4000 	C:\WINDOWS\System32\USER32.dll
0x00007ffec0090000 - 0x00007ffec00b1000 	C:\WINDOWS\System32\win32u.dll
0x00007ffec3090000 - 0x00007ffec30b6000 	C:\WINDOWS\System32\GDI32.dll
0x00007ffec1010000 - 0x00007ffec11a4000 	C:\WINDOWS\System32\gdi32full.dll
0x00007ffec03e0000 - 0x00007ffec047e000 	C:\WINDOWS\System32\msvcp_win.dll
0x00007ffec02e0000 - 0x00007ffec03da000 	C:\WINDOWS\System32\ucrtbase.dll
0x00007ffea8de0000 - 0x00007ffea9065000 	C:\WINDOWS\WinSxS\amd64_microsoft.windows.common-controls_6595b64144ccf1df_6.0.18362.720_none_e6beb5c51314836b\COMCTL32.dll
0x00007ffec1970000 - 0x00007ffec1ca6000 	C:\WINDOWS\System32\combase.dll
0x00007ffec0f90000 - 0x00007ffec1010000 	C:\WINDOWS\System32\bcryptPrimitives.dll
0x00007ffec1840000 - 0x00007ffec186e000 	C:\WINDOWS\System32\IMM32.DLL
0x0000000063d00000 - 0x0000000063dd2000 	C:\Program Files\Android\Android Studio\jre\jre\bin\msvcr100.dll
0x0000000063de0000 - 0x0000000064626000 	C:\Program Files\Android\Android Studio\jre\jre\bin\server\jvm.dll
0x00007ffec16c0000 - 0x00007ffec16c8000 	C:\WINDOWS\System32\PSAPI.DLL
0x00007ffebd8f0000 - 0x00007ffebd914000 	C:\WINDOWS\SYSTEM32\WINMM.dll
0x00007ffeaaf20000 - 0x00007ffeaaf29000 	C:\WINDOWS\SYSTEM32\WSOCK32.dll
0x00007ffeb0c50000 - 0x00007ffeb0c5a000 	C:\WINDOWS\SYSTEM32\VERSION.dll
0x00007ffec23a0000 - 0x00007ffec240f000 	C:\WINDOWS\System32\WS2_32.dll
0x00007ffebd890000 - 0x00007ffebd8bd000 	C:\WINDOWS\SYSTEM32\winmmbase.dll
0x00007ffec0290000 - 0x00007ffec02da000 	C:\WINDOWS\System32\cfgmgr32.dll
0x00007ffeba0f0000 - 0x00007ffeba0ff000 	C:\Program Files\Android\Android Studio\jre\jre\bin\verify.dll
0x00007ffeb9e40000 - 0x00007ffeb9e69000 	C:\Program Files\Android\Android Studio\jre\jre\bin\java.dll
0x00007ffeb9df0000 - 0x00007ffeb9e06000 	C:\Program Files\Android\Android Studio\jre\jre\bin\zip.dll
0x00007ffec1cb0000 - 0x00007ffec2395000 	C:\WINDOWS\System32\SHELL32.dll
0x00007ffec14f0000 - 0x00007ffec1599000 	C:\WINDOWS\System32\shcore.dll
0x00007ffec0760000 - 0x00007ffec0ee0000 	C:\WINDOWS\System32\windows.storage.dll
0x00007ffebfff0000 - 0x00007ffec0013000 	C:\WINDOWS\System32\profapi.dll
0x00007ffec0020000 - 0x00007ffec006a000 	C:\WINDOWS\System32\powrprof.dll
0x00007ffebffc0000 - 0x00007ffebffd0000 	C:\WINDOWS\System32\UMPDC.dll
0x00007ffec1910000 - 0x00007ffec1962000 	C:\WINDOWS\System32\shlwapi.dll
0x00007ffec0070000 - 0x00007ffec0081000 	C:\WINDOWS\System32\kernel.appcore.dll
0x00007ffec0210000 - 0x00007ffec0227000 	C:\WINDOWS\System32\cryptsp.dll
0x00007ffea4e50000 - 0x00007ffea4e6a000 	C:\Program Files\Android\Android Studio\jre\jre\bin\net.dll
0x00007ffeaf060000 - 0x00007ffeaf235000 	C:\WINDOWS\SYSTEM32\urlmon.dll
0x00007ffeaf3c0000 - 0x00007ffeaf666000 	C:\WINDOWS\SYSTEM32\iertutil.dll
0x00007ffebf9a0000 - 0x00007ffebf9ac000 	C:\WINDOWS\SYSTEM32\CRYPTBASE.DLL
0x00007ffebf7d0000 - 0x00007ffebf837000 	C:\WINDOWS\system32\mswsock.dll
0x00007ffea1c10000 - 0x00007ffea1c23000 	C:\Program Files\Android\Android Studio\jre\jre\bin\nio.dll
0x00007ffe9c7b0000 - 0x00007ffe9c7d6000 	C:\Users\saksh\.gradle\native\30\windows-amd64\native-platform.dll
0x00007ffeaf240000 - 0x00007ffeaf24d000 	C:\Program Files\Android\Android Studio\jre\jre\bin\management.dll
0x00007ffebf340000 - 0x00007ffebf373000 	C:\WINDOWS\system32\rsaenh.dll
0x00007ffec0480000 - 0x00007ffec04a6000 	C:\WINDOWS\System32\bcrypt.dll
0x00007ffebfee0000 - 0x00007ffebff05000 	C:\WINDOWS\SYSTEM32\USERENV.dll
0x00007ffebf4e0000 - 0x00007ffebf51a000 	C:\WINDOWS\SYSTEM32\IPHLPAPI.DLL
0x00007ffec2cc0000 - 0x00007ffec2cc8000 	C:\WINDOWS\System32\NSI.dll
0x00007ffeb6100000 - 0x00007ffeb6116000 	C:\WINDOWS\SYSTEM32\dhcpcsvc6.DLL
0x00007ffeb79b0000 - 0x00007ffeb79cc000 	C:\WINDOWS\SYSTEM32\dhcpcsvc.DLL
0x00007ffebf520000 - 0x00007ffebf5ea000 	C:\WINDOWS\SYSTEM32\DNSAPI.dll

VM Arguments:
jvm_args: -Xmx1536m -Dfile.encoding=windows-1252 -Duser.country=IN -Duser.language=en -Duser.variant 
java_command: org.gradle.launcher.daemon.bootstrap.GradleDaemon 5.6.4
java_class_path (initial): C:\Users\saksh\.gradle\wrapper\dists\gradle-5.6.4-all\ankdp27end7byghfw1q2sw75f\gradle-5.6.4\lib\gradle-launcher-5.6.4.jar
Launcher Type: SUN_STANDARD

Environment Variables:
PATH=C:\app\saksh\product\11.2.0\dbhome_2\bin;C:\Program Files (x86)\Common Files\Oracle\Java\javapath;C:\Program Files (x86)\Intel\iCLS Client\;C:\Program Files\Intel\iCLS Client\;C:\WINDOWS\system32;C:\WINDOWS;C:\WINDOWS\System32\Wbem;C:\WINDOWS\System32\WindowsPowerShell\v1.0\;C:\WINDOWS\System32\OpenSSH\;C:\Program Files (x86)\Intel\Intel(R) Management Engine Components\DAL;C:\Program Files\Intel\Intel(R) Management Engine Components\DAL;C:\Program Files (x86)\Intel\Intel(R) Management Engine Components\IPT;C:\Program Files\Intel\Intel(R) Management Engine Components\IPT;C:\Program Files\PuTTY\;C:\Program Files\nodejs\;C:\Program Files\Git\cmd;C:\Users\saksh\AppData\Local\Microsoft\WindowsApps;C:\Users\saksh\instantclient-basiclite-windows.x64-19.3.0.0.0dbru;C:\Users\saksh\AppData\Roaming\npm
USERNAME=saksh
OS=Windows_NT
PROCESSOR_IDENTIFIER=Intel64 Family 6 Model 142 Stepping 10, GenuineIntel



---------------  S Y S T E M  ---------------

OS: Windows 10.0 , 64 bit Build 18362 (10.0.18362.329)

CPU:total 8 (initial active 8) (4 cores per cpu, 2 threads per core) family 6 model 142 stepping 10, cmov, cx8, fxsr, mmx, sse, sse2, sse3, ssse3, sse4.1, sse4.2, popcnt, avx, avx2, aes, clmul, erms, 3dnowpref, lzcnt, ht, tsc, tscinvbit, bmi1, bmi2, adx

Memory: 4k page, physical 8295652k(2029900k free), swap 8295652k(5728k free)

vm_info: OpenJDK 64-Bit Server VM (25.212-b04) for windows-amd64 JRE (1.8.0_212-release-1586-b04), built by "builder" with MS VC++ 10.0 (VS2010)

time: Sat Apr 11 23:49:59 2020
timezone: India Standard Time
elapsed time: 14 seconds (0d 0h 0m 14s)

