#
# There is insufficient memory for the Java Runtime Environment to continue.
# Native memory allocation (malloc) failed to allocate 780016 bytes for Chunk::new
# Possible reasons:
#   The system is out of physical RAM or swap space
#   The process is running with CompressedOops enabled, and the Java Heap may be blocking the growth of the native heap
# Possible solutions:
#   Reduce memory load on the system
#   Increase physical memory or swap space
#   Check if swap backing store is full
#   Decrease Java heap size (-Xmx/-Xms)
#   Decrease number of Java threads
#   Decrease Java thread stack sizes (-Xss)
#   Set larger code cache with -XX:ReservedCodeCacheSize=
#   JVM is running with Unscaled Compressed Oops mode in which the Java heap is
#     placed in the first 4GB address space. The Java Heap base address is the
#     maximum limit for the native heap growth. Please use -XX:HeapBaseMinAddress
#     to set the Java Heap base and to place the Java Heap above 4GB virtual address.
# This output file may be truncated or incomplete.
#
#  Out of Memory Error (allocation.cpp:389), pid=16116, tid=0x0000000000000a8c
#
# JRE version: OpenJDK Runtime Environment (8.0_212-b04) (build 1.8.0_212-release-1586-b04)
# Java VM: OpenJDK 64-Bit Server VM (25.212-b04 mixed mode windows-amd64 compressed oops)
# Failed to write core dump. Minidumps are not enabled by default on client versions of Windows
#

---------------  T H R E A D  ---------------

Current thread (0x00000000182c1000):  JavaThread "C2 CompilerThread1" daemon [_thread_in_native, id=2700, stack(0x0000000018c90000,0x0000000018d90000)]

Stack: [0x0000000018c90000,0x0000000018d90000]
[error occurred during error reporting (printing stack bounds), id 0xc0000005]

Native frames: (J=compiled Java code, j=interpreted, Vv=VM code, C=native code)


Current CompileTask:
C2:   3521 1397       4       java.net.URLClassLoader$1::run (5 bytes)


---------------  P R O C E S S  ---------------

Java Threads: ( => current thread )
  0x0000000019d37000 JavaThread "Cache worker for journal cache (C:\Users\saksh\.gradle\caches\journal-1)" [_thread_blocked, id=5888, stack(0x000000001ceb0000,0x000000001cfb0000)]
  0x0000000019d35800 JavaThread "File lock request listener" [_thread_in_native, id=14008, stack(0x000000001cdb0000,0x000000001ceb0000)]
  0x000000001a925800 JavaThread "Cache worker for file hash cache (C:\Users\saksh\.gradle\caches\5.6.4\fileHashes)" [_thread_blocked, id=9988, stack(0x000000001ccb0000,0x000000001cdb0000)]
  0x000000001ae2a000 JavaThread "Thread-9" [_thread_blocked, id=6964, stack(0x000000001cbb0000,0x000000001ccb0000)]
  0x000000001ae29000 JavaThread "Stdin handler" [_thread_blocked, id=15984, stack(0x000000001cab0000,0x000000001cbb0000)]
  0x000000001aeb0000 JavaThread "Asynchronous log dispatcher for DefaultDaemonConnection: socket connection from /127.0.0.1:50745 to /127.0.0.1:50746" [_thread_blocked, id=15752, stack(0x000000001c8b0000,0x000000001c9b0000)]
  0x000000001ae0b000 JavaThread "Daemon worker" [_thread_in_Java, id=14176, stack(0x000000001c7b0000,0x000000001c8b0000)]
  0x000000001ae76000 JavaThread "Cancel handler" [_thread_blocked, id=11880, stack(0x000000001c6b0000,0x000000001c7b0000)]
  0x0000000019c9b800 JavaThread "Handler for socket connection from /127.0.0.1:50745 to /127.0.0.1:50746" [_thread_in_native, id=7188, stack(0x000000001c3b0000,0x000000001c4b0000)]
  0x0000000019de2000 JavaThread "Daemon" [_thread_blocked, id=13808, stack(0x000000001c2b0000,0x000000001c3b0000)]
  0x000000001adde000 JavaThread "Daemon periodic checks" [_thread_blocked, id=9048, stack(0x000000001c1b0000,0x000000001c2b0000)]
  0x000000001ad84000 JavaThread "Incoming local TCP Connector on port 50745" [_thread_in_native, id=10512, stack(0x000000001bf70000,0x000000001c070000)]
  0x0000000019197800 JavaThread "Daemon health stats" [_thread_blocked, id=9840, stack(0x000000001b930000,0x000000001ba30000)]
  0x0000000018356000 JavaThread "Service Thread" daemon [_thread_blocked, id=8440, stack(0x0000000018f90000,0x0000000019090000)]
  0x00000000164ce000 JavaThread "C1 CompilerThread3" daemon [_thread_blocked, id=15544, stack(0x0000000018e90000,0x0000000018f90000)]
  0x00000000182c4000 JavaThread "C2 CompilerThread2" daemon [_thread_blocked, id=6488, stack(0x0000000018d90000,0x0000000018e90000)]
=>0x00000000182c1000 JavaThread "C2 CompilerThread1" daemon [_thread_in_native, id=2700, stack(0x0000000018c90000,0x0000000018d90000)]
  0x00000000182be000 JavaThread "C2 CompilerThread0" daemon [_thread_blocked, id=16216, stack(0x0000000018b90000,0x0000000018c90000)]
  0x00000000182bb800 JavaThread "Attach Listener" daemon [_thread_blocked, id=2388, stack(0x0000000018a90000,0x0000000018b90000)]
  0x00000000182c5800 JavaThread "Signal Dispatcher" daemon [_thread_blocked, id=17220, stack(0x0000000018990000,0x0000000018a90000)]
  0x00000000026fe000 JavaThread "Finalizer" daemon [_thread_blocked, id=9624, stack(0x0000000018790000,0x0000000018890000)]
  0x00000000026f5000 JavaThread "Reference Handler" daemon [_thread_blocked, id=17152, stack(0x0000000018690000,0x0000000018790000)]
  0x00000000025fe800 JavaThread "main" [_thread_blocked, id=15928, stack(0x00000000024c0000,0x00000000025c0000)]

Other Threads:
  0x00000000164b8000 VMThread [stack: 0x0000000018190000,0x0000000018290000] [id=16152]
  0x0000000018356800 WatcherThread [stack: 0x0000000019090000,0x0000000019190000] [id=12836]

VM state:not at safepoint (normal execution)

VM Mutex/Monitor currently owned by a thread: None

heap address: 0x00000000a0000000, size: 1536 MB, Compressed Oops mode: 32-bit
Narrow klass base: 0x0000000000000000, Narrow klass shift: 3
Compressed class space size: 1073741824 Address: 0x0000000100000000

Heap:
 PSYoungGen      total 38400K, used 36117K [0x00000000e0000000, 0x00000000e2a80000, 0x0000000100000000)
  eden space 33280K, 93% used [0x00000000e0000000,0x00000000e1e4d668,0x00000000e2080000)
  from space 5120K, 99% used [0x00000000e2080000,0x00000000e2578020,0x00000000e2580000)
  to   space 5120K, 0% used [0x00000000e2580000,0x00000000e2580000,0x00000000e2a80000)
 ParOldGen       total 87552K, used 1605K [0x00000000a0000000, 0x00000000a5580000, 0x00000000e0000000)
  object space 87552K, 1% used [0x00000000a0000000,0x00000000a0191558,0x00000000a5580000)
 Metaspace       used 14578K, capacity 14976K, committed 15232K, reserved 1062912K
  class space    used 2041K, capacity 2160K, committed 2176K, reserved 1048576K

Card table byte_map: [0x0000000011ac0000,0x0000000011dd0000] byte_map_base: 0x00000000115c0000

Marking Bits: (ParMarkBitMap*) 0x000000005bd49f30
 Begin Bits: [0x00000000127d0000, 0x0000000013fd0000)
 End Bits:   [0x0000000013fd0000, 0x00000000157d0000)

Polling page: 0x0000000000c70000

CodeCache: size=245760Kb used=5059Kb max_used=5059Kb free=240700Kb
 bounds [0x0000000002700000, 0x0000000002c00000, 0x0000000011700000]
 total_blobs=1809 nmethods=1426 adapters=296
 compilation: enabled

Compilation events (10 events):
Event: 3.464 Thread 0x00000000164ce000 nmethod 1410 0x0000000002be2350 code [0x0000000002be24a0, 0x0000000002be25b0]
Event: 3.464 Thread 0x00000000164ce000 1411       1       sun.reflect.generics.tree.SimpleClassTypeSignature::getDollar (5 bytes)
Event: 3.464 Thread 0x00000000164ce000 nmethod 1411 0x0000000002be2610 code [0x0000000002be2760, 0x0000000002be2870]
Event: 3.468 Thread 0x00000000182c4000 nmethod 1402 0x0000000002be6290 code [0x0000000002be6420, 0x0000000002be71c8]
Event: 3.476 Thread 0x00000000182be000 1413       4       java.util.jar.Attributes$Name::hashCode (24 bytes)
Event: 3.482 Thread 0x00000000182be000 nmethod 1413 0x0000000002be2a50 code [0x0000000002be2ba0, 0x0000000002be2e78]
Event: 3.492 Thread 0x00000000164ce000 1414   !   3       org.gradle.internal.classloader.TransformingClassLoader::findClass (203 bytes)
Event: 3.495 Thread 0x00000000164ce000 nmethod 1414 0x0000000002be7a50 code [0x0000000002be7f00, 0x0000000002beacb8]
Event: 3.495 Thread 0x00000000164ce000 1415       3       org.gradle.initialization.MixInLegacyTypesClassLoader::shouldTransform (42 bytes)
Event: 3.496 Thread 0x00000000164ce000 nmethod 1415 0x0000000002be5750 code [0x0000000002be58e0, 0x0000000002be5d38]

GC Heap History (6 events):
Event: 1.172 GC heap before
{Heap before GC invocations=1 (full 0):
 PSYoungGen      total 38400K, used 33280K [0x00000000e0000000, 0x00000000e2a80000, 0x0000000100000000)
  eden space 33280K, 100% used [0x00000000e0000000,0x00000000e2080000,0x00000000e2080000)
  from space 5120K, 0% used [0x00000000e2580000,0x00000000e2580000,0x00000000e2a80000)
  to   space 5120K, 0% used [0x00000000e2080000,0x00000000e2080000,0x00000000e2580000)
 ParOldGen       total 87552K, used 0K [0x00000000a0000000, 0x00000000a5580000, 0x00000000e0000000)
  object space 87552K, 0% used [0x00000000a0000000,0x00000000a0000000,0x00000000a5580000)
 Metaspace       used 7012K, capacity 7276K, committed 7424K, reserved 1056768K
  class space    used 857K, capacity 940K, committed 1024K, reserved 1048576K
Event: 1.179 GC heap after
Heap after GC invocations=1 (full 0):
 PSYoungGen      total 38400K, used 4363K [0x00000000e0000000, 0x00000000e2a80000, 0x0000000100000000)
  eden space 33280K, 0% used [0x00000000e0000000,0x00000000e0000000,0x00000000e2080000)
  from space 5120K, 85% used [0x00000000e2080000,0x00000000e24c2f40,0x00000000e2580000)
  to   space 5120K, 0% used [0x00000000e2580000,0x00000000e2580000,0x00000000e2a80000)
 ParOldGen       total 87552K, used 8K [0x00000000a0000000, 0x00000000a5580000, 0x00000000e0000000)
  object space 87552K, 0% used [0x00000000a0000000,0x00000000a0002000,0x00000000a5580000)
 Metaspace       used 7012K, capacity 7276K, committed 7424K, reserved 1056768K
  class space    used 857K, capacity 940K, committed 1024K, reserved 1048576K
}
Event: 1.587 GC heap before
{Heap before GC invocations=2 (full 0):
 PSYoungGen      total 38400K, used 37643K [0x00000000e0000000, 0x00000000e2a80000, 0x0000000100000000)
  eden space 33280K, 100% used [0x00000000e0000000,0x00000000e2080000,0x00000000e2080000)
  from space 5120K, 85% used [0x00000000e2080000,0x00000000e24c2f40,0x00000000e2580000)
  to   space 5120K, 0% used [0x00000000e2580000,0x00000000e2580000,0x00000000e2a80000)
 ParOldGen       total 87552K, used 8K [0x00000000a0000000, 0x00000000a5580000, 0x00000000e0000000)
  object space 87552K, 0% used [0x00000000a0000000,0x00000000a0002000,0x00000000a5580000)
 Metaspace       used 7357K, capacity 7590K, committed 7680K, reserved 1056768K
  class space    used 911K, capacity 981K, committed 1024K, reserved 1048576K
Event: 1.592 GC heap after
Heap after GC invocations=2 (full 0):
 PSYoungGen      total 38400K, used 3521K [0x00000000e0000000, 0x00000000e2a80000, 0x0000000100000000)
  eden space 33280K, 0% used [0x00000000e0000000,0x00000000e0000000,0x00000000e2080000)
  from space 5120K, 68% used [0x00000000e2580000,0x00000000e28f0510,0x00000000e2a80000)
  to   space 5120K, 0% used [0x00000000e2080000,0x00000000e2080000,0x00000000e2580000)
 ParOldGen       total 87552K, used 16K [0x00000000a0000000, 0x00000000a5580000, 0x00000000e0000000)
  object space 87552K, 0% used [0x00000000a0000000,0x00000000a0004000,0x00000000a5580000)
 Metaspace       used 7357K, capacity 7590K, committed 7680K, reserved 1056768K
  class space    used 911K, capacity 981K, committed 1024K, reserved 1048576K
}
Event: 3.161 GC heap before
{Heap before GC invocations=3 (full 0):
 PSYoungGen      total 38400K, used 36801K [0x00000000e0000000, 0x00000000e2a80000, 0x0000000100000000)
  eden space 33280K, 100% used [0x00000000e0000000,0x00000000e2080000,0x00000000e2080000)
  from space 5120K, 68% used [0x00000000e2580000,0x00000000e28f0510,0x00000000e2a80000)
  to   space 5120K, 0% used [0x00000000e2080000,0x00000000e2080000,0x00000000e2580000)
 ParOldGen       total 87552K, used 16K [0x00000000a0000000, 0x00000000a5580000, 0x00000000e0000000)
  object space 87552K, 0% used [0x00000000a0000000,0x00000000a0004000,0x00000000a5580000)
 Metaspace       used 12405K, capacity 12758K, committed 12928K, reserved 1060864K
  class space    used 1677K, capacity 1803K, committed 1920K, reserved 1048576K
Event: 3.171 GC heap after
Heap after GC invocations=3 (full 0):
 PSYoungGen      total 38400K, used 5088K [0x00000000e0000000, 0x00000000e2a80000, 0x0000000100000000)
  eden space 33280K, 0% used [0x00000000e0000000,0x00000000e0000000,0x00000000e2080000)
  from space 5120K, 99% used [0x00000000e2080000,0x00000000e2578020,0x00000000e2580000)
  to   space 5120K, 0% used [0x00000000e2580000,0x00000000e2580000,0x00000000e2a80000)
 ParOldGen       total 87552K, used 1605K [0x00000000a0000000, 0x00000000a5580000, 0x00000000e0000000)
  object space 87552K, 1% used [0x00000000a0000000,0x00000000a0191558,0x00000000a5580000)
 Metaspace       used 12405K, capacity 12758K, committed 12928K, reserved 1060864K
  class space    used 1677K, capacity 1803K, committed 1920K, reserved 1048576K
}

Deoptimization events (10 events):
Event: 3.072 Thread 0x000000001ae0b000 Uncommon trap: reason=bimorphic action=maybe_recompile pc=0x0000000002935310 method=java.util.HashMap.putVal(ILjava/lang/Object;Ljava/lang/Object;ZZ)Ljava/lang/Object; @ 253
Event: 3.072 Thread 0x000000001ae0b000 Uncommon trap: reason=class_check action=maybe_recompile pc=0x000000000293535c method=java.util.HashMap.putVal(ILjava/lang/Object;Ljava/lang/Object;ZZ)Ljava/lang/Object; @ 203
Event: 3.073 Thread 0x000000001ae0b000 Uncommon trap: reason=class_check action=maybe_recompile pc=0x000000000293535c method=java.util.HashMap.putVal(ILjava/lang/Object;Ljava/lang/Object;ZZ)Ljava/lang/Object; @ 203
Event: 3.073 Thread 0x000000001ae0b000 Uncommon trap: reason=bimorphic action=maybe_recompile pc=0x0000000002935310 method=java.util.HashMap.putVal(ILjava/lang/Object;Ljava/lang/Object;ZZ)Ljava/lang/Object; @ 253
Event: 3.073 Thread 0x000000001ae0b000 Uncommon trap: reason=bimorphic action=maybe_recompile pc=0x0000000002935310 method=java.util.HashMap.putVal(ILjava/lang/Object;Ljava/lang/Object;ZZ)Ljava/lang/Object; @ 253
Event: 3.073 Thread 0x000000001ae0b000 Uncommon trap: reason=bimorphic action=maybe_recompile pc=0x00000000029396d0 method=java.util.HashMap.putVal(ILjava/lang/Object;Ljava/lang/Object;ZZ)Ljava/lang/Object; @ 253
Event: 3.324 Thread 0x000000001ae0b000 Uncommon trap: reason=class_check action=maybe_recompile pc=0x00000000029d4758 method=java.util.regex.Matcher.match(II)Z @ 86
Event: 3.342 Thread 0x000000001ae0b000 Uncommon trap: reason=class_check action=maybe_recompile pc=0x00000000029d4758 method=java.util.regex.Matcher.match(II)Z @ 86
Event: 3.342 Thread 0x000000001ae0b000 Uncommon trap: reason=class_check action=maybe_recompile pc=0x00000000029d4758 method=java.util.regex.Matcher.match(II)Z @ 86
Event: 3.343 Thread 0x000000001ae0b000 Uncommon trap: reason=class_check action=maybe_recompile pc=0x000000000286fe5c method=java.util.regex.Matcher.match(II)Z @ 86

Classes redefined (0 events):
No events

Internal exceptions (10 events):
Event: 3.006 Thread 0x0000000019c9b800 Exception <a 'java/lang/NoSuchMethodError': <clinit>> (0x00000000e17a03a8) thrown at [D:\src\AOSP-openjdk-cygwin\jdk8u\hotspot\src\share\vm\prims\jni.cpp, line 1614]
Event: 3.008 Thread 0x0000000019c9b800 Exception <a 'java/lang/NoSuchMethodError': <clinit>> (0x00000000e17b5b08) thrown at [D:\src\AOSP-openjdk-cygwin\jdk8u\hotspot\src\share\vm\prims\jni.cpp, line 1614]
Event: 3.012 Thread 0x0000000019c9b800 Exception <a 'java/lang/NoSuchMethodError': <clinit>> (0x00000000e17c8c58) thrown at [D:\src\AOSP-openjdk-cygwin\jdk8u\hotspot\src\share\vm\prims\jni.cpp, line 1614]
Event: 3.016 Thread 0x0000000019c9b800 Exception <a 'java/lang/NoSuchMethodError': <clinit>> (0x00000000e17f0048) thrown at [D:\src\AOSP-openjdk-cygwin\jdk8u\hotspot\src\share\vm\prims\jni.cpp, line 1614]
Event: 3.018 Thread 0x0000000019c9b800 Exception <a 'java/lang/NoSuchMethodError': <clinit>> (0x00000000e1808018) thrown at [D:\src\AOSP-openjdk-cygwin\jdk8u\hotspot\src\share\vm\prims\jni.cpp, line 1614]
Event: 3.019 Thread 0x0000000019c9b800 Exception <a 'java/lang/NoSuchMethodError': <clinit>> (0x00000000e1810ca8) thrown at [D:\src\AOSP-openjdk-cygwin\jdk8u\hotspot\src\share\vm\prims\jni.cpp, line 1614]
Event: 3.021 Thread 0x0000000019c9b800 Exception <a 'java/lang/NoSuchMethodError': <clinit>> (0x00000000e18272d8) thrown at [D:\src\AOSP-openjdk-cygwin\jdk8u\hotspot\src\share\vm\prims\jni.cpp, line 1614]
Event: 3.033 Thread 0x0000000019c9b800 Exception <a 'java/lang/NoSuchMethodError': <clinit>> (0x00000000e18904a0) thrown at [D:\src\AOSP-openjdk-cygwin\jdk8u\hotspot\src\share\vm\prims\jni.cpp, line 1614]
Event: 3.038 Thread 0x0000000019c9b800 Exception <a 'java/lang/NoSuchMethodError': <clinit>> (0x00000000e18bcf88) thrown at [D:\src\AOSP-openjdk-cygwin\jdk8u\hotspot\src\share\vm\prims\jni.cpp, line 1614]
Event: 3.041 Thread 0x0000000019c9b800 Exception <a 'java/lang/NoSuchMethodError': <clinit>> (0x00000000e18da908) thrown at [D:\src\AOSP-openjdk-cygwin\jdk8u\hotspot\src\share\vm\prims\jni.cpp, line 1614]

Events (10 events):
Event: 3.497 loading class org/gradle/api/internal/artifacts/ivyservice/ivyresolve/ComponentResolvers
Event: 3.497 loading class org/gradle/api/internal/artifacts/ivyservice/ivyresolve/ComponentResolvers done
Event: 3.497 loading class org/gradle/api/internal/artifacts/ivyservice/ivyresolve/ResolveIvyFactory
Event: 3.497 loading class org/gradle/api/internal/artifacts/ivyservice/ivyresolve/ResolveIvyFactory done
Event: 3.498 loading class org/gradle/api/internal/artifacts/ivyservice/ivyresolve/strategy/VersionParser
Event: 3.498 loading class org/gradle/api/internal/artifacts/ivyservice/ivyresolve/strategy/VersionParser done
Event: 3.499 loading class org/gradle/internal/component/external/model/ModuleComponentArtifactMetadata
Event: 3.499 loading class org/gradle/internal/component/external/model/ModuleComponentArtifactMetadata done
Event: 3.499 loading class org/gradle/internal/component/model/ComponentArtifactMetadata
Event: 3.499 loading class org/gradle/internal/component/model/ComponentArtifactMetadata done


Dynamic libraries:
0x00007ff69e910000 - 0x00007ff69e941000 	C:\Program Files\Android\Android Studio\jre\bin\java.exe
0x00007ff883e60000 - 0x00007ff884050000 	C:\WINDOWS\SYSTEM32\ntdll.dll
0x00007ff8828b0000 - 0x00007ff882962000 	C:\WINDOWS\System32\KERNEL32.DLL
0x00007ff881950000 - 0x00007ff881bf3000 	C:\WINDOWS\System32\KERNELBASE.dll
0x00007ff882ad0000 - 0x00007ff882b73000 	C:\WINDOWS\System32\ADVAPI32.dll
0x00007ff883ab0000 - 0x00007ff883b4e000 	C:\WINDOWS\System32\msvcrt.dll
0x00007ff883a10000 - 0x00007ff883aa7000 	C:\WINDOWS\System32\sechost.dll
0x00007ff881f10000 - 0x00007ff882030000 	C:\WINDOWS\System32\RPCRT4.dll
0x00007ff883bb0000 - 0x00007ff883d44000 	C:\WINDOWS\System32\USER32.dll
0x00007ff881d30000 - 0x00007ff881d51000 	C:\WINDOWS\System32\win32u.dll
0x00007ff882030000 - 0x00007ff882056000 	C:\WINDOWS\System32\GDI32.dll
0x00007ff880f10000 - 0x00007ff8810a4000 	C:\WINDOWS\System32\gdi32full.dll
0x00007ff880df0000 - 0x00007ff880e8e000 	C:\WINDOWS\System32\msvcp_win.dll
0x00007ff881c00000 - 0x00007ff881cfa000 	C:\WINDOWS\System32\ucrtbase.dll
0x00007ff86a150000 - 0x00007ff86a3d5000 	C:\WINDOWS\WinSxS\amd64_microsoft.windows.common-controls_6595b64144ccf1df_6.0.18362.720_none_e6beb5c51314836b\COMCTL32.dll
0x00007ff883340000 - 0x00007ff883676000 	C:\WINDOWS\System32\combase.dll
0x00007ff880e90000 - 0x00007ff880f10000 	C:\WINDOWS\System32\bcryptPrimitives.dll
0x00007ff882b80000 - 0x00007ff882bae000 	C:\WINDOWS\System32\IMM32.DLL
0x000000005afd0000 - 0x000000005b0a2000 	C:\Program Files\Android\Android Studio\jre\jre\bin\msvcr100.dll
0x000000005b580000 - 0x000000005bdc6000 	C:\Program Files\Android\Android Studio\jre\jre\bin\server\jvm.dll
0x00007ff883950000 - 0x00007ff883958000 	C:\WINDOWS\System32\PSAPI.DLL
0x00007ff87e540000 - 0x00007ff87e564000 	C:\WINDOWS\SYSTEM32\WINMM.dll
0x00007ff86bab0000 - 0x00007ff86bab9000 	C:\WINDOWS\SYSTEM32\WSOCK32.dll
0x00007ff86f110000 - 0x00007ff86f11a000 	C:\WINDOWS\SYSTEM32\VERSION.dll
0x00007ff882e60000 - 0x00007ff882ecf000 	C:\WINDOWS\System32\WS2_32.dll
0x00007ff87e300000 - 0x00007ff87e32d000 	C:\WINDOWS\SYSTEM32\WINMMBASE.dll
0x00007ff8810b0000 - 0x00007ff8810fa000 	C:\WINDOWS\System32\cfgmgr32.dll
0x00007ff872830000 - 0x00007ff87283f000 	C:\Program Files\Android\Android Studio\jre\jre\bin\verify.dll
0x00007ff868a20000 - 0x00007ff868a49000 	C:\Program Files\Android\Android Studio\jre\jre\bin\java.dll
0x00007ff86aae0000 - 0x00007ff86aaf6000 	C:\Program Files\Android\Android Studio\jre\jre\bin\zip.dll
0x00007ff8820c0000 - 0x00007ff8827a5000 	C:\WINDOWS\System32\SHELL32.dll
0x00007ff8837c0000 - 0x00007ff883869000 	C:\WINDOWS\System32\shcore.dll
0x00007ff881120000 - 0x00007ff8818a0000 	C:\WINDOWS\System32\windows.storage.dll
0x00007ff880dc0000 - 0x00007ff880de3000 	C:\WINDOWS\System32\profapi.dll
0x00007ff880d70000 - 0x00007ff880dba000 	C:\WINDOWS\System32\powrprof.dll
0x00007ff880d20000 - 0x00007ff880d30000 	C:\WINDOWS\System32\UMPDC.dll
0x00007ff882060000 - 0x00007ff8820b2000 	C:\WINDOWS\System32\shlwapi.dll
0x00007ff880d50000 - 0x00007ff880d61000 	C:\WINDOWS\System32\kernel.appcore.dll
0x00007ff881100000 - 0x00007ff881117000 	C:\WINDOWS\System32\cryptsp.dll
0x00007ff868a00000 - 0x00007ff868a1a000 	C:\Program Files\Android\Android Studio\jre\jre\bin\net.dll
0x00007ff86ffe0000 - 0x00007ff8701b5000 	C:\WINDOWS\SYSTEM32\urlmon.dll
0x00007ff8702e0000 - 0x00007ff870586000 	C:\WINDOWS\SYSTEM32\iertutil.dll
0x00007ff880700000 - 0x00007ff88070c000 	C:\WINDOWS\SYSTEM32\CRYPTBASE.DLL
0x00007ff880530000 - 0x00007ff880597000 	C:\WINDOWS\system32\mswsock.dll
0x00007ff8689d0000 - 0x00007ff8689e3000 	C:\Program Files\Android\Android Studio\jre\jre\bin\nio.dll
0x00007ff871c60000 - 0x00007ff871c86000 	C:\Users\saksh\.gradle\native\30\windows-amd64\native-platform.dll
0x00007ff868990000 - 0x00007ff86899d000 	C:\Program Files\Android\Android Studio\jre\jre\bin\management.dll
0x00007ff8800a0000 - 0x00007ff8800d3000 	C:\WINDOWS\system32\rsaenh.dll
0x00007ff881d00000 - 0x00007ff881d26000 	C:\WINDOWS\System32\bcrypt.dll
0x00007ff880c10000 - 0x00007ff880c35000 	C:\WINDOWS\SYSTEM32\USERENV.dll
0x00007ff880240000 - 0x00007ff88027a000 	C:\WINDOWS\SYSTEM32\IPHLPAPI.DLL
0x00007ff882830000 - 0x00007ff882838000 	C:\WINDOWS\System32\NSI.dll
0x00007ff874540000 - 0x00007ff874556000 	C:\WINDOWS\SYSTEM32\dhcpcsvc6.DLL
0x00007ff874580000 - 0x00007ff87459c000 	C:\WINDOWS\SYSTEM32\dhcpcsvc.DLL
0x00007ff880280000 - 0x00007ff88034a000 	C:\WINDOWS\SYSTEM32\DNSAPI.dll

VM Arguments:
jvm_args: -Xmx1536m -Dfile.encoding=windows-1252 -Duser.country=IN -Duser.language=en -Duser.variant 
java_command: org.gradle.launcher.daemon.bootstrap.GradleDaemon 5.6.4
java_class_path (initial): C:\Users\saksh\.gradle\wrapper\dists\gradle-5.6.4-all\ankdp27end7byghfw1q2sw75f\gradle-5.6.4\lib\gradle-launcher-5.6.4.jar
Launcher Type: SUN_STANDARD

Environment Variables:
PATH=C:\app\saksh\product\11.2.0\dbhome_2\bin;C:\Program Files (x86)\Common Files\Oracle\Java\javapath;C:\Program Files (x86)\Intel\iCLS Client\;C:\Program Files\Intel\iCLS Client\;C:\WINDOWS\system32;C:\WINDOWS;C:\WINDOWS\System32\Wbem;C:\WINDOWS\System32\WindowsPowerShell\v1.0\;C:\WINDOWS\System32\OpenSSH\;C:\Program Files (x86)\Intel\Intel(R) Management Engine Components\DAL;C:\Program Files\Intel\Intel(R) Management Engine Components\DAL;C:\Program Files (x86)\Intel\Intel(R) Management Engine Components\IPT;C:\Program Files\Intel\Intel(R) Management Engine Components\IPT;C:\Program Files\PuTTY\;C:\Program Files\nodejs\;C:\Program Files\Git\cmd;C:\Users\saksh\AppData\Local\Microsoft\WindowsApps;C:\Users\saksh\instantclient-basiclite-windows.x64-19.3.0.0.0dbru;C:\Users\saksh\AppData\Roaming\npm
USERNAME=saksh
OS=Windows_NT
PROCESSOR_IDENTIFIER=Intel64 Family 6 Model 142 Stepping 10, GenuineIntel



---------------  S Y S T E M  ---------------

OS: Windows 10.0 , 64 bit Build 18362 (10.0.18362.329)

CPU:total 8 (initial active 8) (4 cores per cpu, 2 threads per core) family 6 model 142 stepping 10, cmov, cx8, fxsr, mmx, sse, sse2, sse3, ssse3, sse4.1, sse4.2, popcnt, avx, avx2, aes, clmul, erms, 3dnowpref, lzcnt, ht, tsc, tscinvbit, bmi1, bmi2, adx

Memory: 4k page, physical 8295652k(1862236k free), swap 8295652k(5264k free)

vm_info: OpenJDK 64-Bit Server VM (25.212-b04) for windows-amd64 JRE (1.8.0_212-release-1586-b04), built by "builder" with MS VC++ 10.0 (VS2010)

time: Fri Apr 10 20:25:15 2020
timezone: India Standard Time
elapsed time: 3 seconds (0d 0h 0m 3s)

